<?xml version="1.0" encoding="UTF-8"?>
<coverage generated="1774386851054" clover="3.2.0">
  <project timestamp="1774386851054" name="All files">
    <metrics statements="255" coveredstatements="242" conditionals="74" coveredconditionals="66" methods="78" coveredmethods="72" elements="407" coveredelements="380" complexity="0" loc="255" ncloc="255" packages="4" files="15" classes="15"/>
    <package name="app">
      <metrics statements="24" coveredstatements="21" conditionals="12" coveredconditionals="10" methods="4" coveredmethods="3"/>
      <file name="logger.ts" path="C:\apps\new-hydra\gate\app\logger.ts">
        <metrics statements="2" coveredstatements="2" conditionals="4" coveredconditionals="4" methods="0" coveredmethods="0"/>
        <line num="3" count="3" type="stmt"/>
        <line num="5" count="3" type="stmt"/>
      </file>
      <file name="settings.service.ts" path="C:\apps\new-hydra\gate\app\settings.service.ts">
        <metrics statements="9" coveredstatements="6" conditionals="2" coveredconditionals="1" methods="1" coveredmethods="0"/>
        <line num="4" count="2" type="stmt"/>
        <line num="6" count="2" type="stmt"/>
        <line num="18" count="2" type="stmt"/>
        <line num="20" count="2" type="cond" truecount="1" falsecount="1"/>
        <line num="21" count="0" type="stmt"/>
        <line num="22" count="0" type="stmt"/>
        <line num="23" count="0" type="stmt"/>
        <line num="26" count="2" type="stmt"/>
        <line num="28" count="2" type="stmt"/>
      </file>
      <file name="socket-rate-limit.ts" path="C:\apps\new-hydra\gate\app\socket-rate-limit.ts">
        <metrics statements="13" coveredstatements="13" conditionals="6" coveredconditionals="5" methods="3" coveredmethods="3"/>
        <line num="8" count="1" type="stmt"/>
        <line num="16" count="12" type="stmt"/>
        <line num="17" count="12" type="stmt"/>
        <line num="18" count="12" type="stmt"/>
        <line num="20" count="12" type="cond" truecount="4" falsecount="0"/>
        <line num="21" count="6" type="stmt"/>
        <line num="22" count="6" type="stmt"/>
        <line num="25" count="6" type="stmt"/>
        <line num="26" count="6" type="stmt"/>
        <line num="30" count="5" type="stmt"/>
        <line num="31" count="5" type="stmt"/>
        <line num="32" count="4" type="cond" truecount="1" falsecount="1"/>
        <line num="33" count="4" type="stmt"/>
      </file>
    </package>
    <package name="app.models">
      <metrics statements="14" coveredstatements="10" conditionals="0" coveredconditionals="0" methods="4" coveredmethods="0"/>
      <file name="index.ts" path="C:\apps\new-hydra\gate\app\models\index.ts">
        <metrics statements="1" coveredstatements="1" conditionals="0" coveredconditionals="0" methods="0" coveredmethods="0"/>
        <line num="13" count="2" type="stmt"/>
      </file>
      <file name="messages.schema.ts" path="C:\apps\new-hydra\gate\app\models\messages.schema.ts">
        <metrics statements="3" coveredstatements="2" conditionals="0" coveredconditionals="0" methods="1" coveredmethods="0"/>
        <line num="3" count="2" type="stmt"/>
        <line num="7" count="0" type="stmt"/>
        <line num="15" count="2" type="stmt"/>
      </file>
      <file name="permissions.schema.ts" path="C:\apps\new-hydra\gate\app\models\permissions.schema.ts">
        <metrics statements="3" coveredstatements="2" conditionals="0" coveredconditionals="0" methods="1" coveredmethods="0"/>
        <line num="3" count="2" type="stmt"/>
        <line num="7" count="0" type="stmt"/>
        <line num="14" count="2" type="stmt"/>
      </file>
      <file name="roles.schema.ts" path="C:\apps\new-hydra\gate\app\models\roles.schema.ts">
        <metrics statements="3" coveredstatements="2" conditionals="0" coveredconditionals="0" methods="1" coveredmethods="0"/>
        <line num="3" count="2" type="stmt"/>
        <line num="7" count="0" type="stmt"/>
        <line num="15" count="2" type="stmt"/>
      </file>
      <file name="users.schema.ts" path="C:\apps\new-hydra\gate\app\models\users.schema.ts">
        <metrics statements="4" coveredstatements="3" conditionals="0" coveredconditionals="0" methods="1" coveredmethods="0"/>
        <line num="3" count="2" type="stmt"/>
        <line num="9" count="2" type="stmt"/>
        <line num="13" count="0" type="stmt"/>
        <line num="25" count="2" type="stmt"/>
      </file>
    </package>
    <package name="app.socket-handlers.general">
      <metrics statements="69" coveredstatements="65" conditionals="28" coveredconditionals="23" methods="10" coveredmethods="10"/>
      <file name="disconnect.handler.ts" path="C:\apps\new-hydra\gate\app\socket-handlers\general\disconnect.handler.ts">
        <metrics statements="5" coveredstatements="5" conditionals="2" coveredconditionals="2" methods="1" coveredmethods="1"/>
        <line num="4" count="1" type="stmt"/>
        <line num="7" count="2" type="stmt"/>
        <line num="8" count="2" type="cond" truecount="2" falsecount="0"/>
        <line num="9" count="1" type="stmt"/>
        <line num="11" count="1" type="stmt"/>
      </file>
      <file name="login.handler.ts" path="C:\apps\new-hydra\gate\app\socket-handlers\general\login.handler.ts">
        <metrics statements="18" coveredstatements="18" conditionals="8" coveredconditionals="7" methods="2" coveredmethods="2"/>
        <line num="7" count="1" type="stmt"/>
        <line num="10" count="4" type="stmt"/>
        <line num="12" count="4" type="cond" truecount="2" falsecount="0"/>
        <line num="13" count="1" type="stmt"/>
        <line num="16" count="3" type="stmt"/>
        <line num="17" count="4" type="cond" truecount="1" falsecount="1"/>
        <line num="19" count="3" type="stmt"/>
        <line num="27" count="3" type="cond" truecount="2" falsecount="0"/>
        <line num="28" count="1" type="stmt"/>
        <line num="31" count="1" type="stmt"/>
        <line num="34" count="2" type="stmt"/>
        <line num="36" count="2" type="cond" truecount="2" falsecount="0"/>
        <line num="37" count="1" type="stmt"/>
        <line num="40" count="1" type="stmt"/>
        <line num="43" count="1" type="stmt"/>
        <line num="45" count="1" type="stmt"/>
        <line num="46" count="1" type="stmt"/>
        <line num="48" count="1" type="stmt"/>
      </file>
      <file name="logout.handler.ts" path="C:\apps\new-hydra\gate\app\socket-handlers\general\logout.handler.ts">
        <metrics statements="15" coveredstatements="15" conditionals="6" coveredconditionals="5" methods="2" coveredmethods="2"/>
        <line num="4" count="1" type="stmt"/>
        <line num="7" count="5" type="stmt"/>
        <line num="9" count="5" type="stmt"/>
        <line num="11" count="5" type="cond" truecount="2" falsecount="0"/>
        <line num="12" count="1" type="stmt"/>
        <line num="15" count="4" type="stmt"/>
        <line num="17" count="4" type="stmt"/>
        <line num="18" count="5" type="cond" truecount="1" falsecount="1"/>
        <line num="20" count="4" type="stmt"/>
        <line num="24" count="4" type="cond" truecount="2" falsecount="0"/>
        <line num="25" count="1" type="stmt"/>
        <line num="28" count="1" type="stmt"/>
        <line num="32" count="3" type="stmt"/>
        <line num="33" count="3" type="stmt"/>
        <line num="35" count="3" type="stmt"/>
      </file>
      <file name="register.handler.ts" path="C:\apps\new-hydra\gate\app\socket-handlers\general\register.handler.ts">
        <metrics statements="21" coveredstatements="17" conditionals="8" coveredconditionals="5" methods="2" coveredmethods="2"/>
        <line num="7" count="1" type="stmt"/>
        <line num="10" count="4" type="stmt"/>
        <line num="11" count="4" type="stmt"/>
        <line num="13" count="4" type="cond" truecount="2" falsecount="0"/>
        <line num="14" count="1" type="stmt"/>
        <line num="17" count="3" type="stmt"/>
        <line num="18" count="4" type="cond" truecount="1" falsecount="1"/>
        <line num="20" count="3" type="stmt"/>
        <line num="28" count="3" type="cond" truecount="2" falsecount="0"/>
        <line num="29" count="1" type="stmt"/>
        <line num="32" count="1" type="stmt"/>
        <line num="35" count="2" type="stmt"/>
        <line num="36" count="2" type="stmt"/>
        <line num="38" count="2" type="stmt"/>
        <line num="53" count="2" type="stmt"/>
        <line num="54" count="2" type="stmt"/>
        <line num="56" count="0" type="cond" truecount="0" falsecount="2"/>
        <line num="57" count="0" type="stmt"/>
        <line num="60" count="0" type="stmt"/>
        <line num="62" count="0" type="stmt"/>
        <line num="65" count="2" type="stmt"/>
      </file>
      <file name="subscribe.handler.ts" path="C:\apps\new-hydra\gate\app\socket-handlers\general\subscribe.handler.ts">
        <metrics statements="5" coveredstatements="5" conditionals="2" coveredconditionals="2" methods="2" coveredmethods="2"/>
        <line num="5" count="1" type="stmt"/>
        <line num="8" count="2" type="stmt"/>
        <line num="10" count="2" type="cond" truecount="2" falsecount="0"/>
        <line num="11" count="1" type="stmt"/>
        <line num="14" count="2" type="stmt"/>
      </file>
      <file name="unsubscribe.handler.ts" path="C:\apps\new-hydra\gate\app\socket-handlers\general\unsubscribe.handler.ts">
        <metrics statements="5" coveredstatements="5" conditionals="2" coveredconditionals="2" methods="1" coveredmethods="1"/>
        <line num="4" count="1" type="stmt"/>
        <line num="7" count="2" type="stmt"/>
        <line num="9" count="2" type="cond" truecount="2" falsecount="0"/>
        <line num="10" count="1" type="stmt"/>
        <line num="13" count="1" type="stmt"/>
      </file>
    </package>
    <package name="app.subscriptions">
      <metrics statements="148" coveredstatements="146" conditionals="34" coveredconditionals="33" methods="60" coveredmethods="59"/>
      <file name="subscriptions.ts" path="C:\apps\new-hydra\gate\app\subscriptions\subscriptions.ts">
        <metrics statements="148" coveredstatements="146" conditionals="34" coveredconditionals="33" methods="60" coveredmethods="59"/>
        <line num="27" count="29" type="stmt"/>
        <line num="28" count="29" type="stmt"/>
        <line num="29" count="29" type="stmt"/>
        <line num="33" count="99" type="stmt"/>
        <line num="35" count="109" type="stmt"/>
        <line num="37" count="104" type="stmt"/>
        <line num="39" count="102" type="stmt"/>
        <line num="43" count="5" type="stmt"/>
        <line num="44" count="5" type="stmt"/>
        <line num="45" count="7" type="stmt"/>
        <line num="47" count="6" type="cond" truecount="2" falsecount="0"/>
        <line num="51" count="7" type="cond" truecount="2" falsecount="0"/>
        <line num="52" count="2" type="stmt"/>
        <line num="55" count="5" type="stmt"/>
        <line num="56" count="5" type="stmt"/>
        <line num="59" count="5" type="stmt"/>
        <line num="68" count="10" type="stmt"/>
        <line num="70" count="10" type="stmt"/>
        <line num="74" count="10" type="stmt"/>
        <line num="75" count="10" type="stmt"/>
        <line num="77" count="10" type="stmt"/>
        <line num="91" count="32" type="stmt"/>
        <line num="92" count="32" type="stmt"/>
        <line num="93" count="32" type="stmt"/>
        <line num="97" count="88" type="stmt"/>
        <line num="99" count="91" type="stmt"/>
        <line num="100" count="93" type="stmt"/>
        <line num="101" count="91" type="stmt"/>
        <line num="106" count="1" type="stmt"/>
        <line num="108" count="2" type="stmt"/>
        <line num="109" count="4" type="stmt"/>
        <line num="111" count="2" type="stmt"/>
        <line num="113" count="3" type="stmt"/>
        <line num="117" count="5" type="stmt"/>
        <line num="121" count="2" type="stmt"/>
        <line num="129" count="50" type="stmt"/>
        <line num="131" count="43" type="stmt"/>
        <line num="133" count="51" type="stmt"/>
        <line num="136" count="52" type="stmt"/>
        <line num="139" count="51" type="stmt"/>
        <line num="141" count="43" type="stmt"/>
        <line num="143" count="51" type="stmt"/>
        <line num="145" count="43" type="stmt"/>
        <line num="147" count="72" type="stmt"/>
        <line num="148" count="52" type="stmt"/>
        <line num="149" count="52" type="stmt"/>
        <line num="151" count="43" type="stmt"/>
        <line num="153" count="51" type="stmt"/>
        <line num="154" count="51" type="stmt"/>
        <line num="155" count="69" type="stmt"/>
        <line num="156" count="51" type="stmt"/>
        <line num="162" count="43" type="stmt"/>
        <line num="170" count="24" type="stmt"/>
        <line num="171" count="5" type="stmt"/>
        <line num="173" count="24" type="stmt"/>
        <line num="174" count="24" type="cond" truecount="2" falsecount="0"/>
        <line num="175" count="1" type="stmt"/>
        <line num="177" count="23" type="stmt"/>
        <line num="178" count="23" type="stmt"/>
        <line num="181" count="24" type="stmt"/>
        <line num="183" count="24" type="stmt"/>
        <line num="187" count="5" type="stmt"/>
        <line num="188" count="5" type="stmt"/>
        <line num="190" count="5" type="cond" truecount="2" falsecount="0"/>
        <line num="191" count="1" type="stmt"/>
        <line num="194" count="4" type="stmt"/>
        <line num="195" count="4" type="stmt"/>
        <line num="197" count="4" type="cond" truecount="2" falsecount="0"/>
        <line num="198" count="2" type="stmt"/>
        <line num="200" count="2" type="stmt"/>
        <line num="201" count="2" type="stmt"/>
        <line num="204" count="2" type="stmt"/>
        <line num="205" count="3" type="stmt"/>
        <line num="207" count="2" type="cond" truecount="2" falsecount="0"/>
        <line num="208" count="1" type="stmt"/>
        <line num="211" count="2" type="stmt"/>
        <line num="215" count="11" type="stmt"/>
        <line num="219" count="13" type="stmt"/>
        <line num="220" count="13" type="stmt"/>
        <line num="222" count="13" type="stmt"/>
        <line num="223" count="13" type="stmt"/>
        <line num="224" count="13" type="stmt"/>
        <line num="225" count="13" type="stmt"/>
        <line num="226" count="24" type="stmt"/>
        <line num="228" count="12" type="stmt"/>
        <line num="230" count="5" type="stmt"/>
        <line num="235" count="68" type="stmt"/>
        <line num="237" count="68" type="stmt"/>
        <line num="241" count="10" type="stmt"/>
        <line num="243" count="10" type="stmt"/>
        <line num="245" count="10" type="stmt"/>
        <line num="246" count="49" type="stmt"/>
        <line num="247" count="49" type="stmt"/>
        <line num="248" count="49" type="stmt"/>
        <line num="249" count="49" type="stmt"/>
        <line num="250" count="49" type="cond" truecount="2" falsecount="0"/>
        <line num="251" count="7" type="stmt"/>
        <line num="252" count="7" type="stmt"/>
        <line num="254" count="42" type="stmt"/>
        <line num="255" count="42" type="stmt"/>
        <line num="256" count="16" type="stmt"/>
        <line num="257" count="19" type="cond" truecount="2" falsecount="0"/>
        <line num="258" count="13" type="stmt"/>
        <line num="262" count="42" type="stmt"/>
        <line num="264" count="12" type="stmt"/>
        <line num="266" count="12" type="stmt"/>
        <line num="267" count="9" type="stmt"/>
        <line num="268" count="9" type="stmt"/>
        <line num="269" count="9" type="stmt"/>
        <line num="271" count="4" type="stmt"/>
        <line num="277" count="18" type="stmt"/>
        <line num="278" count="18" type="stmt"/>
        <line num="280" count="18" type="stmt"/>
        <line num="281" count="21" type="stmt"/>
        <line num="282" count="21" type="stmt"/>
        <line num="284" count="21" type="stmt"/>
        <line num="285" count="21" type="stmt"/>
        <line num="286" count="21" type="cond" truecount="4" falsecount="0"/>
        <line num="287" count="1" type="stmt"/>
        <line num="288" count="20" type="cond" truecount="4" falsecount="0"/>
        <line num="289" count="2" type="stmt"/>
        <line num="290" count="18" type="cond" truecount="4" falsecount="0"/>
        <line num="291" count="15" type="stmt"/>
        <line num="297" count="6" type="stmt"/>
        <line num="303" count="4" type="stmt"/>
        <line num="305" count="4" type="stmt"/>
        <line num="306" count="4" type="stmt"/>
        <line num="307" count="4" type="stmt"/>
        <line num="308" count="4" type="stmt"/>
        <line num="310" count="2" type="stmt"/>
        <line num="317" count="42" type="cond" truecount="2" falsecount="0"/>
        <line num="318" count="34" type="stmt"/>
        <line num="320" count="8" type="stmt"/>
        <line num="323" count="0" type="stmt"/>
        <line num="326" count="10" type="stmt"/>
        <line num="327" count="0" type="stmt"/>
        <line num="329" count="10" type="stmt"/>
        <line num="333" count="12" type="stmt"/>
        <line num="334" count="2" type="stmt"/>
        <line num="335" count="12" type="stmt"/>
        <line num="336" count="11" type="stmt"/>
        <line num="337" count="12" type="stmt"/>
        <line num="339" count="12" type="stmt"/>
        <line num="340" count="2" type="stmt"/>
        <line num="341" count="12" type="stmt"/>
        <line num="342" count="1" type="stmt"/>
        <line num="345" count="12" type="stmt"/>
        <line num="346" count="10" type="stmt"/>
      </file>
    </package>
  </project>
</coverage>
