{"C:\\apps\\new-hydra\\gate\\app\\logger.ts": {"path":"C:\\apps\\new-hydra\\gate\\app\\logger.ts","statementMap":{"0":{"start":{"line":3,"column":6},"end":{"line":3,"column":null}},"1":{"start":{"line":5,"column":6},"end":{"line":14,"column":2}}},"fnMap":{},"branchMap":{"0":{"loc":{"start":{"line":7,"column":9},"end":{"line":7,"column":null}},"type":"binary-expr","locations":[{"start":{"line":7,"column":9},"end":{"line":7,"column":34}},{"start":{"line":7,"column":34},"end":{"line":7,"column":null}}],"line":7},"1":{"loc":{"start":{"line":8,"column":6},"end":{"line":12,"column":null}},"type":"binary-expr","locations":[{"start":{"line":8,"column":6},"end":{"line":8,"column":15}},{"start":{"line":8,"column":15},"end":{"line":12,"column":null}}],"line":8}},"s":{"0":3,"1":3},"f":{},"b":{"0":[3,3],"1":[3,3]},"meta":{"lastBranch":2,"lastFunction":0,"lastStatement":2,"seen":{"s:3:6:3:Infinity":0,"s:5:6:14:2":1,"b:7:9:7:34:7:34:7:Infinity":0,"b:8:6:8:15:8:15:12:Infinity":1}}}
,"C:\\apps\\new-hydra\\gate\\app\\settings.service.ts": {"path":"C:\\apps\\new-hydra\\gate\\app\\settings.service.ts","statementMap":{"0":{"start":{"line":4,"column":0},"end":{"line":4,"column":null}},"1":{"start":{"line":6,"column":18},"end":{"line":16,"column":2}},"2":{"start":{"line":18,"column":15},"end":{"line":18,"column":47}},"3":{"start":{"line":20,"column":0},"end":{"line":23,"column":null}},"4":{"start":{"line":21,"column":2},"end":{"line":21,"column":null}},"5":{"start":{"line":22,"column":2},"end":{"line":22,"column":null}},"6":{"start":{"line":23,"column":2},"end":{"line":23,"column":null}},"7":{"start":{"line":26,"column":12},"end":{"line":26,"column":null}},"8":{"start":{"line":28,"column":13},"end":{"line":38,"column":null}},"9":{"start":{"line":28,"column":38},"end":{"line":38,"column":null}}},"fnMap":{"0":{"name":"(anonymous_0)","decl":{"start":{"line":28,"column":13},"end":{"line":28,"column":38}},"loc":{"start":{"line":28,"column":38},"end":{"line":38,"column":null}},"line":28}},"branchMap":{"0":{"loc":{"start":{"line":20,"column":0},"end":{"line":23,"column":null}},"type":"if","locations":[{"start":{"line":20,"column":0},"end":{"line":23,"column":null}},{"start":{},"end":{}}],"line":20}},"s":{"0":2,"1":2,"2":2,"3":2,"4":0,"5":0,"6":0,"7":2,"8":2,"9":0},"f":{"0":0},"b":{"0":[0,2]},"meta":{"lastBranch":1,"lastFunction":1,"lastStatement":10,"seen":{"s:4:0:4:Infinity":0,"s:6:18:16:2":1,"s:18:15:18:47":2,"b:20:0:23:Infinity:undefined:undefined:undefined:undefined":0,"s:20:0:23:Infinity":3,"s:21:2:21:Infinity":4,"s:22:2:22:Infinity":5,"s:23:2:23:Infinity":6,"s:26:12:26:Infinity":7,"s:28:13:38:Infinity":8,"f:28:13:28:38":0,"s:28:38:38:Infinity":9}}}
,"C:\\apps\\new-hydra\\gate\\app\\socket-rate-limit.ts": {"path":"C:\\apps\\new-hydra\\gate\\app\\socket-rate-limit.ts","statementMap":{"0":{"start":{"line":8,"column":15},"end":{"line":8,"column":48}},"1":{"start":{"line":16,"column":14},"end":{"line":16,"column":null}},"2":{"start":{"line":17,"column":14},"end":{"line":17,"column":24}},"3":{"start":{"line":18,"column":16},"end":{"line":18,"column":31}},"4":{"start":{"line":20,"column":2},"end":{"line":22,"column":null}},"5":{"start":{"line":21,"column":4},"end":{"line":21,"column":null}},"6":{"start":{"line":22,"column":4},"end":{"line":22,"column":null}},"7":{"start":{"line":25,"column":2},"end":{"line":25,"column":null}},"8":{"start":{"line":26,"column":2},"end":{"line":26,"column":null}},"9":{"start":{"line":30,"column":17},"end":{"line":30,"column":null}},"10":{"start":{"line":31,"column":2},"end":{"line":35,"column":null}},"11":{"start":{"line":32,"column":4},"end":{"line":33,"column":null}},"12":{"start":{"line":33,"column":6},"end":{"line":33,"column":null}}},"fnMap":{"0":{"name":"checkSocketRateLimit","decl":{"start":{"line":10,"column":16},"end":{"line":10,"column":null}},"loc":{"start":{"line":15,"column":11},"end":{"line":26,"column":null}},"line":15},"1":{"name":"clearSocketRateLimits","decl":{"start":{"line":29,"column":16},"end":{"line":29,"column":38}},"loc":{"start":{"line":29,"column":54},"end":{"line":35,"column":null}},"line":29},"2":{"name":"(anonymous_2)","decl":{"start":{"line":31,"column":9},"end":{"line":31,"column":18}},"loc":{"start":{"line":31,"column":29},"end":{"line":35,"column":null}},"line":31}},"branchMap":{"0":{"loc":{"start":{"line":20,"column":2},"end":{"line":22,"column":null}},"type":"if","locations":[{"start":{"line":20,"column":2},"end":{"line":22,"column":null}},{"start":{},"end":{}}],"line":20},"1":{"loc":{"start":{"line":20,"column":6},"end":{"line":20,"column":37}},"type":"binary-expr","locations":[{"start":{"line":20,"column":6},"end":{"line":20,"column":16}},{"start":{"line":20,"column":16},"end":{"line":20,"column":37}}],"line":20},"2":{"loc":{"start":{"line":32,"column":4},"end":{"line":33,"column":null}},"type":"if","locations":[{"start":{"line":32,"column":4},"end":{"line":33,"column":null}},{"start":{},"end":{}}],"line":32}},"s":{"0":1,"1":12,"2":12,"3":12,"4":12,"5":6,"6":6,"7":6,"8":6,"9":5,"10":5,"11":4,"12":4},"f":{"0":12,"1":5,"2":4},"b":{"0":[6,6],"1":[12,6],"2":[4,0]},"meta":{"lastBranch":3,"lastFunction":3,"lastStatement":13,"seen":{"s:8:15:8:48":0,"f:10:16:10:Infinity":0,"s:16:14:16:Infinity":1,"s:17:14:17:24":2,"s:18:16:18:31":3,"b:20:2:22:Infinity:undefined:undefined:undefined:undefined":0,"s:20:2:22:Infinity":4,"b:20:6:20:16:20:16:20:37":1,"s:21:4:21:Infinity":5,"s:22:4:22:Infinity":6,"s:25:2:25:Infinity":7,"s:26:2:26:Infinity":8,"f:29:16:29:38":1,"s:30:17:30:Infinity":9,"s:31:2:35:Infinity":10,"f:31:9:31:18":2,"b:32:4:33:Infinity:undefined:undefined:undefined:undefined":2,"s:32:4:33:Infinity":11,"s:33:6:33:Infinity":12}}}
,"C:\\apps\\new-hydra\\gate\\app\\models\\index.ts": {"path":"C:\\apps\\new-hydra\\gate\\app\\models\\index.ts","statementMap":{"0":{"start":{"line":13,"column":48},"end":{"line":30,"column":null}}},"fnMap":{},"branchMap":{},"s":{"0":2},"f":{},"b":{},"meta":{"lastBranch":0,"lastFunction":0,"lastStatement":1,"seen":{"s:13:48:30:Infinity":0}}}
,"C:\\apps\\new-hydra\\gate\\app\\models\\messages.schema.ts": {"path":"C:\\apps\\new-hydra\\gate\\app\\models\\messages.schema.ts","statementMap":{"0":{"start":{"line":3,"column":29},"end":{"line":13,"column":2}},"1":{"start":{"line":7,"column":19},"end":{"line":7,"column":null}},"2":{"start":{"line":15,"column":13},"end":{"line":15,"column":55}}},"fnMap":{"0":{"name":"(anonymous_0)","decl":{"start":{"line":7,"column":4},"end":{"line":7,"column":19}},"loc":{"start":{"line":7,"column":19},"end":{"line":7,"column":null}},"line":7}},"branchMap":{},"s":{"0":2,"1":0,"2":2},"f":{"0":0},"b":{},"meta":{"lastBranch":0,"lastFunction":1,"lastStatement":3,"seen":{"s:3:29:13:2":0,"f:7:4:7:19":0,"s:7:19:7:Infinity":1,"s:15:13:15:55":2}}}
,"C:\\apps\\new-hydra\\gate\\app\\models\\permissions.schema.ts": {"path":"C:\\apps\\new-hydra\\gate\\app\\models\\permissions.schema.ts","statementMap":{"0":{"start":{"line":3,"column":32},"end":{"line":12,"column":2}},"1":{"start":{"line":7,"column":19},"end":{"line":7,"column":null}},"2":{"start":{"line":14,"column":13},"end":{"line":14,"column":64}}},"fnMap":{"0":{"name":"(anonymous_0)","decl":{"start":{"line":7,"column":4},"end":{"line":7,"column":19}},"loc":{"start":{"line":7,"column":19},"end":{"line":7,"column":null}},"line":7}},"branchMap":{},"s":{"0":2,"1":0,"2":2},"f":{"0":0},"b":{},"meta":{"lastBranch":0,"lastFunction":1,"lastStatement":3,"seen":{"s:3:32:12:2":0,"f:7:4:7:19":0,"s:7:19:7:Infinity":1,"s:14:13:14:64":2}}}
,"C:\\apps\\new-hydra\\gate\\app\\models\\roles.schema.ts": {"path":"C:\\apps\\new-hydra\\gate\\app\\models\\roles.schema.ts","statementMap":{"0":{"start":{"line":3,"column":26},"end":{"line":13,"column":2}},"1":{"start":{"line":7,"column":19},"end":{"line":7,"column":null}},"2":{"start":{"line":15,"column":13},"end":{"line":15,"column":46}}},"fnMap":{"0":{"name":"(anonymous_0)","decl":{"start":{"line":7,"column":4},"end":{"line":7,"column":19}},"loc":{"start":{"line":7,"column":19},"end":{"line":7,"column":null}},"line":7}},"branchMap":{},"s":{"0":2,"1":0,"2":2},"f":{"0":0},"b":{},"meta":{"lastBranch":0,"lastFunction":1,"lastStatement":3,"seen":{"s:3:26:13:2":0,"f:7:4:7:19":0,"s:7:19:7:Infinity":1,"s:15:13:15:46":2}}}
,"C:\\apps\\new-hydra\\gate\\app\\models\\users.schema.ts": {"path":"C:\\apps\\new-hydra\\gate\\app\\models\\users.schema.ts","statementMap":{"0":{"start":{"line":3,"column":29},"end":{"line":7,"column":2}},"1":{"start":{"line":9,"column":26},"end":{"line":23,"column":2}},"2":{"start":{"line":13,"column":19},"end":{"line":13,"column":null}},"3":{"start":{"line":25,"column":13},"end":{"line":25,"column":46}}},"fnMap":{"0":{"name":"(anonymous_0)","decl":{"start":{"line":13,"column":4},"end":{"line":13,"column":19}},"loc":{"start":{"line":13,"column":19},"end":{"line":13,"column":null}},"line":13}},"branchMap":{},"s":{"0":2,"1":2,"2":0,"3":2},"f":{"0":0},"b":{},"meta":{"lastBranch":0,"lastFunction":1,"lastStatement":4,"seen":{"s:3:29:7:2":0,"s:9:26:23:2":1,"f:13:4:13:19":0,"s:13:19:13:Infinity":2,"s:25:13:25:46":3}}}
,"C:\\apps\\new-hydra\\gate\\app\\socket-handlers\\general\\disconnect.handler.ts": {"path":"C:\\apps\\new-hydra\\gate\\app\\socket-handlers\\general\\disconnect.handler.ts","statementMap":{"0":{"start":{"line":4,"column":48},"end":{"line":13,"column":null}},"1":{"start":{"line":7,"column":17},"end":{"line":7,"column":null}},"2":{"start":{"line":8,"column":4},"end":{"line":9,"column":null}},"3":{"start":{"line":9,"column":6},"end":{"line":9,"column":null}},"4":{"start":{"line":11,"column":4},"end":{"line":11,"column":null}}},"fnMap":{"0":{"name":"(anonymous_0)","decl":{"start":{"line":6,"column":2},"end":{"line":6,"column":12}},"loc":{"start":{"line":6,"column":44},"end":{"line":11,"column":null}},"line":6}},"branchMap":{"0":{"loc":{"start":{"line":8,"column":4},"end":{"line":9,"column":null}},"type":"if","locations":[{"start":{"line":8,"column":4},"end":{"line":9,"column":null}},{"start":{},"end":{}}],"line":8}},"s":{"0":1,"1":2,"2":2,"3":1,"4":1},"f":{"0":2},"b":{"0":[1,1]},"meta":{"lastBranch":1,"lastFunction":1,"lastStatement":5,"seen":{"s:4:48:13:Infinity":0,"f:6:2:6:12":0,"s:7:17:7:Infinity":1,"b:8:4:9:Infinity:undefined:undefined:undefined:undefined":0,"s:8:4:9:Infinity":2,"s:9:6:9:Infinity":3,"s:11:4:11:Infinity":4}}}
,"C:\\apps\\new-hydra\\gate\\app\\socket-handlers\\general\\login.handler.ts": {"path":"C:\\apps\\new-hydra\\gate\\app\\socket-handlers\\general\\login.handler.ts","statementMap":{"0":{"start":{"line":7,"column":43},"end":{"line":57,"column":null}},"1":{"start":{"line":10,"column":23},"end":{"line":10,"column":null}},"2":{"start":{"line":12,"column":4},"end":{"line":13,"column":null}},"3":{"start":{"line":13,"column":6},"end":{"line":13,"column":null}},"4":{"start":{"line":16,"column":22},"end":{"line":16,"column":null}},"5":{"start":{"line":16,"column":46},"end":{"line":16,"column":68}},"6":{"start":{"line":17,"column":4},"end":{"line":17,"column":null}},"7":{"start":{"line":17,"column":20},"end":{"line":17,"column":null}},"8":{"start":{"line":19,"column":17},"end":{"line":25,"column":6}},"9":{"start":{"line":27,"column":4},"end":{"line":31,"column":null}},"10":{"start":{"line":28,"column":6},"end":{"line":30,"column":null}},"11":{"start":{"line":31,"column":6},"end":{"line":31,"column":null}},"12":{"start":{"line":34,"column":23},"end":{"line":34,"column":68}},"13":{"start":{"line":36,"column":4},"end":{"line":40,"column":null}},"14":{"start":{"line":37,"column":6},"end":{"line":39,"column":null}},"15":{"start":{"line":40,"column":6},"end":{"line":40,"column":null}},"16":{"start":{"line":43,"column":10},"end":{"line":43,"column":49}},"17":{"start":{"line":45,"column":4},"end":{"line":45,"column":null}},"18":{"start":{"line":46,"column":4},"end":{"line":46,"column":null}},"19":{"start":{"line":48,"column":4},"end":{"line":55,"column":null}}},"fnMap":{"0":{"name":"(anonymous_0)","decl":{"start":{"line":9,"column":11},"end":{"line":9,"column":18}},"loc":{"start":{"line":9,"column":108},"end":{"line":55,"column":null}},"line":9},"1":{"name":"(anonymous_1)","decl":{"start":{"line":16,"column":33},"end":{"line":16,"column":38}},"loc":{"start":{"line":16,"column":46},"end":{"line":16,"column":68}},"line":16}},"branchMap":{"0":{"loc":{"start":{"line":12,"column":4},"end":{"line":13,"column":null}},"type":"if","locations":[{"start":{"line":12,"column":4},"end":{"line":13,"column":null}},{"start":{},"end":{}}],"line":12},"1":{"loc":{"start":{"line":17,"column":4},"end":{"line":17,"column":null}},"type":"if","locations":[{"start":{"line":17,"column":4},"end":{"line":17,"column":null}},{"start":{},"end":{}}],"line":17},"2":{"loc":{"start":{"line":27,"column":4},"end":{"line":31,"column":null}},"type":"if","locations":[{"start":{"line":27,"column":4},"end":{"line":31,"column":null}},{"start":{},"end":{}}],"line":27},"3":{"loc":{"start":{"line":36,"column":4},"end":{"line":40,"column":null}},"type":"if","locations":[{"start":{"line":36,"column":4},"end":{"line":40,"column":null}},{"start":{},"end":{}}],"line":36}},"s":{"0":1,"1":4,"2":4,"3":1,"4":3,"5":3,"6":4,"7":0,"8":3,"9":3,"10":1,"11":1,"12":2,"13":2,"14":1,"15":1,"16":1,"17":1,"18":1,"19":1},"f":{"0":4,"1":3},"b":{"0":[1,3],"1":[0,4],"2":[1,2],"3":[1,1]},"meta":{"lastBranch":4,"lastFunction":2,"lastStatement":20,"seen":{"s:7:43:57:Infinity":0,"f:9:11:9:18":0,"s:10:23:10:Infinity":1,"b:12:4:13:Infinity:undefined:undefined:undefined:undefined":0,"s:12:4:13:Infinity":2,"s:13:6:13:Infinity":3,"s:16:22:16:Infinity":4,"f:16:33:16:38":1,"s:16:46:16:68":5,"b:17:4:17:Infinity:undefined:undefined:undefined:undefined":1,"s:17:4:17:Infinity":6,"s:17:20:17:Infinity":7,"s:19:17:25:6":8,"b:27:4:31:Infinity:undefined:undefined:undefined:undefined":2,"s:27:4:31:Infinity":9,"s:28:6:30:Infinity":10,"s:31:6:31:Infinity":11,"s:34:23:34:68":12,"b:36:4:40:Infinity:undefined:undefined:undefined:undefined":3,"s:36:4:40:Infinity":13,"s:37:6:39:Infinity":14,"s:40:6:40:Infinity":15,"s:43:10:43:49":16,"s:45:4:45:Infinity":17,"s:46:4:46:Infinity":18,"s:48:4:55:Infinity":19}}}
,"C:\\apps\\new-hydra\\gate\\app\\socket-handlers\\general\\logout.handler.ts": {"path":"C:\\apps\\new-hydra\\gate\\app\\socket-handlers\\general\\logout.handler.ts","statementMap":{"0":{"start":{"line":4,"column":44},"end":{"line":39,"column":null}},"1":{"start":{"line":7,"column":23},"end":{"line":7,"column":null}},"2":{"start":{"line":9,"column":4},"end":{"line":9,"column":null}},"3":{"start":{"line":11,"column":4},"end":{"line":12,"column":null}},"4":{"start":{"line":12,"column":6},"end":{"line":12,"column":null}},"5":{"start":{"line":15,"column":4},"end":{"line":15,"column":null}},"6":{"start":{"line":17,"column":22},"end":{"line":17,"column":null}},"7":{"start":{"line":17,"column":46},"end":{"line":17,"column":68}},"8":{"start":{"line":18,"column":4},"end":{"line":18,"column":null}},"9":{"start":{"line":18,"column":20},"end":{"line":18,"column":null}},"10":{"start":{"line":20,"column":17},"end":{"line":22,"column":6}},"11":{"start":{"line":24,"column":4},"end":{"line":28,"column":null}},"12":{"start":{"line":25,"column":6},"end":{"line":27,"column":null}},"13":{"start":{"line":28,"column":6},"end":{"line":28,"column":null}},"14":{"start":{"line":32,"column":4},"end":{"line":32,"column":null}},"15":{"start":{"line":33,"column":4},"end":{"line":33,"column":null}},"16":{"start":{"line":35,"column":4},"end":{"line":37,"column":null}}},"fnMap":{"0":{"name":"(anonymous_0)","decl":{"start":{"line":6,"column":11},"end":{"line":6,"column":18}},"loc":{"start":{"line":6,"column":50},"end":{"line":37,"column":null}},"line":6},"1":{"name":"(anonymous_1)","decl":{"start":{"line":17,"column":33},"end":{"line":17,"column":38}},"loc":{"start":{"line":17,"column":46},"end":{"line":17,"column":68}},"line":17}},"branchMap":{"0":{"loc":{"start":{"line":11,"column":4},"end":{"line":12,"column":null}},"type":"if","locations":[{"start":{"line":11,"column":4},"end":{"line":12,"column":null}},{"start":{},"end":{}}],"line":11},"1":{"loc":{"start":{"line":18,"column":4},"end":{"line":18,"column":null}},"type":"if","locations":[{"start":{"line":18,"column":4},"end":{"line":18,"column":null}},{"start":{},"end":{}}],"line":18},"2":{"loc":{"start":{"line":24,"column":4},"end":{"line":28,"column":null}},"type":"if","locations":[{"start":{"line":24,"column":4},"end":{"line":28,"column":null}},{"start":{},"end":{}}],"line":24}},"s":{"0":1,"1":5,"2":5,"3":5,"4":1,"5":4,"6":4,"7":4,"8":5,"9":0,"10":4,"11":4,"12":1,"13":1,"14":3,"15":3,"16":3},"f":{"0":5,"1":4},"b":{"0":[1,4],"1":[0,5],"2":[1,3]},"meta":{"lastBranch":3,"lastFunction":2,"lastStatement":17,"seen":{"s:4:44:39:Infinity":0,"f:6:11:6:18":0,"s:7:23:7:Infinity":1,"s:9:4:9:Infinity":2,"b:11:4:12:Infinity:undefined:undefined:undefined:undefined":0,"s:11:4:12:Infinity":3,"s:12:6:12:Infinity":4,"s:15:4:15:Infinity":5,"s:17:22:17:Infinity":6,"f:17:33:17:38":1,"s:17:46:17:68":7,"b:18:4:18:Infinity:undefined:undefined:undefined:undefined":1,"s:18:4:18:Infinity":8,"s:18:20:18:Infinity":9,"s:20:17:22:6":10,"b:24:4:28:Infinity:undefined:undefined:undefined:undefined":2,"s:24:4:28:Infinity":11,"s:25:6:27:Infinity":12,"s:28:6:28:Infinity":13,"s:32:4:32:Infinity":14,"s:33:4:33:Infinity":15,"s:35:4:37:Infinity":16}}}
,"C:\\apps\\new-hydra\\gate\\app\\socket-handlers\\general\\register.handler.ts": {"path":"C:\\apps\\new-hydra\\gate\\app\\socket-handlers\\general\\register.handler.ts","statementMap":{"0":{"start":{"line":7,"column":46},"end":{"line":67,"column":null}},"1":{"start":{"line":10,"column":4},"end":{"line":10,"column":null}},"2":{"start":{"line":11,"column":23},"end":{"line":11,"column":null}},"3":{"start":{"line":13,"column":4},"end":{"line":14,"column":null}},"4":{"start":{"line":14,"column":6},"end":{"line":14,"column":null}},"5":{"start":{"line":17,"column":22},"end":{"line":17,"column":null}},"6":{"start":{"line":17,"column":46},"end":{"line":17,"column":68}},"7":{"start":{"line":18,"column":4},"end":{"line":18,"column":null}},"8":{"start":{"line":18,"column":20},"end":{"line":18,"column":null}},"9":{"start":{"line":20,"column":21},"end":{"line":26,"column":6}},"10":{"start":{"line":28,"column":4},"end":{"line":32,"column":null}},"11":{"start":{"line":29,"column":6},"end":{"line":31,"column":null}},"12":{"start":{"line":32,"column":6},"end":{"line":32,"column":null}},"13":{"start":{"line":35,"column":17},"end":{"line":35,"column":41}},"14":{"start":{"line":36,"column":17},"end":{"line":36,"column":50}},"15":{"start":{"line":38,"column":17},"end":{"line":50,"column":6}},"16":{"start":{"line":53,"column":4},"end":{"line":62,"column":null}},"17":{"start":{"line":54,"column":6},"end":{"line":54,"column":null}},"18":{"start":{"line":56,"column":6},"end":{"line":60,"column":null}},"19":{"start":{"line":57,"column":8},"end":{"line":59,"column":null}},"20":{"start":{"line":60,"column":8},"end":{"line":60,"column":null}},"21":{"start":{"line":62,"column":6},"end":{"line":62,"column":null}},"22":{"start":{"line":65,"column":4},"end":{"line":65,"column":null}}},"fnMap":{"0":{"name":"(anonymous_0)","decl":{"start":{"line":9,"column":11},"end":{"line":9,"column":18}},"loc":{"start":{"line":9,"column":136},"end":{"line":65,"column":null}},"line":9},"1":{"name":"(anonymous_1)","decl":{"start":{"line":17,"column":33},"end":{"line":17,"column":38}},"loc":{"start":{"line":17,"column":46},"end":{"line":17,"column":68}},"line":17}},"branchMap":{"0":{"loc":{"start":{"line":13,"column":4},"end":{"line":14,"column":null}},"type":"if","locations":[{"start":{"line":13,"column":4},"end":{"line":14,"column":null}},{"start":{},"end":{}}],"line":13},"1":{"loc":{"start":{"line":18,"column":4},"end":{"line":18,"column":null}},"type":"if","locations":[{"start":{"line":18,"column":4},"end":{"line":18,"column":null}},{"start":{},"end":{}}],"line":18},"2":{"loc":{"start":{"line":28,"column":4},"end":{"line":32,"column":null}},"type":"if","locations":[{"start":{"line":28,"column":4},"end":{"line":32,"column":null}},{"start":{},"end":{}}],"line":28},"3":{"loc":{"start":{"line":56,"column":6},"end":{"line":60,"column":null}},"type":"if","locations":[{"start":{"line":56,"column":6},"end":{"line":60,"column":null}},{"start":{},"end":{}}],"line":56}},"s":{"0":1,"1":4,"2":4,"3":4,"4":1,"5":3,"6":3,"7":4,"8":0,"9":3,"10":3,"11":1,"12":1,"13":2,"14":2,"15":2,"16":2,"17":2,"18":0,"19":0,"20":0,"21":0,"22":2},"f":{"0":4,"1":3},"b":{"0":[1,3],"1":[0,4],"2":[1,2],"3":[0,0]},"meta":{"lastBranch":4,"lastFunction":2,"lastStatement":23,"seen":{"s:7:46:67:Infinity":0,"f:9:11:9:18":0,"s:10:4:10:Infinity":1,"s:11:23:11:Infinity":2,"b:13:4:14:Infinity:undefined:undefined:undefined:undefined":0,"s:13:4:14:Infinity":3,"s:14:6:14:Infinity":4,"s:17:22:17:Infinity":5,"f:17:33:17:38":1,"s:17:46:17:68":6,"b:18:4:18:Infinity:undefined:undefined:undefined:undefined":1,"s:18:4:18:Infinity":7,"s:18:20:18:Infinity":8,"s:20:21:26:6":9,"b:28:4:32:Infinity:undefined:undefined:undefined:undefined":2,"s:28:4:32:Infinity":10,"s:29:6:31:Infinity":11,"s:32:6:32:Infinity":12,"s:35:17:35:41":13,"s:36:17:36:50":14,"s:38:17:50:6":15,"s:53:4:62:Infinity":16,"s:54:6:54:Infinity":17,"b:56:6:60:Infinity:undefined:undefined:undefined:undefined":3,"s:56:6:60:Infinity":18,"s:57:8:59:Infinity":19,"s:60:8:60:Infinity":20,"s:62:6:62:Infinity":21,"s:65:4:65:Infinity":22}}}
,"C:\\apps\\new-hydra\\gate\\app\\socket-handlers\\general\\subscribe.handler.ts": {"path":"C:\\apps\\new-hydra\\gate\\app\\socket-handlers\\general\\subscribe.handler.ts","statementMap":{"0":{"start":{"line":5,"column":47},"end":{"line":19,"column":null}},"1":{"start":{"line":8,"column":17},"end":{"line":8,"column":null}},"2":{"start":{"line":10,"column":4},"end":{"line":11,"column":null}},"3":{"start":{"line":11,"column":6},"end":{"line":11,"column":null}},"4":{"start":{"line":14,"column":4},"end":{"line":17,"column":null}},"5":{"start":{"line":14,"column":62},"end":{"line":17,"column":7}}},"fnMap":{"0":{"name":"(anonymous_0)","decl":{"start":{"line":7,"column":11},"end":{"line":7,"column":18}},"loc":{"start":{"line":7,"column":98},"end":{"line":17,"column":null}},"line":7},"1":{"name":"(anonymous_1)","decl":{"start":{"line":14,"column":47},"end":{"line":14,"column":51}},"loc":{"start":{"line":14,"column":62},"end":{"line":17,"column":7}},"line":14}},"branchMap":{"0":{"loc":{"start":{"line":10,"column":4},"end":{"line":11,"column":null}},"type":"if","locations":[{"start":{"line":10,"column":4},"end":{"line":11,"column":null}},{"start":{},"end":{}}],"line":10}},"s":{"0":1,"1":2,"2":2,"3":1,"4":1,"5":2},"f":{"0":2,"1":2},"b":{"0":[1,1]},"meta":{"lastBranch":1,"lastFunction":2,"lastStatement":6,"seen":{"s:5:47:19:Infinity":0,"f:7:11:7:18":0,"s:8:17:8:Infinity":1,"b:10:4:11:Infinity:undefined:undefined:undefined:undefined":0,"s:10:4:11:Infinity":2,"s:11:6:11:Infinity":3,"s:14:4:17:Infinity":4,"f:14:47:14:51":1,"s:14:62:17:7":5}}}
,"C:\\apps\\new-hydra\\gate\\app\\socket-handlers\\general\\unsubscribe.handler.ts": {"path":"C:\\apps\\new-hydra\\gate\\app\\socket-handlers\\general\\unsubscribe.handler.ts","statementMap":{"0":{"start":{"line":4,"column":49},"end":{"line":15,"column":null}},"1":{"start":{"line":7,"column":17},"end":{"line":7,"column":null}},"2":{"start":{"line":9,"column":4},"end":{"line":10,"column":null}},"3":{"start":{"line":10,"column":6},"end":{"line":10,"column":null}},"4":{"start":{"line":13,"column":4},"end":{"line":13,"column":null}}},"fnMap":{"0":{"name":"(anonymous_0)","decl":{"start":{"line":6,"column":11},"end":{"line":6,"column":18}},"loc":{"start":{"line":6,"column":94},"end":{"line":13,"column":null}},"line":6}},"branchMap":{"0":{"loc":{"start":{"line":9,"column":4},"end":{"line":10,"column":null}},"type":"if","locations":[{"start":{"line":9,"column":4},"end":{"line":10,"column":null}},{"start":{},"end":{}}],"line":9}},"s":{"0":1,"1":2,"2":2,"3":1,"4":1},"f":{"0":2},"b":{"0":[1,1]},"meta":{"lastBranch":1,"lastFunction":1,"lastStatement":5,"seen":{"s:4:49:15:Infinity":0,"f:6:11:6:18":0,"s:7:17:7:Infinity":1,"b:9:4:10:Infinity:undefined:undefined:undefined:undefined":0,"s:9:4:10:Infinity":2,"s:10:6:10:Infinity":3,"s:13:4:13:Infinity":4}}}
,"C:\\apps\\new-hydra\\gate\\app\\subscriptions\\subscriptions.ts": {"path":"C:\\apps\\new-hydra\\gate\\app\\subscriptions\\subscriptions.ts","statementMap":{"0":{"start":{"line":27,"column":4},"end":{"line":27,"column":null}},"1":{"start":{"line":28,"column":4},"end":{"line":28,"column":null}},"2":{"start":{"line":29,"column":4},"end":{"line":29,"column":null}},"3":{"start":{"line":33,"column":4},"end":{"line":39,"column":null}},"4":{"start":{"line":35,"column":25},"end":{"line":35,"column":81}},"5":{"start":{"line":35,"column":46},"end":{"line":35,"column":81}},"6":{"start":{"line":37,"column":6},"end":{"line":37,"column":null}},"7":{"start":{"line":39,"column":19},"end":{"line":39,"column":37}},"8":{"start":{"line":43,"column":47},"end":{"line":43,"column":49}},"9":{"start":{"line":44,"column":4},"end":{"line":57,"column":null}},"10":{"start":{"line":45,"column":23},"end":{"line":49,"column":null}},"11":{"start":{"line":47,"column":10},"end":{"line":48,"column":null}},"12":{"start":{"line":51,"column":6},"end":{"line":52,"column":null}},"13":{"start":{"line":52,"column":8},"end":{"line":52,"column":null}},"14":{"start":{"line":55,"column":6},"end":{"line":55,"column":null}},"15":{"start":{"line":56,"column":6},"end":{"line":56,"column":null}},"16":{"start":{"line":59,"column":4},"end":{"line":59,"column":null}},"17":{"start":{"line":68,"column":4},"end":{"line":68,"column":null}},"18":{"start":{"line":70,"column":4},"end":{"line":70,"column":null}},"19":{"start":{"line":74,"column":15},"end":{"line":74,"column":null}},"20":{"start":{"line":75,"column":23},"end":{"line":75,"column":47}},"21":{"start":{"line":77,"column":4},"end":{"line":80,"column":null}},"22":{"start":{"line":91,"column":4},"end":{"line":91,"column":null}},"23":{"start":{"line":92,"column":4},"end":{"line":92,"column":null}},"24":{"start":{"line":93,"column":4},"end":{"line":93,"column":null}},"25":{"start":{"line":97,"column":4},"end":{"line":102,"column":null}},"26":{"start":{"line":99,"column":21},"end":{"line":100,"column":47}},"27":{"start":{"line":100,"column":25},"end":{"line":100,"column":46}},"28":{"start":{"line":101,"column":8},"end":{"line":101,"column":null}},"29":{"start":{"line":106,"column":4},"end":{"line":125,"column":null}},"30":{"start":{"line":108,"column":35},"end":{"line":109,"column":66}},"31":{"start":{"line":109,"column":25},"end":{"line":109,"column":65}},"32":{"start":{"line":111,"column":28},"end":{"line":120,"column":null}},"33":{"start":{"line":113,"column":12},"end":{"line":119,"column":null}},"34":{"start":{"line":117,"column":18},"end":{"line":117,"column":null}},"35":{"start":{"line":121,"column":8},"end":{"line":124,"column":null}},"36":{"start":{"line":129,"column":4},"end":{"line":166,"column":null}},"37":{"start":{"line":131,"column":32},"end":{"line":139,"column":48}},"38":{"start":{"line":133,"column":12},"end":{"line":137,"column":null}},"39":{"start":{"line":136,"column":32},"end":{"line":136,"column":null}},"40":{"start":{"line":139,"column":25},"end":{"line":139,"column":48}},"41":{"start":{"line":141,"column":27},"end":{"line":144,"column":16}},"42":{"start":{"line":143,"column":12},"end":{"line":143,"column":null}},"43":{"start":{"line":145,"column":30},"end":{"line":150,"column":null}},"44":{"start":{"line":147,"column":27},"end":{"line":147,"column":73}},"45":{"start":{"line":147,"column":45},"end":{"line":147,"column":72}},"46":{"start":{"line":148,"column":25},"end":{"line":148,"column":54}},"47":{"start":{"line":149,"column":12},"end":{"line":149,"column":null}},"48":{"start":{"line":151,"column":24},"end":{"line":160,"column":null}},"49":{"start":{"line":153,"column":27},"end":{"line":153,"column":null}},"50":{"start":{"line":154,"column":28},"end":{"line":155,"column":85}},"51":{"start":{"line":155,"column":30},"end":{"line":155,"column":84}},"52":{"start":{"line":156,"column":12},"end":{"line":159,"column":null}},"53":{"start":{"line":162,"column":8},"end":{"line":165,"column":null}},"54":{"start":{"line":170,"column":25},"end":{"line":171,"column":49}},"55":{"start":{"line":171,"column":17},"end":{"line":171,"column":49}},"56":{"start":{"line":173,"column":45},"end":{"line":173,"column":47}},"57":{"start":{"line":174,"column":4},"end":{"line":178,"column":null}},"58":{"start":{"line":175,"column":6},"end":{"line":175,"column":null}},"59":{"start":{"line":177,"column":6},"end":{"line":177,"column":null}},"60":{"start":{"line":178,"column":6},"end":{"line":178,"column":null}},"61":{"start":{"line":181,"column":4},"end":{"line":181,"column":null}},"62":{"start":{"line":183,"column":4},"end":{"line":183,"column":null}},"63":{"start":{"line":187,"column":25},"end":{"line":188,"column":49}},"64":{"start":{"line":188,"column":17},"end":{"line":188,"column":49}},"65":{"start":{"line":190,"column":4},"end":{"line":191,"column":null}},"66":{"start":{"line":191,"column":6},"end":{"line":191,"column":null}},"67":{"start":{"line":194,"column":18},"end":{"line":195,"column":54}},"68":{"start":{"line":195,"column":22},"end":{"line":195,"column":54}},"69":{"start":{"line":197,"column":4},"end":{"line":201,"column":null}},"70":{"start":{"line":198,"column":6},"end":{"line":198,"column":null}},"71":{"start":{"line":200,"column":6},"end":{"line":200,"column":null}},"72":{"start":{"line":201,"column":6},"end":{"line":201,"column":null}},"73":{"start":{"line":204,"column":4},"end":{"line":205,"column":null}},"74":{"start":{"line":205,"column":24},"end":{"line":205,"column":69}},"75":{"start":{"line":207,"column":4},"end":{"line":208,"column":null}},"76":{"start":{"line":208,"column":6},"end":{"line":208,"column":null}},"77":{"start":{"line":211,"column":4},"end":{"line":211,"column":null}},"78":{"start":{"line":215,"column":4},"end":{"line":215,"column":null}},"79":{"start":{"line":219,"column":4},"end":{"line":230,"column":null}},"80":{"start":{"line":220,"column":20},"end":{"line":220,"column":null}},"81":{"start":{"line":220,"column":41},"end":{"line":220,"column":74}},"82":{"start":{"line":222,"column":12},"end":{"line":222,"column":40}},"83":{"start":{"line":223,"column":23},"end":{"line":223,"column":88}},"84":{"start":{"line":224,"column":20},"end":{"line":224,"column":22}},"85":{"start":{"line":225,"column":6},"end":{"line":226,"column":null}},"86":{"start":{"line":226,"column":8},"end":{"line":226,"column":null}},"87":{"start":{"line":228,"column":6},"end":{"line":228,"column":null}},"88":{"start":{"line":230,"column":6},"end":{"line":230,"column":null}},"89":{"start":{"line":235,"column":10},"end":{"line":235,"column":39}},"90":{"start":{"line":237,"column":4},"end":{"line":237,"column":null}},"91":{"start":{"line":241,"column":16},"end":{"line":241,"column":50}},"92":{"start":{"line":243,"column":4},"end":{"line":243,"column":null}},"93":{"start":{"line":245,"column":4},"end":{"line":325,"column":null}},"94":{"start":{"line":246,"column":6},"end":{"line":323,"column":null}},"95":{"start":{"line":247,"column":8},"end":{"line":247,"column":null}},"96":{"start":{"line":248,"column":21},"end":{"line":248,"column":null}},"97":{"start":{"line":249,"column":20},"end":{"line":249,"column":69}},"98":{"start":{"line":249,"column":38},"end":{"line":249,"column":69}},"99":{"start":{"line":250,"column":8},"end":{"line":252,"column":null}},"100":{"start":{"line":251,"column":10},"end":{"line":251,"column":null}},"101":{"start":{"line":252,"column":10},"end":{"line":252,"column":null}},"102":{"start":{"line":254,"column":30},"end":{"line":254,"column":null}},"103":{"start":{"line":255,"column":14},"end":{"line":260,"column":null}},"104":{"start":{"line":256,"column":10},"end":{"line":260,"column":null}},"105":{"start":{"line":257,"column":12},"end":{"line":258,"column":null}},"106":{"start":{"line":258,"column":14},"end":{"line":258,"column":null}},"107":{"start":{"line":262,"column":29},"end":{"line":315,"column":null}},"108":{"start":{"line":264,"column":31},"end":{"line":264,"column":null}},"109":{"start":{"line":266,"column":12},"end":{"line":274,"column":null}},"110":{"start":{"line":267,"column":14},"end":{"line":273,"column":null}},"111":{"start":{"line":268,"column":16},"end":{"line":271,"column":null}},"112":{"start":{"line":269,"column":18},"end":{"line":269,"column":null}},"113":{"start":{"line":271,"column":18},"end":{"line":271,"column":null}},"114":{"start":{"line":277,"column":30},"end":{"line":277,"column":null}},"115":{"start":{"line":278,"column":29},"end":{"line":278,"column":null}},"116":{"start":{"line":280,"column":12},"end":{"line":300,"column":null}},"117":{"start":{"line":281,"column":36},"end":{"line":281,"column":67}},"118":{"start":{"line":282,"column":35},"end":{"line":282,"column":65}},"119":{"start":{"line":284,"column":14},"end":{"line":299,"column":null}},"120":{"start":{"line":285,"column":16},"end":{"line":297,"column":null}},"121":{"start":{"line":286,"column":18},"end":{"line":294,"column":null}},"122":{"start":{"line":287,"column":20},"end":{"line":287,"column":null}},"123":{"start":{"line":288,"column":29},"end":{"line":294,"column":null}},"124":{"start":{"line":289,"column":20},"end":{"line":289,"column":null}},"125":{"start":{"line":290,"column":29},"end":{"line":294,"column":null}},"126":{"start":{"line":291,"column":20},"end":{"line":294,"column":null}},"127":{"start":{"line":297,"column":18},"end":{"line":297,"column":null}},"128":{"start":{"line":303,"column":31},"end":{"line":303,"column":null}},"129":{"start":{"line":305,"column":12},"end":{"line":313,"column":null}},"130":{"start":{"line":306,"column":14},"end":{"line":312,"column":null}},"131":{"start":{"line":307,"column":16},"end":{"line":310,"column":null}},"132":{"start":{"line":308,"column":18},"end":{"line":308,"column":null}},"133":{"start":{"line":310,"column":18},"end":{"line":310,"column":null}},"134":{"start":{"line":317,"column":8},"end":{"line":320,"column":null}},"135":{"start":{"line":318,"column":10},"end":{"line":318,"column":null}},"136":{"start":{"line":320,"column":10},"end":{"line":320,"column":null}},"137":{"start":{"line":323,"column":8},"end":{"line":323,"column":null}},"138":{"start":{"line":326,"column":4},"end":{"line":328,"column":null}},"139":{"start":{"line":327,"column":6},"end":{"line":327,"column":null}},"140":{"start":{"line":329,"column":4},"end":{"line":329,"column":null}},"141":{"start":{"line":333,"column":20},"end":{"line":334,"column":60}},"142":{"start":{"line":334,"column":22},"end":{"line":334,"column":59}},"143":{"start":{"line":335,"column":18},"end":{"line":336,"column":64}},"144":{"start":{"line":336,"column":22},"end":{"line":336,"column":63}},"145":{"start":{"line":337,"column":4},"end":{"line":337,"column":null}},"146":{"start":{"line":339,"column":28},"end":{"line":340,"column":52}},"147":{"start":{"line":340,"column":21},"end":{"line":340,"column":51}},"148":{"start":{"line":341,"column":4},"end":{"line":343,"column":null}},"149":{"start":{"line":342,"column":6},"end":{"line":342,"column":null}},"150":{"start":{"line":345,"column":4},"end":{"line":347,"column":null}},"151":{"start":{"line":346,"column":6},"end":{"line":346,"column":null}}},"fnMap":{"0":{"name":"(anonymous_0)","decl":{"start":{"line":26,"column":2},"end":{"line":26,"column":14}},"loc":{"start":{"line":26,"column":72},"end":{"line":29,"column":null}},"line":26},"1":{"name":"(anonymous_1)","decl":{"start":{"line":32,"column":6},"end":{"line":32,"column":20}},"loc":{"start":{"line":32,"column":20},"end":{"line":39,"column":null}},"line":32},"2":{"name":"(anonymous_2)","decl":{"start":{"line":34,"column":5},"end":{"line":34,"column":13}},"loc":{"start":{"line":34,"column":38},"end":{"line":38,"column":null}},"line":34},"3":{"name":"(anonymous_3)","decl":{"start":{"line":35,"column":31},"end":{"line":35,"column":41}},"loc":{"start":{"line":35,"column":46},"end":{"line":35,"column":81}},"line":35},"4":{"name":"(anonymous_4)","decl":{"start":{"line":39,"column":5},"end":{"line":39,"column":9}},"loc":{"start":{"line":39,"column":19},"end":{"line":39,"column":37}},"line":39},"5":{"name":"(anonymous_5)","decl":{"start":{"line":42,"column":2},"end":{"line":42,"column":13}},"loc":{"start":{"line":42,"column":44},"end":{"line":59,"column":null}},"line":42},"6":{"name":"(anonymous_6)","decl":{"start":{"line":44,"column":12},"end":{"line":44,"column":20}},"loc":{"start":{"line":44,"column":30},"end":{"line":57,"column":null}},"line":44},"7":{"name":"(anonymous_7)","decl":{"start":{"line":46,"column":9},"end":{"line":46,"column":14}},"loc":{"start":{"line":46,"column":19},"end":{"line":49,"column":null}},"line":46},"8":{"name":"(anonymous_8)","decl":{"start":{"line":67,"column":2},"end":{"line":67,"column":14}},"loc":{"start":{"line":67,"column":34},"end":{"line":70,"column":null}},"line":67},"9":{"name":"(anonymous_9)","decl":{"start":{"line":73,"column":2},"end":{"line":73,"column":23}},"loc":{"start":{"line":73,"column":23},"end":{"line":80,"column":null}},"line":73},"10":{"name":"(anonymous_10)","decl":{"start":{"line":90,"column":2},"end":{"line":90,"column":16}},"loc":{"start":{"line":90,"column":16},"end":{"line":93,"column":null}},"line":90},"11":{"name":"(anonymous_11)","decl":{"start":{"line":96,"column":6},"end":{"line":96,"column":30}},"loc":{"start":{"line":96,"column":30},"end":{"line":102,"column":null}},"line":96},"12":{"name":"(anonymous_12)","decl":{"start":{"line":98,"column":7},"end":{"line":98,"column":25}},"loc":{"start":{"line":98,"column":34},"end":{"line":102,"column":11}},"line":98},"13":{"name":"(anonymous_13)","decl":{"start":{"line":100,"column":11},"end":{"line":100,"column":18}},"loc":{"start":{"line":100,"column":25},"end":{"line":100,"column":46}},"line":100},"14":{"name":"(anonymous_14)","decl":{"start":{"line":105,"column":6},"end":{"line":105,"column":28}},"loc":{"start":{"line":105,"column":28},"end":{"line":125,"column":null}},"line":105},"15":{"name":"(anonymous_15)","decl":{"start":{"line":107,"column":7},"end":{"line":107,"column":11}},"loc":{"start":{"line":107,"column":25},"end":{"line":125,"column":null}},"line":107},"16":{"name":"(anonymous_16)","decl":{"start":{"line":109,"column":11},"end":{"line":109,"column":18}},"loc":{"start":{"line":109,"column":25},"end":{"line":109,"column":65}},"line":109},"17":{"name":"(anonymous_17)","decl":{"start":{"line":112,"column":11},"end":{"line":112,"column":15}},"loc":{"start":{"line":112,"column":35},"end":{"line":120,"column":null}},"line":112},"18":{"name":"(anonymous_18)","decl":{"start":{"line":116,"column":17},"end":{"line":116,"column":24}},"loc":{"start":{"line":116,"column":34},"end":{"line":117,"column":null}},"line":116},"19":{"name":"(anonymous_19)","decl":{"start":{"line":128,"column":6},"end":{"line":128,"column":30}},"loc":{"start":{"line":128,"column":30},"end":{"line":166,"column":null}},"line":128},"20":{"name":"(anonymous_20)","decl":{"start":{"line":130,"column":7},"end":{"line":130,"column":11}},"loc":{"start":{"line":130,"column":25},"end":{"line":166,"column":null}},"line":130},"21":{"name":"(anonymous_21)","decl":{"start":{"line":132,"column":11},"end":{"line":132,"column":15}},"loc":{"start":{"line":132,"column":22},"end":{"line":138,"column":null}},"line":132},"22":{"name":"(anonymous_22)","decl":{"start":{"line":136,"column":17},"end":{"line":136,"column":24}},"loc":{"start":{"line":136,"column":32},"end":{"line":136,"column":null}},"line":136},"23":{"name":"(anonymous_23)","decl":{"start":{"line":139,"column":11},"end":{"line":139,"column":18}},"loc":{"start":{"line":139,"column":25},"end":{"line":139,"column":48}},"line":139},"24":{"name":"(anonymous_24)","decl":{"start":{"line":142,"column":11},"end":{"line":142,"column":41}},"loc":{"start":{"line":142,"column":50},"end":{"line":144,"column":15}},"line":142},"25":{"name":"(anonymous_25)","decl":{"start":{"line":146,"column":11},"end":{"line":146,"column":19}},"loc":{"start":{"line":146,"column":44},"end":{"line":150,"column":null}},"line":146},"26":{"name":"(anonymous_26)","decl":{"start":{"line":147,"column":33},"end":{"line":147,"column":37}},"loc":{"start":{"line":147,"column":45},"end":{"line":147,"column":72}},"line":147},"27":{"name":"(anonymous_27)","decl":{"start":{"line":152,"column":11},"end":{"line":152,"column":16}},"loc":{"start":{"line":152,"column":33},"end":{"line":160,"column":null}},"line":152},"28":{"name":"(anonymous_28)","decl":{"start":{"line":155,"column":15},"end":{"line":155,"column":22}},"loc":{"start":{"line":155,"column":30},"end":{"line":155,"column":84}},"line":155},"29":{"name":"(anonymous_29)","decl":{"start":{"line":169,"column":2},"end":{"line":169,"column":12}},"loc":{"start":{"line":169,"column":65},"end":{"line":183,"column":null}},"line":169},"30":{"name":"(anonymous_30)","decl":{"start":{"line":171,"column":7},"end":{"line":171,"column":12}},"loc":{"start":{"line":171,"column":17},"end":{"line":171,"column":49}},"line":171},"31":{"name":"(anonymous_31)","decl":{"start":{"line":186,"column":2},"end":{"line":186,"column":14}},"loc":{"start":{"line":186,"column":64},"end":{"line":211,"column":null}},"line":186},"32":{"name":"(anonymous_32)","decl":{"start":{"line":188,"column":7},"end":{"line":188,"column":12}},"loc":{"start":{"line":188,"column":17},"end":{"line":188,"column":49}},"line":188},"33":{"name":"(anonymous_33)","decl":{"start":{"line":195,"column":7},"end":{"line":195,"column":17}},"loc":{"start":{"line":195,"column":22},"end":{"line":195,"column":54}},"line":195},"34":{"name":"(anonymous_34)","decl":{"start":{"line":205,"column":7},"end":{"line":205,"column":14}},"loc":{"start":{"line":205,"column":24},"end":{"line":205,"column":69}},"line":205},"35":{"name":"(anonymous_35)","decl":{"start":{"line":214,"column":2},"end":{"line":214,"column":18}},"loc":{"start":{"line":214,"column":49},"end":{"line":215,"column":null}},"line":214},"36":{"name":"(anonymous_36)","decl":{"start":{"line":218,"column":8},"end":{"line":218,"column":33}},"loc":{"start":{"line":218,"column":61},"end":{"line":230,"column":null}},"line":218},"37":{"name":"(anonymous_37)","decl":{"start":{"line":220,"column":27},"end":{"line":220,"column":32}},"loc":{"start":{"line":220,"column":41},"end":{"line":220,"column":74}},"line":220},"38":{"name":"(anonymous_38)","decl":{"start":{"line":234,"column":2},"end":{"line":234,"column":10}},"loc":{"start":{"line":234,"column":54},"end":{"line":237,"column":null}},"line":234},"39":{"name":"(anonymous_39)","decl":{"start":{"line":240,"column":2},"end":{"line":240,"column":18}},"loc":{"start":{"line":240,"column":38},"end":{"line":329,"column":null}},"line":240},"40":{"name":"(anonymous_40)","decl":{"start":{"line":245,"column":18},"end":{"line":245,"column":29}},"loc":{"start":{"line":245,"column":43},"end":{"line":325,"column":null}},"line":245},"41":{"name":"(anonymous_41)","decl":{"start":{"line":249,"column":25},"end":{"line":249,"column":30}},"loc":{"start":{"line":249,"column":38},"end":{"line":249,"column":69}},"line":249},"42":{"name":"(anonymous_42)","decl":{"start":{"line":255,"column":14},"end":{"line":255,"column":36}},"loc":{"start":{"line":255,"column":129},"end":{"line":260,"column":null}},"line":255},"43":{"name":"(anonymous_43)","decl":{"start":{"line":256,"column":22},"end":{"line":256,"column":31}},"loc":{"start":{"line":256,"column":124},"end":{"line":260,"column":null}},"line":256},"44":{"name":"(anonymous_44)","decl":{"start":{"line":263,"column":10},"end":{"line":263,"column":24}},"loc":{"start":{"line":263,"column":24},"end":{"line":274,"column":null}},"line":263},"45":{"name":"(anonymous_45)","decl":{"start":{"line":266,"column":31},"end":{"line":266,"column":44}},"loc":{"start":{"line":266,"column":113},"end":{"line":274,"column":null}},"line":266},"46":{"name":"(anonymous_46)","decl":{"start":{"line":267,"column":22},"end":{"line":267,"column":31}},"loc":{"start":{"line":267,"column":62},"end":{"line":273,"column":null}},"line":267},"47":{"name":"(anonymous_47)","decl":{"start":{"line":276,"column":10},"end":{"line":276,"column":24}},"loc":{"start":{"line":276,"column":24},"end":{"line":300,"column":null}},"line":276},"48":{"name":"(anonymous_48)","decl":{"start":{"line":280,"column":24},"end":{"line":280,"column":33}},"loc":{"start":{"line":280,"column":126},"end":{"line":300,"column":null}},"line":280},"49":{"name":"(anonymous_49)","decl":{"start":{"line":284,"column":22},"end":{"line":284,"column":31}},"loc":{"start":{"line":284,"column":62},"end":{"line":299,"column":null}},"line":284},"50":{"name":"(anonymous_50)","decl":{"start":{"line":302,"column":10},"end":{"line":302,"column":24}},"loc":{"start":{"line":302,"column":24},"end":{"line":313,"column":null}},"line":302},"51":{"name":"(anonymous_51)","decl":{"start":{"line":305,"column":31},"end":{"line":305,"column":44}},"loc":{"start":{"line":305,"column":113},"end":{"line":313,"column":null}},"line":305},"52":{"name":"(anonymous_52)","decl":{"start":{"line":306,"column":22},"end":{"line":306,"column":31}},"loc":{"start":{"line":306,"column":62},"end":{"line":312,"column":null}},"line":306},"53":{"name":"(anonymous_53)","decl":{"start":{"line":326,"column":18},"end":{"line":326,"column":28}},"loc":{"start":{"line":326,"column":43},"end":{"line":328,"column":null}},"line":326},"54":{"name":"(anonymous_54)","decl":{"start":{"line":332,"column":2},"end":{"line":332,"column":21}},"loc":{"start":{"line":332,"column":21},"end":{"line":347,"column":null}},"line":332},"55":{"name":"(anonymous_55)","decl":{"start":{"line":334,"column":7},"end":{"line":334,"column":14}},"loc":{"start":{"line":334,"column":22},"end":{"line":334,"column":59}},"line":334},"56":{"name":"(anonymous_56)","decl":{"start":{"line":336,"column":7},"end":{"line":336,"column":14}},"loc":{"start":{"line":336,"column":22},"end":{"line":336,"column":63}},"line":336},"57":{"name":"(anonymous_57)","decl":{"start":{"line":340,"column":7},"end":{"line":340,"column":14}},"loc":{"start":{"line":340,"column":21},"end":{"line":340,"column":51}},"line":340},"58":{"name":"(anonymous_58)","decl":{"start":{"line":341,"column":20},"end":{"line":341,"column":28}},"loc":{"start":{"line":341,"column":35},"end":{"line":343,"column":null}},"line":341},"59":{"name":"(anonymous_59)","decl":{"start":{"line":345,"column":10},"end":{"line":345,"column":18}},"loc":{"start":{"line":345,"column":32},"end":{"line":347,"column":null}},"line":345}},"branchMap":{"0":{"loc":{"start":{"line":26,"column":36},"end":{"line":26,"column":70}},"type":"default-arg","locations":[{"start":{"line":26,"column":68},"end":{"line":26,"column":70}}],"line":26},"1":{"loc":{"start":{"line":47,"column":17},"end":{"line":48,"column":76}},"type":"binary-expr","locations":[{"start":{"line":47,"column":17},"end":{"line":47,"column":null}},{"start":{"line":48,"column":12},"end":{"line":48,"column":76}}],"line":47},"2":{"loc":{"start":{"line":48,"column":27},"end":{"line":48,"column":41}},"type":"binary-expr","locations":[{"start":{"line":48,"column":27},"end":{"line":48,"column":39}},{"start":{"line":48,"column":39},"end":{"line":48,"column":41}}],"line":48},"3":{"loc":{"start":{"line":51,"column":6},"end":{"line":52,"column":null}},"type":"if","locations":[{"start":{"line":51,"column":6},"end":{"line":52,"column":null}},{"start":{},"end":{}}],"line":51},"4":{"loc":{"start":{"line":174,"column":4},"end":{"line":178,"column":null}},"type":"if","locations":[{"start":{"line":174,"column":4},"end":{"line":178,"column":null}},{"start":{"line":176,"column":11},"end":{"line":178,"column":null}}],"line":174},"5":{"loc":{"start":{"line":186,"column":36},"end":{"line":186,"column":62}},"type":"default-arg","locations":[{"start":{"line":186,"column":60},"end":{"line":186,"column":62}}],"line":186},"6":{"loc":{"start":{"line":190,"column":4},"end":{"line":191,"column":null}},"type":"if","locations":[{"start":{"line":190,"column":4},"end":{"line":191,"column":null}},{"start":{},"end":{}}],"line":190},"7":{"loc":{"start":{"line":197,"column":4},"end":{"line":201,"column":null}},"type":"if","locations":[{"start":{"line":197,"column":4},"end":{"line":201,"column":null}},{"start":{},"end":{}}],"line":197},"8":{"loc":{"start":{"line":207,"column":4},"end":{"line":208,"column":null}},"type":"if","locations":[{"start":{"line":207,"column":4},"end":{"line":208,"column":null}},{"start":{},"end":{}}],"line":207},"9":{"loc":{"start":{"line":250,"column":8},"end":{"line":252,"column":null}},"type":"if","locations":[{"start":{"line":250,"column":8},"end":{"line":252,"column":null}},{"start":{},"end":{}}],"line":250},"10":{"loc":{"start":{"line":257,"column":12},"end":{"line":258,"column":null}},"type":"if","locations":[{"start":{"line":257,"column":12},"end":{"line":258,"column":null}},{"start":{},"end":{}}],"line":257},"11":{"loc":{"start":{"line":286,"column":18},"end":{"line":294,"column":null}},"type":"if","locations":[{"start":{"line":286,"column":18},"end":{"line":294,"column":null}},{"start":{"line":288,"column":29},"end":{"line":294,"column":null}}],"line":286},"12":{"loc":{"start":{"line":286,"column":22},"end":{"line":286,"column":54}},"type":"binary-expr","locations":[{"start":{"line":286,"column":22},"end":{"line":286,"column":39}},{"start":{"line":286,"column":39},"end":{"line":286,"column":54}}],"line":286},"13":{"loc":{"start":{"line":288,"column":29},"end":{"line":294,"column":null}},"type":"if","locations":[{"start":{"line":288,"column":29},"end":{"line":294,"column":null}},{"start":{"line":290,"column":29},"end":{"line":294,"column":null}}],"line":288},"14":{"loc":{"start":{"line":288,"column":29},"end":{"line":288,"column":61}},"type":"binary-expr","locations":[{"start":{"line":288,"column":29},"end":{"line":288,"column":47}},{"start":{"line":288,"column":47},"end":{"line":288,"column":61}}],"line":288},"15":{"loc":{"start":{"line":290,"column":29},"end":{"line":294,"column":null}},"type":"if","locations":[{"start":{"line":290,"column":29},"end":{"line":294,"column":null}},{"start":{},"end":{}}],"line":290},"16":{"loc":{"start":{"line":290,"column":29},"end":{"line":290,"column":60}},"type":"binary-expr","locations":[{"start":{"line":290,"column":29},"end":{"line":290,"column":46}},{"start":{"line":290,"column":46},"end":{"line":290,"column":60}}],"line":290},"17":{"loc":{"start":{"line":317,"column":8},"end":{"line":320,"column":null}},"type":"if","locations":[{"start":{"line":317,"column":8},"end":{"line":320,"column":null}},{"start":{"line":319,"column":15},"end":{"line":320,"column":null}}],"line":317}},"s":{"0":29,"1":29,"2":29,"3":99,"4":104,"5":109,"6":104,"7":102,"8":5,"9":5,"10":7,"11":6,"12":7,"13":2,"14":5,"15":5,"16":5,"17":10,"18":10,"19":10,"20":10,"21":10,"22":32,"23":32,"24":32,"25":88,"26":91,"27":93,"28":91,"29":1,"30":2,"31":4,"32":2,"33":3,"34":5,"35":2,"36":50,"37":43,"38":51,"39":52,"40":51,"41":43,"42":51,"43":43,"44":52,"45":72,"46":52,"47":52,"48":43,"49":51,"50":51,"51":69,"52":51,"53":43,"54":24,"55":5,"56":24,"57":24,"58":1,"59":23,"60":23,"61":24,"62":24,"63":5,"64":5,"65":5,"66":1,"67":4,"68":4,"69":4,"70":2,"71":2,"72":2,"73":2,"74":3,"75":2,"76":1,"77":2,"78":11,"79":13,"80":13,"81":13,"82":13,"83":13,"84":13,"85":13,"86":24,"87":12,"88":5,"89":68,"90":68,"91":10,"92":10,"93":10,"94":49,"95":49,"96":49,"97":49,"98":42,"99":49,"100":7,"101":7,"102":42,"103":42,"104":16,"105":19,"106":13,"107":42,"108":12,"109":12,"110":9,"111":9,"112":9,"113":4,"114":18,"115":18,"116":18,"117":21,"118":21,"119":21,"120":21,"121":21,"122":1,"123":20,"124":2,"125":18,"126":15,"127":6,"128":4,"129":4,"130":4,"131":4,"132":4,"133":2,"134":42,"135":34,"136":8,"137":0,"138":10,"139":0,"140":10,"141":12,"142":2,"143":12,"144":11,"145":12,"146":12,"147":2,"148":12,"149":1,"150":12,"151":10},"f":{"0":29,"1":99,"2":104,"3":109,"4":102,"5":5,"6":7,"7":6,"8":10,"9":10,"10":32,"11":88,"12":91,"13":93,"14":1,"15":2,"16":4,"17":3,"18":5,"19":50,"20":43,"21":51,"22":52,"23":51,"24":51,"25":52,"26":72,"27":51,"28":69,"29":24,"30":5,"31":5,"32":5,"33":4,"34":3,"35":11,"36":13,"37":13,"38":68,"39":10,"40":49,"41":42,"42":16,"43":19,"44":12,"45":9,"46":9,"47":18,"48":21,"49":21,"50":4,"51":4,"52":4,"53":0,"54":12,"55":2,"56":11,"57":2,"58":1,"59":10},"b":{"0":[29],"1":[6,3],"2":[3,0],"3":[2,5],"4":[1,23],"5":[5],"6":[1,4],"7":[2,2],"8":[1,1],"9":[7,42],"10":[13,6],"11":[1,20],"12":[21,16],"13":[2,18],"14":[20,5],"15":[15,3],"16":[18,15],"17":[34,8]},"meta":{"lastBranch":18,"lastFunction":60,"lastStatement":152,"seen":{"f:26:2:26:14":0,"b:26:68:26:70":0,"s:27:4:27:Infinity":0,"s:28:4:28:Infinity":1,"s:29:4:29:Infinity":2,"f:32:6:32:20":1,"s:33:4:39:Infinity":3,"f:34:5:34:13":2,"s:35:25:35:81":4,"f:35:31:35:41":3,"s:35:46:35:81":5,"s:37:6:37:Infinity":6,"f:39:5:39:9":4,"s:39:19:39:37":7,"f:42:2:42:13":5,"s:43:47:43:49":8,"s:44:4:57:Infinity":9,"f:44:12:44:20":6,"s:45:23:49:Infinity":10,"f:46:9:46:14":7,"s:47:10:48:Infinity":11,"b:47:17:47:Infinity:48:12:48:76":1,"b:48:27:48:39:48:39:48:41":2,"b:51:6:52:Infinity:undefined:undefined:undefined:undefined":3,"s:51:6:52:Infinity":12,"s:52:8:52:Infinity":13,"s:55:6:55:Infinity":14,"s:56:6:56:Infinity":15,"s:59:4:59:Infinity":16,"f:67:2:67:14":8,"s:68:4:68:Infinity":17,"s:70:4:70:Infinity":18,"f:73:2:73:23":9,"s:74:15:74:Infinity":19,"s:75:23:75:47":20,"s:77:4:80:Infinity":21,"f:90:2:90:16":10,"s:91:4:91:Infinity":22,"s:92:4:92:Infinity":23,"s:93:4:93:Infinity":24,"f:96:6:96:30":11,"s:97:4:102:Infinity":25,"f:98:7:98:25":12,"s:99:21:100:47":26,"f:100:11:100:18":13,"s:100:25:100:46":27,"s:101:8:101:Infinity":28,"f:105:6:105:28":14,"s:106:4:125:Infinity":29,"f:107:7:107:11":15,"s:108:35:109:66":30,"f:109:11:109:18":16,"s:109:25:109:65":31,"s:111:28:120:Infinity":32,"f:112:11:112:15":17,"s:113:12:119:Infinity":33,"f:116:17:116:24":18,"s:117:18:117:Infinity":34,"s:121:8:124:Infinity":35,"f:128:6:128:30":19,"s:129:4:166:Infinity":36,"f:130:7:130:11":20,"s:131:32:139:48":37,"f:132:11:132:15":21,"s:133:12:137:Infinity":38,"f:136:17:136:24":22,"s:136:32:136:Infinity":39,"f:139:11:139:18":23,"s:139:25:139:48":40,"s:141:27:144:16":41,"f:142:11:142:41":24,"s:143:12:143:Infinity":42,"s:145:30:150:Infinity":43,"f:146:11:146:19":25,"s:147:27:147:73":44,"f:147:33:147:37":26,"s:147:45:147:72":45,"s:148:25:148:54":46,"s:149:12:149:Infinity":47,"s:151:24:160:Infinity":48,"f:152:11:152:16":27,"s:153:27:153:Infinity":49,"s:154:28:155:85":50,"f:155:15:155:22":28,"s:155:30:155:84":51,"s:156:12:159:Infinity":52,"s:162:8:165:Infinity":53,"f:169:2:169:12":29,"s:170:25:171:49":54,"f:171:7:171:12":30,"s:171:17:171:49":55,"s:173:45:173:47":56,"b:174:4:178:Infinity:176:11:178:Infinity":4,"s:174:4:178:Infinity":57,"s:175:6:175:Infinity":58,"s:177:6:177:Infinity":59,"s:178:6:178:Infinity":60,"s:181:4:181:Infinity":61,"s:183:4:183:Infinity":62,"f:186:2:186:14":31,"b:186:60:186:62":5,"s:187:25:188:49":63,"f:188:7:188:12":32,"s:188:17:188:49":64,"b:190:4:191:Infinity:undefined:undefined:undefined:undefined":6,"s:190:4:191:Infinity":65,"s:191:6:191:Infinity":66,"s:194:18:195:54":67,"f:195:7:195:17":33,"s:195:22:195:54":68,"b:197:4:201:Infinity:undefined:undefined:undefined:undefined":7,"s:197:4:201:Infinity":69,"s:198:6:198:Infinity":70,"s:200:6:200:Infinity":71,"s:201:6:201:Infinity":72,"s:204:4:205:Infinity":73,"f:205:7:205:14":34,"s:205:24:205:69":74,"b:207:4:208:Infinity:undefined:undefined:undefined:undefined":8,"s:207:4:208:Infinity":75,"s:208:6:208:Infinity":76,"s:211:4:211:Infinity":77,"f:214:2:214:18":35,"s:215:4:215:Infinity":78,"f:218:8:218:33":36,"s:219:4:230:Infinity":79,"s:220:20:220:Infinity":80,"f:220:27:220:32":37,"s:220:41:220:74":81,"s:222:12:222:40":82,"s:223:23:223:88":83,"s:224:20:224:22":84,"s:225:6:226:Infinity":85,"s:226:8:226:Infinity":86,"s:228:6:228:Infinity":87,"s:230:6:230:Infinity":88,"f:234:2:234:10":38,"s:235:10:235:39":89,"s:237:4:237:Infinity":90,"f:240:2:240:18":39,"s:241:16:241:50":91,"s:243:4:243:Infinity":92,"s:245:4:325:Infinity":93,"f:245:18:245:29":40,"s:246:6:323:Infinity":94,"s:247:8:247:Infinity":95,"s:248:21:248:Infinity":96,"s:249:20:249:69":97,"f:249:25:249:30":41,"s:249:38:249:69":98,"b:250:8:252:Infinity:undefined:undefined:undefined:undefined":9,"s:250:8:252:Infinity":99,"s:251:10:251:Infinity":100,"s:252:10:252:Infinity":101,"s:254:30:254:Infinity":102,"s:255:14:260:Infinity":103,"f:255:14:255:36":42,"s:256:10:260:Infinity":104,"f:256:22:256:31":43,"b:257:12:258:Infinity:undefined:undefined:undefined:undefined":10,"s:257:12:258:Infinity":105,"s:258:14:258:Infinity":106,"s:262:29:315:Infinity":107,"f:263:10:263:24":44,"s:264:31:264:Infinity":108,"s:266:12:274:Infinity":109,"f:266:31:266:44":45,"s:267:14:273:Infinity":110,"f:267:22:267:31":46,"s:268:16:271:Infinity":111,"s:269:18:269:Infinity":112,"s:271:18:271:Infinity":113,"f:276:10:276:24":47,"s:277:30:277:Infinity":114,"s:278:29:278:Infinity":115,"s:280:12:300:Infinity":116,"f:280:24:280:33":48,"s:281:36:281:67":117,"s:282:35:282:65":118,"s:284:14:299:Infinity":119,"f:284:22:284:31":49,"s:285:16:297:Infinity":120,"b:286:18:294:Infinity:288:29:294:Infinity":11,"s:286:18:294:Infinity":121,"b:286:22:286:39:286:39:286:54":12,"s:287:20:287:Infinity":122,"b:288:29:294:Infinity:290:29:294:Infinity":13,"s:288:29:294:Infinity":123,"b:288:29:288:47:288:47:288:61":14,"s:289:20:289:Infinity":124,"b:290:29:294:Infinity:undefined:undefined:undefined:undefined":15,"s:290:29:294:Infinity":125,"b:290:29:290:46:290:46:290:60":16,"s:291:20:294:Infinity":126,"s:297:18:297:Infinity":127,"f:302:10:302:24":50,"s:303:31:303:Infinity":128,"s:305:12:313:Infinity":129,"f:305:31:305:44":51,"s:306:14:312:Infinity":130,"f:306:22:306:31":52,"s:307:16:310:Infinity":131,"s:308:18:308:Infinity":132,"s:310:18:310:Infinity":133,"b:317:8:320:Infinity:319:15:320:Infinity":17,"s:317:8:320:Infinity":134,"s:318:10:318:Infinity":135,"s:320:10:320:Infinity":136,"s:323:8:323:Infinity":137,"s:326:4:328:Infinity":138,"f:326:18:326:28":53,"s:327:6:327:Infinity":139,"s:329:4:329:Infinity":140,"f:332:2:332:21":54,"s:333:20:334:60":141,"f:334:7:334:14":55,"s:334:22:334:59":142,"s:335:18:336:64":143,"f:336:7:336:14":56,"s:336:22:336:63":144,"s:337:4:337:Infinity":145,"s:339:28:340:52":146,"f:340:7:340:14":57,"s:340:21:340:51":147,"s:341:4:343:Infinity":148,"f:341:20:341:28":58,"s:342:6:342:Infinity":149,"s:345:4:347:Infinity":150,"f:345:10:345:18":59,"s:346:6:346:Infinity":151}}}
}
