<?xml version="1.0" encoding="UTF-8"?>
<coverage generated="1774386679027" clover="3.2.0">
  <project timestamp="1774386679027" name="All files">
    <metrics statements="385" coveredstatements="164" conditionals="180" coveredconditionals="43" methods="108" coveredmethods="69" elements="673" coveredelements="276" complexity="0" loc="385" ncloc="385" packages="5" files="8" classes="8"/>
    <package name="src">
      <metrics statements="9" coveredstatements="6" conditionals="2" coveredconditionals="1" methods="0" coveredmethods="0"/>
      <file name="settings.ts" path="C:\apps\new-hydra\image\src\settings.ts">
        <metrics statements="9" coveredstatements="6" conditionals="2" coveredconditionals="1" methods="0" coveredmethods="0"/>
        <line num="5" count="2" type="stmt"/>
        <line num="7" count="2" type="stmt"/>
        <line num="30" count="2" type="stmt"/>
        <line num="32" count="2" type="cond" truecount="1" falsecount="1"/>
        <line num="33" count="0" type="stmt"/>
        <line num="34" count="0" type="stmt"/>
        <line num="35" count="0" type="stmt"/>
        <line num="38" count="2" type="stmt"/>
        <line num="40" count="2" type="stmt"/>
      </file>
    </package>
    <package name="src.consts">
      <metrics statements="1" coveredstatements="1" conditionals="0" coveredconditionals="0" methods="0" coveredmethods="0"/>
      <file name="mime.const.ts" path="C:\apps\new-hydra\image\src\consts\mime.const.ts">
        <metrics statements="1" coveredstatements="1" conditionals="0" coveredconditionals="0" methods="0" coveredmethods="0"/>
        <line num="2" count="2" type="stmt"/>
      </file>
    </package>
    <package name="src.controllers">
      <metrics statements="346" coveredstatements="153" conditionals="154" coveredconditionals="42" methods="103" coveredmethods="69"/>
      <file name="photo.controller.ts" path="C:\apps\new-hydra\image\src\controllers\photo.controller.ts">
        <metrics statements="346" coveredstatements="153" conditionals="154" coveredconditionals="42" methods="103" coveredmethods="69"/>
        <line num="18" count="0" type="cond" truecount="0" falsecount="2"/>
        <line num="23" count="2" type="stmt"/>
        <line num="41" count="2" type="stmt"/>
        <line num="46" count="0" type="cond" truecount="0" falsecount="2"/>
        <line num="47" count="0" type="stmt"/>
        <line num="48" count="0" type="stmt"/>
        <line num="49" count="0" type="stmt"/>
        <line num="54" count="0" type="stmt"/>
        <line num="56" count="0" type="cond" truecount="0" falsecount="2"/>
        <line num="57" count="0" type="cond" truecount="0" falsecount="2"/>
        <line num="58" count="0" type="stmt"/>
        <line num="60" count="0" type="stmt"/>
        <line num="64" count="0" type="stmt"/>
        <line num="65" count="0" type="cond" truecount="0" falsecount="2"/>
        <line num="66" count="0" type="stmt"/>
        <line num="67" count="0" type="cond" truecount="0" falsecount="2"/>
        <line num="68" count="0" type="stmt"/>
        <line num="70" count="0" type="stmt"/>
        <line num="71" count="0" type="stmt"/>
        <line num="89" count="0" type="cond" truecount="0" falsecount="2"/>
        <line num="90" count="0" type="cond" truecount="0" falsecount="2"/>
        <line num="91" count="0" type="stmt"/>
        <line num="92" count="0" type="stmt"/>
        <line num="94" count="0" type="stmt"/>
        <line num="100" count="0" type="cond" truecount="0" falsecount="2"/>
        <line num="101" count="0" type="stmt"/>
        <line num="102" count="0" type="stmt"/>
        <line num="103" count="0" type="stmt"/>
        <line num="107" count="0" type="stmt"/>
        <line num="112" count="0" type="stmt"/>
        <line num="116" count="0" type="stmt"/>
        <line num="120" count="0" type="cond" truecount="0" falsecount="2"/>
        <line num="121" count="0" type="stmt"/>
        <line num="128" count="0" type="cond" truecount="0" falsecount="2"/>
        <line num="129" count="0" type="cond" truecount="0" falsecount="2"/>
        <line num="130" count="0" type="stmt"/>
        <line num="131" count="0" type="stmt"/>
        <line num="132" count="0" type="stmt"/>
        <line num="134" count="0" type="stmt"/>
        <line num="140" count="0" type="cond" truecount="0" falsecount="2"/>
        <line num="141" count="0" type="stmt"/>
        <line num="142" count="0" type="stmt"/>
        <line num="148" count="0" type="cond" truecount="0" falsecount="2"/>
        <line num="149" count="0" type="stmt"/>
        <line num="154" count="0" type="stmt"/>
        <line num="157" count="0" type="stmt"/>
        <line num="161" count="0" type="cond" truecount="0" falsecount="2"/>
        <line num="162" count="0" type="stmt"/>
        <line num="169" count="0" type="cond" truecount="0" falsecount="2"/>
        <line num="170" count="0" type="stmt"/>
        <line num="173" count="0" type="cond" truecount="0" falsecount="2"/>
        <line num="174" count="0" type="stmt"/>
        <line num="177" count="0" type="stmt"/>
        <line num="178" count="0" type="stmt"/>
        <line num="184" count="0" type="stmt"/>
        <line num="185" count="0" type="cond" truecount="0" falsecount="2"/>
        <line num="186" count="0" type="stmt"/>
        <line num="187" count="0" type="cond" truecount="0" falsecount="4"/>
        <line num="188" count="0" type="stmt"/>
        <line num="190" count="0" type="stmt"/>
        <line num="192" count="0" type="cond" truecount="0" falsecount="2"/>
        <line num="193" count="0" type="stmt"/>
        <line num="194" count="0" type="cond" truecount="0" falsecount="4"/>
        <line num="195" count="0" type="stmt"/>
        <line num="197" count="0" type="stmt"/>
        <line num="200" count="0" type="cond" truecount="0" falsecount="2"/>
        <line num="201" count="0" type="stmt"/>
        <line num="207" count="0" type="cond" truecount="0" falsecount="2"/>
        <line num="208" count="0" type="stmt"/>
        <line num="211" count="0" type="stmt"/>
        <line num="212" count="0" type="stmt"/>
        <line num="228" count="0" type="stmt"/>
        <line num="230" count="0" type="stmt"/>
        <line num="251" count="0" type="stmt"/>
        <line num="252" count="0" type="stmt"/>
        <line num="266" count="0" type="stmt"/>
        <line num="269" count="0" type="cond" truecount="0" falsecount="2"/>
        <line num="270" count="0" type="stmt"/>
        <line num="277" count="0" type="cond" truecount="0" falsecount="2"/>
        <line num="281" count="0" type="stmt"/>
        <line num="284" count="0" type="stmt"/>
        <line num="290" count="0" type="stmt"/>
        <line num="291" count="0" type="stmt"/>
        <line num="292" count="0" type="stmt"/>
        <line num="293" count="0" type="stmt"/>
        <line num="294" count="0" type="stmt"/>
        <line num="297" count="0" type="stmt"/>
        <line num="299" count="0" type="stmt"/>
        <line num="300" count="0" type="stmt"/>
        <line num="301" count="0" type="cond" truecount="0" falsecount="2"/>
        <line num="305" count="0" type="stmt"/>
        <line num="311" count="0" type="stmt"/>
        <line num="312" count="0" type="stmt"/>
        <line num="316" count="0" type="stmt"/>
        <line num="320" count="0" type="stmt"/>
        <line num="325" count="0" type="stmt"/>
        <line num="338" count="0" type="stmt"/>
        <line num="352" count="0" type="stmt"/>
        <line num="354" count="0" type="stmt"/>
        <line num="355" count="0" type="stmt"/>
        <line num="356" count="0" type="stmt"/>
        <line num="363" count="0" type="stmt"/>
        <line num="364" count="0" type="stmt"/>
        <line num="366" count="0" type="stmt"/>
        <line num="369" count="0" type="cond" truecount="0" falsecount="2"/>
        <line num="370" count="0" type="stmt"/>
        <line num="372" count="0" type="stmt"/>
        <line num="383" count="0" type="cond" truecount="0" falsecount="2"/>
        <line num="384" count="0" type="stmt"/>
        <line num="386" count="0" type="stmt"/>
        <line num="391" count="0" type="stmt"/>
        <line num="395" count="0" type="cond" truecount="0" falsecount="4"/>
        <line num="396" count="0" type="stmt"/>
        <line num="403" count="0" type="cond" truecount="0" falsecount="2"/>
        <line num="404" count="0" type="stmt"/>
        <line num="406" count="0" type="stmt"/>
        <line num="417" count="0" type="stmt"/>
        <line num="418" count="0" type="stmt"/>
        <line num="420" count="0" type="stmt"/>
        <line num="423" count="0" type="cond" truecount="0" falsecount="2"/>
        <line num="424" count="0" type="stmt"/>
        <line num="426" count="0" type="stmt"/>
        <line num="431" count="0" type="stmt"/>
        <line num="435" count="0" type="stmt"/>
        <line num="455" count="0" type="stmt"/>
        <line num="458" count="0" type="stmt"/>
        <line num="460" count="0" type="stmt"/>
        <line num="465" count="0" type="stmt"/>
        <line num="466" count="0" type="stmt"/>
        <line num="474" count="0" type="stmt"/>
        <line num="475" count="0" type="cond" truecount="0" falsecount="2"/>
        <line num="476" count="0" type="stmt"/>
        <line num="481" count="0" type="stmt"/>
        <line num="482" count="0" type="stmt"/>
        <line num="483" count="0" type="cond" truecount="0" falsecount="2"/>
        <line num="484" count="0" type="stmt"/>
        <line num="489" count="0" type="stmt"/>
        <line num="490" count="0" type="stmt"/>
        <line num="491" count="0" type="stmt"/>
        <line num="492" count="0" type="stmt"/>
        <line num="493" count="0" type="cond" truecount="0" falsecount="4"/>
        <line num="494" count="0" type="stmt"/>
        <line num="496" count="0" type="stmt"/>
        <line num="497" count="0" type="stmt"/>
        <line num="499" count="0" type="stmt"/>
        <line num="500" count="0" type="stmt"/>
        <line num="508" count="0" type="stmt"/>
        <line num="509" count="0" type="cond" truecount="0" falsecount="2"/>
        <line num="510" count="0" type="stmt"/>
        <line num="515" count="0" type="stmt"/>
        <line num="516" count="0" type="stmt"/>
        <line num="532" count="0" type="cond" truecount="0" falsecount="2"/>
        <line num="533" count="0" type="stmt"/>
        <line num="539" count="0" type="stmt"/>
        <line num="548" count="0" type="stmt"/>
        <line num="549" count="0" type="stmt"/>
        <line num="557" count="0" type="stmt"/>
        <line num="558" count="0" type="cond" truecount="0" falsecount="2"/>
        <line num="559" count="0" type="stmt"/>
        <line num="565" count="0" type="stmt"/>
        <line num="566" count="0" type="cond" truecount="0" falsecount="2"/>
        <line num="567" count="0" type="stmt"/>
        <line num="568" count="0" type="cond" truecount="0" falsecount="2"/>
        <line num="569" count="0" type="stmt"/>
        <line num="575" count="0" type="stmt"/>
        <line num="581" count="0" type="stmt"/>
        <line num="586" count="0" type="cond" truecount="0" falsecount="2"/>
        <line num="587" count="0" type="stmt"/>
        <line num="588" count="0" type="stmt"/>
        <line num="589" count="0" type="stmt"/>
        <line num="591" count="0" type="stmt"/>
        <line num="594" count="0" type="stmt"/>
        <line num="602" count="0" type="stmt"/>
        <line num="608" count="0" type="stmt"/>
        <line num="615" count="6" type="stmt"/>
        <line num="616" count="6" type="stmt"/>
        <line num="618" count="6" type="stmt"/>
        <line num="626" count="6" type="cond" truecount="2" falsecount="0"/>
        <line num="627" count="1" type="stmt"/>
        <line num="633" count="5" type="cond" truecount="2" falsecount="0"/>
        <line num="634" count="1" type="stmt"/>
        <line num="637" count="5" type="cond" truecount="2" falsecount="0"/>
        <line num="638" count="1" type="stmt"/>
        <line num="641" count="5" type="cond" truecount="2" falsecount="0"/>
        <line num="642" count="3" type="cond" truecount="1" falsecount="1"/>
        <line num="643" count="0" type="stmt"/>
        <line num="648" count="3" type="stmt"/>
        <line num="649" count="3" type="stmt"/>
        <line num="651" count="4" type="stmt"/>
        <line num="652" count="4" type="stmt"/>
        <line num="653" count="3" type="stmt"/>
        <line num="658" count="3" type="stmt"/>
        <line num="659" count="3" type="stmt"/>
        <line num="660" count="3" type="stmt"/>
        <line num="661" count="3" type="stmt"/>
        <line num="663" count="3" type="stmt"/>
        <line num="664" count="4" type="stmt"/>
        <line num="665" count="4" type="stmt"/>
        <line num="667" count="3" type="stmt"/>
        <line num="668" count="3" type="stmt"/>
        <line num="669" count="3" type="stmt"/>
        <line num="670" count="4" type="stmt"/>
        <line num="672" count="3" type="cond" truecount="2" falsecount="0"/>
        <line num="673" count="1" type="stmt"/>
        <line num="675" count="1" type="stmt"/>
        <line num="684" count="3" type="cond" truecount="2" falsecount="0"/>
        <line num="685" count="2" type="stmt"/>
        <line num="687" count="2" type="stmt"/>
        <line num="696" count="3" type="cond" truecount="2" falsecount="0"/>
        <line num="697" count="1" type="stmt"/>
        <line num="699" count="1" type="stmt"/>
        <line num="704" count="1" type="stmt"/>
        <line num="707" count="3" type="stmt"/>
        <line num="709" count="0" type="stmt"/>
        <line num="710" count="0" type="stmt"/>
        <line num="716" count="5" type="cond" truecount="2" falsecount="0"/>
        <line num="717" count="1" type="stmt"/>
        <line num="718" count="1" type="cond" truecount="1" falsecount="1"/>
        <line num="719" count="0" type="stmt"/>
        <line num="720" count="1" type="stmt"/>
        <line num="725" count="1" type="stmt"/>
        <line num="726" count="1" type="stmt"/>
        <line num="727" count="1" type="stmt"/>
        <line num="728" count="1" type="stmt"/>
        <line num="729" count="1" type="stmt"/>
        <line num="730" count="0" type="stmt"/>
        <line num="732" count="1" type="stmt"/>
        <line num="733" count="0" type="stmt"/>
        <line num="734" count="0" type="stmt"/>
        <line num="737" count="1" type="cond" truecount="1" falsecount="1"/>
        <line num="738" count="0" type="stmt"/>
        <line num="741" count="0" type="stmt"/>
        <line num="750" count="1" type="cond" truecount="1" falsecount="1"/>
        <line num="751" count="1" type="stmt"/>
        <line num="753" count="1" type="stmt"/>
        <line num="758" count="1" type="stmt"/>
        <line num="759" count="1" type="stmt"/>
        <line num="761" count="1" type="cond" truecount="1" falsecount="1"/>
        <line num="762" count="1" type="stmt"/>
        <line num="765" count="1" type="stmt"/>
        <line num="774" count="1" type="stmt"/>
        <line num="776" count="0" type="stmt"/>
        <line num="777" count="0" type="stmt"/>
        <line num="784" count="5" type="cond" truecount="1" falsecount="1"/>
        <line num="785" count="0" type="stmt"/>
        <line num="787" count="5" type="stmt"/>
        <line num="788" count="5" type="stmt"/>
        <line num="790" count="5" type="cond" truecount="1" falsecount="1"/>
        <line num="791" count="0" type="stmt"/>
        <line num="797" count="5" type="stmt"/>
        <line num="802" count="0" type="stmt"/>
        <line num="803" count="0" type="stmt"/>
        <line num="811" count="6" type="stmt"/>
        <line num="812" count="6" type="stmt"/>
        <line num="813" count="6" type="stmt"/>
        <line num="814" count="6" type="stmt"/>
        <line num="815" count="6" type="stmt"/>
        <line num="817" count="6" type="stmt"/>
        <line num="818" count="6" type="stmt"/>
        <line num="819" count="6" type="stmt"/>
        <line num="820" count="6" type="stmt"/>
        <line num="821" count="6" type="stmt"/>
        <line num="826" count="7" type="stmt"/>
        <line num="827" count="6" type="stmt"/>
        <line num="829" count="5" type="stmt"/>
        <line num="832" count="6" type="stmt"/>
        <line num="833" count="6" type="stmt"/>
        <line num="835" count="2" type="stmt"/>
        <line num="838" count="6" type="stmt"/>
        <line num="840" count="0" type="stmt"/>
        <line num="846" count="6" type="cond" truecount="2" falsecount="0"/>
        <line num="847" count="1" type="stmt"/>
        <line num="853" count="5" type="stmt"/>
        <line num="854" count="3" type="stmt"/>
        <line num="855" count="5" type="stmt"/>
        <line num="856" count="1" type="stmt"/>
        <line num="858" count="5" type="cond" truecount="2" falsecount="0"/>
        <line num="859" count="2" type="stmt"/>
        <line num="860" count="2" type="stmt"/>
        <line num="862" count="2" type="stmt"/>
        <line num="867" count="2" type="stmt"/>
        <line num="869" count="0" type="stmt"/>
        <line num="876" count="5" type="cond" truecount="2" falsecount="0"/>
        <line num="877" count="1" type="stmt"/>
        <line num="878" count="1" type="stmt"/>
        <line num="880" count="1" type="stmt"/>
        <line num="885" count="1" type="stmt"/>
        <line num="887" count="0" type="stmt"/>
        <line num="894" count="5" type="stmt"/>
        <line num="895" count="2" type="stmt"/>
        <line num="896" count="2" type="stmt"/>
        <line num="900" count="5" type="stmt"/>
        <line num="901" count="1" type="stmt"/>
        <line num="902" count="1" type="stmt"/>
        <line num="906" count="5" type="stmt"/>
        <line num="908" count="3" type="stmt"/>
        <line num="910" count="3" type="stmt"/>
        <line num="914" count="5" type="stmt"/>
        <line num="916" count="1" type="stmt"/>
        <line num="918" count="1" type="stmt"/>
        <line num="923" count="5" type="stmt"/>
        <line num="924" count="7" type="stmt"/>
        <line num="925" count="7" type="stmt"/>
        <line num="926" count="7" type="stmt"/>
        <line num="928" count="7" type="stmt"/>
        <line num="929" count="7" type="cond" truecount="4" falsecount="0"/>
        <line num="930" count="6" type="stmt"/>
        <line num="931" count="4" type="stmt"/>
        <line num="933" count="6" type="stmt"/>
        <line num="935" count="8" type="stmt"/>
        <line num="936" count="3" type="stmt"/>
        <line num="939" count="7" type="cond" truecount="4" falsecount="0"/>
        <line num="940" count="1" type="stmt"/>
        <line num="941" count="1" type="stmt"/>
        <line num="943" count="1" type="stmt"/>
        <line num="945" count="1" type="stmt"/>
        <line num="946" count="1" type="stmt"/>
        <line num="950" count="7" type="stmt"/>
        <line num="951" count="4" type="cond" truecount="2" falsecount="0"/>
        <line num="952" count="3" type="stmt"/>
        <line num="955" count="7" type="stmt"/>
        <line num="956" count="1" type="cond" truecount="1" falsecount="1"/>
        <line num="957" count="1" type="stmt"/>
        <line num="960" count="7" type="stmt"/>
        <line num="961" count="5" type="cond" truecount="1" falsecount="1"/>
        <line num="962" count="3" type="stmt"/>
        <line num="965" count="7" type="stmt"/>
        <line num="966" count="1" type="cond" truecount="1" falsecount="1"/>
        <line num="967" count="1" type="stmt"/>
        <line num="971" count="7" type="stmt"/>
        <line num="973" count="7" type="stmt"/>
        <line num="974" count="7" type="stmt"/>
        <line num="976" count="0" type="stmt"/>
        <line num="980" count="7" type="stmt"/>
        <line num="981" count="7" type="stmt"/>
        <line num="983" count="7" type="stmt"/>
        <line num="985" count="5" type="stmt"/>
        <line num="987" count="4" type="stmt"/>
        <line num="988" count="4" type="stmt"/>
        <line num="992" count="0" type="stmt"/>
        <line num="997" count="5" type="stmt"/>
        <line num="999" count="2" type="stmt"/>
        <line num="1001" count="2" type="stmt"/>
        <line num="1002" count="2" type="stmt"/>
        <line num="1006" count="0" type="stmt"/>
        <line num="1011" count="5" type="stmt"/>
      </file>
    </package>
    <package name="src.controllers.helpers">
      <metrics statements="26" coveredstatements="1" conditionals="24" coveredconditionals="0" methods="5" coveredmethods="0"/>
      <file name="escape-regex.ts" path="C:\apps\new-hydra\image\src\controllers\helpers\escape-regex.ts">
        <metrics statements="1" coveredstatements="0" conditionals="0" coveredconditionals="0" methods="1" coveredmethods="0"/>
        <line num="2" count="0" type="stmt"/>
      </file>
      <file name="parse-sort-query.ts" path="C:\apps\new-hydra\image\src\controllers\helpers\parse-sort-query.ts">
        <metrics statements="25" coveredstatements="1" conditionals="24" coveredconditionals="0" methods="4" coveredmethods="0"/>
        <line num="6" count="2" type="stmt"/>
        <line num="11" count="0" type="stmt"/>
        <line num="12" count="0" type="stmt"/>
        <line num="14" count="0" type="cond" truecount="0" falsecount="2"/>
        <line num="18" count="0" type="stmt"/>
        <line num="20" count="0" type="cond" truecount="0" falsecount="4"/>
        <line num="23" count="0" type="stmt"/>
        <line num="26" count="0" type="cond" truecount="0" falsecount="2"/>
        <line num="30" count="0" type="stmt"/>
        <line num="32" count="0" type="cond" truecount="0" falsecount="4"/>
        <line num="35" count="0" type="stmt"/>
        <line num="36" count="0" type="stmt"/>
        <line num="39" count="0" type="stmt"/>
        <line num="43" count="0" type="cond" truecount="0" falsecount="2"/>
        <line num="44" count="0" type="stmt"/>
        <line num="45" count="0" type="stmt"/>
        <line num="46" count="0" type="stmt"/>
        <line num="47" count="0" type="stmt"/>
        <line num="48" count="0" type="stmt"/>
        <line num="49" count="0" type="cond" truecount="0" falsecount="4"/>
        <line num="50" count="0" type="stmt"/>
        <line num="51" count="0" type="cond" truecount="0" falsecount="2"/>
        <line num="52" count="0" type="stmt"/>
        <line num="55" count="0" type="stmt"/>
        <line num="59" count="0" type="stmt"/>
      </file>
    </package>
    <package name="src.db.models">
      <metrics statements="3" coveredstatements="3" conditionals="0" coveredconditionals="0" methods="0" coveredmethods="0"/>
      <file name="Collection.ts" path="C:\apps\new-hydra\image\src\db\models\Collection.ts">
        <metrics statements="1" coveredstatements="1" conditionals="0" coveredconditionals="0" methods="0" coveredmethods="0"/>
        <line num="13" count="2" type="stmt"/>
      </file>
      <file name="Photo.ts" path="C:\apps\new-hydra\image\src\db\models\Photo.ts">
        <metrics statements="1" coveredstatements="1" conditionals="0" coveredconditionals="0" methods="0" coveredmethods="0"/>
        <line num="30" count="2" type="stmt"/>
      </file>
      <file name="Tag.ts" path="C:\apps\new-hydra\image\src\db\models\Tag.ts">
        <metrics statements="1" coveredstatements="1" conditionals="0" coveredconditionals="0" methods="0" coveredmethods="0"/>
        <line num="13" count="2" type="stmt"/>
      </file>
    </package>
  </project>
</coverage>
