{"C:\\apps\\new-hydra\\image\\src\\settings.ts": {"path":"C:\\apps\\new-hydra\\image\\src\\settings.ts","statementMap":{"0":{"start":{"line":5,"column":0},"end":{"line":5,"column":null}},"1":{"start":{"line":7,"column":18},"end":{"line":28,"column":2}},"2":{"start":{"line":30,"column":15},"end":{"line":30,"column":47}},"3":{"start":{"line":32,"column":0},"end":{"line":35,"column":null}},"4":{"start":{"line":33,"column":2},"end":{"line":33,"column":null}},"5":{"start":{"line":34,"column":2},"end":{"line":34,"column":null}},"6":{"start":{"line":35,"column":2},"end":{"line":35,"column":null}},"7":{"start":{"line":38,"column":12},"end":{"line":38,"column":null}},"8":{"start":{"line":40,"column":24},"end":{"line":61,"column":null}}},"fnMap":{},"branchMap":{"0":{"loc":{"start":{"line":32,"column":0},"end":{"line":35,"column":null}},"type":"if","locations":[{"start":{"line":32,"column":0},"end":{"line":35,"column":null}},{"start":{},"end":{}}],"line":32}},"s":{"0":2,"1":2,"2":2,"3":2,"4":0,"5":0,"6":0,"7":2,"8":2},"f":{},"b":{"0":[0,2]},"meta":{"lastBranch":1,"lastFunction":0,"lastStatement":9,"seen":{"s:5:0:5:Infinity":0,"s:7:18:28:2":1,"s:30:15:30:47":2,"b:32:0:35:Infinity:undefined:undefined:undefined:undefined":0,"s:32:0:35:Infinity":3,"s:33:2:33:Infinity":4,"s:34:2:34:Infinity":5,"s:35:2:35:Infinity":6,"s:38:12:38:Infinity":7,"s:40:24:61:Infinity":8}}}
,"C:\\apps\\new-hydra\\image\\src\\consts\\mime.const.ts": {"path":"C:\\apps\\new-hydra\\image\\src\\consts\\mime.const.ts","statementMap":{"0":{"start":{"line":2,"column":25},"end":{"line":23,"column":null}}},"fnMap":{},"branchMap":{},"s":{"0":2},"f":{},"b":{},"meta":{"lastBranch":0,"lastFunction":0,"lastStatement":1,"seen":{"s:2:25:23:Infinity":0}}}
,"C:\\apps\\new-hydra\\image\\src\\controllers\\photo.controller.ts": {"path":"C:\\apps\\new-hydra\\image\\src\\controllers\\photo.controller.ts","statementMap":{"0":{"start":{"line":18,"column":2},"end":{"line":20,"column":null}},"1":{"start":{"line":23,"column":74},"end":{"line":40,"column":null}},"2":{"start":{"line":41,"column":49},"end":{"line":42,"column":null}},"3":{"start":{"line":46,"column":26},"end":{"line":46,"column":null}},"4":{"start":{"line":47,"column":13},"end":{"line":47,"column":null}},"5":{"start":{"line":48,"column":14},"end":{"line":48,"column":null}},"6":{"start":{"line":49,"column":34},"end":{"line":52,"column":null}},"7":{"start":{"line":54,"column":25},"end":{"line":54,"column":27}},"8":{"start":{"line":56,"column":2},"end":{"line":60,"column":null}},"9":{"start":{"line":57,"column":4},"end":{"line":60,"column":null}},"10":{"start":{"line":58,"column":6},"end":{"line":58,"column":null}},"11":{"start":{"line":60,"column":6},"end":{"line":60,"column":null}},"12":{"start":{"line":64,"column":2},"end":{"line":181,"column":null}},"13":{"start":{"line":65,"column":4},"end":{"line":86,"column":null}},"14":{"start":{"line":66,"column":21},"end":{"line":66,"column":65}},"15":{"start":{"line":67,"column":6},"end":{"line":68,"column":null}},"16":{"start":{"line":68,"column":8},"end":{"line":68,"column":null}},"17":{"start":{"line":70,"column":12},"end":{"line":70,"column":44}},"18":{"start":{"line":71,"column":6},"end":{"line":86,"column":null}},"19":{"start":{"line":89,"column":4},"end":{"line":123,"column":null}},"20":{"start":{"line":90,"column":6},"end":{"line":123,"column":null}},"21":{"start":{"line":91,"column":22},"end":{"line":92,"column":67}},"22":{"start":{"line":92,"column":22},"end":{"line":92,"column":66}},"23":{"start":{"line":94,"column":25},"end":{"line":98,"column":10}},"24":{"start":{"line":100,"column":8},"end":{"line":109,"column":null}},"25":{"start":{"line":101,"column":27},"end":{"line":101,"column":29}},"26":{"start":{"line":102,"column":10},"end":{"line":106,"column":null}},"27":{"start":{"line":103,"column":12},"end":{"line":105,"column":null}},"28":{"start":{"line":107,"column":10},"end":{"line":109,"column":null}},"29":{"start":{"line":112,"column":21},"end":{"line":114,"column":24}},"30":{"start":{"line":116,"column":24},"end":{"line":118,"column":10}},"31":{"start":{"line":120,"column":8},"end":{"line":123,"column":null}},"32":{"start":{"line":121,"column":10},"end":{"line":123,"column":null}},"33":{"start":{"line":128,"column":4},"end":{"line":164,"column":null}},"34":{"start":{"line":129,"column":6},"end":{"line":164,"column":null}},"35":{"start":{"line":130,"column":35},"end":{"line":130,"column":37}},"36":{"start":{"line":131,"column":29},"end":{"line":132,"column":53}},"37":{"start":{"line":132,"column":22},"end":{"line":132,"column":52}},"38":{"start":{"line":134,"column":32},"end":{"line":138,"column":10}},"39":{"start":{"line":140,"column":8},"end":{"line":145,"column":null}},"40":{"start":{"line":141,"column":10},"end":{"line":145,"column":null}},"41":{"start":{"line":142,"column":12},"end":{"line":144,"column":null}},"42":{"start":{"line":148,"column":8},"end":{"line":151,"column":null}},"43":{"start":{"line":149,"column":10},"end":{"line":151,"column":null}},"44":{"start":{"line":154,"column":27},"end":{"line":155,"column":17}},"45":{"start":{"line":157,"column":31},"end":{"line":159,"column":10}},"46":{"start":{"line":161,"column":8},"end":{"line":164,"column":null}},"47":{"start":{"line":162,"column":10},"end":{"line":164,"column":null}},"48":{"start":{"line":169,"column":4},"end":{"line":174,"column":null}},"49":{"start":{"line":170,"column":6},"end":{"line":172,"column":null}},"50":{"start":{"line":173,"column":15},"end":{"line":174,"column":null}},"51":{"start":{"line":174,"column":6},"end":{"line":174,"column":null}},"52":{"start":{"line":177,"column":4},"end":{"line":177,"column":null}},"53":{"start":{"line":178,"column":4},"end":{"line":181,"column":null}},"54":{"start":{"line":184,"column":24},"end":{"line":184,"column":null}},"55":{"start":{"line":185,"column":2},"end":{"line":190,"column":null}},"56":{"start":{"line":186,"column":23},"end":{"line":186,"column":45}},"57":{"start":{"line":187,"column":4},"end":{"line":188,"column":null}},"58":{"start":{"line":188,"column":6},"end":{"line":188,"column":null}},"59":{"start":{"line":190,"column":4},"end":{"line":190,"column":null}},"60":{"start":{"line":192,"column":2},"end":{"line":197,"column":null}},"61":{"start":{"line":193,"column":24},"end":{"line":193,"column":47}},"62":{"start":{"line":194,"column":4},"end":{"line":195,"column":null}},"63":{"start":{"line":195,"column":6},"end":{"line":195,"column":null}},"64":{"start":{"line":197,"column":4},"end":{"line":197,"column":null}},"65":{"start":{"line":200,"column":15},"end":{"line":200,"column":null}},"66":{"start":{"line":201,"column":6},"end":{"line":204,"column":null}},"67":{"start":{"line":207,"column":2},"end":{"line":208,"column":null}},"68":{"start":{"line":208,"column":4},"end":{"line":208,"column":null}},"69":{"start":{"line":211,"column":2},"end":{"line":255,"column":null}},"70":{"start":{"line":212,"column":19},"end":{"line":226,"column":8}},"71":{"start":{"line":228,"column":4},"end":{"line":249,"column":null}},"72":{"start":{"line":230,"column":8},"end":{"line":238,"column":null}},"73":{"start":{"line":251,"column":4},"end":{"line":251,"column":null}},"74":{"start":{"line":252,"column":4},"end":{"line":255,"column":null}},"75":{"start":{"line":266,"column":6},"end":{"line":266,"column":null}},"76":{"start":{"line":269,"column":2},"end":{"line":273,"column":null}},"77":{"start":{"line":270,"column":4},"end":{"line":273,"column":null}},"78":{"start":{"line":277,"column":2},"end":{"line":287,"column":null}},"79":{"start":{"line":281,"column":31},"end":{"line":281,"column":53}},"80":{"start":{"line":284,"column":4},"end":{"line":287,"column":null}},"81":{"start":{"line":290,"column":2},"end":{"line":469,"column":null}},"82":{"start":{"line":291,"column":16},"end":{"line":291,"column":26}},"83":{"start":{"line":292,"column":16},"end":{"line":292,"column":33}},"84":{"start":{"line":293,"column":18},"end":{"line":293,"column":52}},"85":{"start":{"line":294,"column":16},"end":{"line":294,"column":60}},"86":{"start":{"line":297,"column":4},"end":{"line":297,"column":null}},"87":{"start":{"line":299,"column":10},"end":{"line":299,"column":61}},"88":{"start":{"line":300,"column":21},"end":{"line":300,"column":42}},"89":{"start":{"line":301,"column":4},"end":{"line":312,"column":null}},"90":{"start":{"line":305,"column":25},"end":{"line":308,"column":null}},"91":{"start":{"line":311,"column":6},"end":{"line":311,"column":null}},"92":{"start":{"line":312,"column":6},"end":{"line":312,"column":null}},"93":{"start":{"line":316,"column":22},"end":{"line":319,"column":16}},"94":{"start":{"line":320,"column":24},"end":{"line":323,"column":16}},"95":{"start":{"line":325,"column":4},"end":{"line":337,"column":null}},"96":{"start":{"line":338,"column":4},"end":{"line":349,"column":null}},"97":{"start":{"line":352,"column":31},"end":{"line":355,"column":55}},"98":{"start":{"line":354,"column":32},"end":{"line":354,"column":55}},"99":{"start":{"line":355,"column":29},"end":{"line":355,"column":54}},"100":{"start":{"line":356,"column":21},"end":{"line":360,"column":6}},"101":{"start":{"line":363,"column":28},"end":{"line":364,"column":63}},"102":{"start":{"line":364,"column":22},"end":{"line":364,"column":62}},"103":{"start":{"line":364,"column":44},"end":{"line":364,"column":62}},"104":{"start":{"line":366,"column":18},"end":{"line":366,"column":46}},"105":{"start":{"line":366,"column":38},"end":{"line":366,"column":46}},"106":{"start":{"line":369,"column":4},"end":{"line":379,"column":null}},"107":{"start":{"line":370,"column":6},"end":{"line":379,"column":null}},"108":{"start":{"line":372,"column":35},"end":{"line":372,"column":43}},"109":{"start":{"line":383,"column":4},"end":{"line":391,"column":null}},"110":{"start":{"line":384,"column":29},"end":{"line":389,"column":null}},"111":{"start":{"line":386,"column":24},"end":{"line":389,"column":13}},"112":{"start":{"line":391,"column":6},"end":{"line":391,"column":null}},"113":{"start":{"line":391,"column":57},"end":{"line":391,"column":65}},"114":{"start":{"line":395,"column":38},"end":{"line":395,"column":115}},"115":{"start":{"line":396,"column":28},"end":{"line":400,"column":6}},"116":{"start":{"line":403,"column":4},"end":{"line":413,"column":null}},"117":{"start":{"line":404,"column":6},"end":{"line":413,"column":null}},"118":{"start":{"line":406,"column":42},"end":{"line":406,"column":50}},"119":{"start":{"line":417,"column":35},"end":{"line":418,"column":70}},"120":{"start":{"line":418,"column":22},"end":{"line":418,"column":69}},"121":{"start":{"line":418,"column":51},"end":{"line":418,"column":69}},"122":{"start":{"line":420,"column":24},"end":{"line":420,"column":59}},"123":{"start":{"line":420,"column":51},"end":{"line":420,"column":59}},"124":{"start":{"line":423,"column":4},"end":{"line":431,"column":null}},"125":{"start":{"line":424,"column":29},"end":{"line":429,"column":null}},"126":{"start":{"line":426,"column":24},"end":{"line":429,"column":13}},"127":{"start":{"line":431,"column":6},"end":{"line":431,"column":null}},"128":{"start":{"line":431,"column":69},"end":{"line":431,"column":77}},"129":{"start":{"line":435,"column":21},"end":{"line":454,"column":null}},"130":{"start":{"line":455,"column":18},"end":{"line":455,"column":37}},"131":{"start":{"line":458,"column":4},"end":{"line":458,"column":null}},"132":{"start":{"line":460,"column":4},"end":{"line":463,"column":null}},"133":{"start":{"line":465,"column":4},"end":{"line":465,"column":null}},"134":{"start":{"line":466,"column":4},"end":{"line":469,"column":null}},"135":{"start":{"line":474,"column":17},"end":{"line":474,"column":null}},"136":{"start":{"line":475,"column":2},"end":{"line":479,"column":null}},"137":{"start":{"line":476,"column":4},"end":{"line":479,"column":null}},"138":{"start":{"line":481,"column":2},"end":{"line":503,"column":null}},"139":{"start":{"line":482,"column":18},"end":{"line":482,"column":42}},"140":{"start":{"line":483,"column":4},"end":{"line":487,"column":null}},"141":{"start":{"line":484,"column":6},"end":{"line":487,"column":null}},"142":{"start":{"line":489,"column":17},"end":{"line":489,"column":null}},"143":{"start":{"line":490,"column":4},"end":{"line":490,"column":null}},"144":{"start":{"line":491,"column":21},"end":{"line":491,"column":73}},"145":{"start":{"line":492,"column":19},"end":{"line":492,"column":68}},"146":{"start":{"line":492,"column":39},"end":{"line":492,"column":68}},"147":{"start":{"line":493,"column":4},"end":{"line":494,"column":null}},"148":{"start":{"line":494,"column":6},"end":{"line":494,"column":null}},"149":{"start":{"line":496,"column":21},"end":{"line":496,"column":46}},"150":{"start":{"line":497,"column":4},"end":{"line":497,"column":null}},"151":{"start":{"line":499,"column":4},"end":{"line":499,"column":null}},"152":{"start":{"line":500,"column":4},"end":{"line":503,"column":null}},"153":{"start":{"line":508,"column":17},"end":{"line":508,"column":null}},"154":{"start":{"line":509,"column":2},"end":{"line":513,"column":null}},"155":{"start":{"line":510,"column":4},"end":{"line":513,"column":null}},"156":{"start":{"line":515,"column":2},"end":{"line":552,"column":null}},"157":{"start":{"line":516,"column":18},"end":{"line":530,"column":8}},"158":{"start":{"line":532,"column":4},"end":{"line":536,"column":null}},"159":{"start":{"line":533,"column":6},"end":{"line":536,"column":null}},"160":{"start":{"line":539,"column":4},"end":{"line":546,"column":null}},"161":{"start":{"line":548,"column":4},"end":{"line":548,"column":null}},"162":{"start":{"line":549,"column":4},"end":{"line":552,"column":null}},"163":{"start":{"line":557,"column":17},"end":{"line":557,"column":null}},"164":{"start":{"line":558,"column":2},"end":{"line":562,"column":null}},"165":{"start":{"line":559,"column":4},"end":{"line":562,"column":null}},"166":{"start":{"line":565,"column":2},"end":{"line":605,"column":null}},"167":{"start":{"line":566,"column":4},"end":{"line":599,"column":null}},"168":{"start":{"line":567,"column":20},"end":{"line":567,"column":44}},"169":{"start":{"line":568,"column":6},"end":{"line":572,"column":null}},"170":{"start":{"line":569,"column":8},"end":{"line":572,"column":null}},"171":{"start":{"line":575,"column":6},"end":{"line":579,"column":null}},"172":{"start":{"line":581,"column":6},"end":{"line":585,"column":null}},"173":{"start":{"line":586,"column":6},"end":{"line":591,"column":null}},"174":{"start":{"line":587,"column":8},"end":{"line":587,"column":null}},"175":{"start":{"line":588,"column":8},"end":{"line":588,"column":null}},"176":{"start":{"line":589,"column":8},"end":{"line":589,"column":null}},"177":{"start":{"line":591,"column":8},"end":{"line":591,"column":null}},"178":{"start":{"line":594,"column":20},"end":{"line":599,"column":8}},"179":{"start":{"line":602,"column":4},"end":{"line":605,"column":null}},"180":{"start":{"line":608,"column":2},"end":{"line":611,"column":null}},"181":{"start":{"line":615,"column":17},"end":{"line":615,"column":null}},"182":{"start":{"line":616,"column":18},"end":{"line":616,"column":20}},"183":{"start":{"line":618,"column":24},"end":{"line":624,"column":6}},"184":{"start":{"line":626,"column":2},"end":{"line":630,"column":null}},"185":{"start":{"line":627,"column":4},"end":{"line":630,"column":null}},"186":{"start":{"line":633,"column":2},"end":{"line":634,"column":null}},"187":{"start":{"line":634,"column":4},"end":{"line":634,"column":null}},"188":{"start":{"line":637,"column":2},"end":{"line":638,"column":null}},"189":{"start":{"line":638,"column":4},"end":{"line":638,"column":null}},"190":{"start":{"line":641,"column":2},"end":{"line":713,"column":null}},"191":{"start":{"line":642,"column":4},"end":{"line":646,"column":null}},"192":{"start":{"line":643,"column":6},"end":{"line":646,"column":null}},"193":{"start":{"line":648,"column":4},"end":{"line":713,"column":null}},"194":{"start":{"line":649,"column":33},"end":{"line":652,"column":57}},"195":{"start":{"line":651,"column":34},"end":{"line":651,"column":57}},"196":{"start":{"line":652,"column":31},"end":{"line":652,"column":56}},"197":{"start":{"line":653,"column":23},"end":{"line":657,"column":8}},"198":{"start":{"line":658,"column":20},"end":{"line":658,"column":48}},"199":{"start":{"line":658,"column":40},"end":{"line":658,"column":48}},"200":{"start":{"line":659,"column":30},"end":{"line":661,"column":null}},"201":{"start":{"line":660,"column":24},"end":{"line":661,"column":43}},"202":{"start":{"line":661,"column":21},"end":{"line":661,"column":42}},"203":{"start":{"line":663,"column":34},"end":{"line":665,"column":null}},"204":{"start":{"line":664,"column":23},"end":{"line":665,"column":43}},"205":{"start":{"line":665,"column":21},"end":{"line":665,"column":42}},"206":{"start":{"line":667,"column":30},"end":{"line":668,"column":73}},"207":{"start":{"line":668,"column":23},"end":{"line":668,"column":72}},"208":{"start":{"line":668,"column":50},"end":{"line":668,"column":71}},"209":{"start":{"line":669,"column":30},"end":{"line":670,"column":65}},"210":{"start":{"line":670,"column":24},"end":{"line":670,"column":64}},"211":{"start":{"line":670,"column":46},"end":{"line":670,"column":64}},"212":{"start":{"line":672,"column":6},"end":{"line":682,"column":null}},"213":{"start":{"line":673,"column":8},"end":{"line":682,"column":null}},"214":{"start":{"line":675,"column":44},"end":{"line":675,"column":52}},"215":{"start":{"line":684,"column":6},"end":{"line":694,"column":null}},"216":{"start":{"line":685,"column":8},"end":{"line":694,"column":null}},"217":{"start":{"line":687,"column":47},"end":{"line":687,"column":55}},"218":{"start":{"line":696,"column":6},"end":{"line":704,"column":null}},"219":{"start":{"line":697,"column":31},"end":{"line":702,"column":null}},"220":{"start":{"line":699,"column":26},"end":{"line":702,"column":15}},"221":{"start":{"line":704,"column":8},"end":{"line":704,"column":null}},"222":{"start":{"line":704,"column":59},"end":{"line":704,"column":67}},"223":{"start":{"line":707,"column":6},"end":{"line":707,"column":null}},"224":{"start":{"line":709,"column":6},"end":{"line":709,"column":null}},"225":{"start":{"line":710,"column":6},"end":{"line":713,"column":null}},"226":{"start":{"line":716,"column":2},"end":{"line":780,"column":null}},"227":{"start":{"line":717,"column":4},"end":{"line":780,"column":null}},"228":{"start":{"line":718,"column":40},"end":{"line":719,"column":57}},"229":{"start":{"line":719,"column":34},"end":{"line":719,"column":57}},"230":{"start":{"line":720,"column":30},"end":{"line":724,"column":8}},"231":{"start":{"line":725,"column":27},"end":{"line":725,"column":62}},"232":{"start":{"line":725,"column":54},"end":{"line":725,"column":62}},"233":{"start":{"line":726,"column":37},"end":{"line":727,"column":72}},"234":{"start":{"line":727,"column":24},"end":{"line":727,"column":71}},"235":{"start":{"line":727,"column":53},"end":{"line":727,"column":71}},"236":{"start":{"line":728,"column":41},"end":{"line":730,"column":null}},"237":{"start":{"line":729,"column":23},"end":{"line":730,"column":43}},"238":{"start":{"line":730,"column":21},"end":{"line":730,"column":42}},"239":{"start":{"line":732,"column":37},"end":{"line":734,"column":null}},"240":{"start":{"line":733,"column":23},"end":{"line":734,"column":43}},"241":{"start":{"line":734,"column":21},"end":{"line":734,"column":42}},"242":{"start":{"line":737,"column":6},"end":{"line":747,"column":null}},"243":{"start":{"line":738,"column":8},"end":{"line":747,"column":null}},"244":{"start":{"line":741,"column":26},"end":{"line":741,"column":34}},"245":{"start":{"line":750,"column":6},"end":{"line":759,"column":null}},"246":{"start":{"line":751,"column":31},"end":{"line":756,"column":null}},"247":{"start":{"line":753,"column":26},"end":{"line":756,"column":15}},"248":{"start":{"line":758,"column":8},"end":{"line":759,"column":null}},"249":{"start":{"line":759,"column":44},"end":{"line":759,"column":52}},"250":{"start":{"line":761,"column":6},"end":{"line":771,"column":null}},"251":{"start":{"line":762,"column":8},"end":{"line":771,"column":null}},"252":{"start":{"line":765,"column":26},"end":{"line":765,"column":34}},"253":{"start":{"line":774,"column":6},"end":{"line":774,"column":null}},"254":{"start":{"line":776,"column":6},"end":{"line":776,"column":null}},"255":{"start":{"line":777,"column":6},"end":{"line":780,"column":null}},"256":{"start":{"line":784,"column":2},"end":{"line":785,"column":null}},"257":{"start":{"line":785,"column":4},"end":{"line":785,"column":null}},"258":{"start":{"line":787,"column":2},"end":{"line":806,"column":null}},"259":{"start":{"line":788,"column":18},"end":{"line":788,"column":57}},"260":{"start":{"line":790,"column":4},"end":{"line":794,"column":null}},"261":{"start":{"line":791,"column":6},"end":{"line":794,"column":null}},"262":{"start":{"line":797,"column":4},"end":{"line":800,"column":null}},"263":{"start":{"line":802,"column":4},"end":{"line":802,"column":null}},"264":{"start":{"line":803,"column":4},"end":{"line":806,"column":null}},"265":{"start":{"line":811,"column":24},"end":{"line":811,"column":null}},"266":{"start":{"line":812,"column":27},"end":{"line":812,"column":null}},"267":{"start":{"line":813,"column":30},"end":{"line":813,"column":null}},"268":{"start":{"line":814,"column":34},"end":{"line":814,"column":null}},"269":{"start":{"line":815,"column":37},"end":{"line":815,"column":null}},"270":{"start":{"line":817,"column":22},"end":{"line":817,"column":24}},"271":{"start":{"line":818,"column":28},"end":{"line":818,"column":30}},"272":{"start":{"line":819,"column":35},"end":{"line":819,"column":37}},"273":{"start":{"line":820,"column":2},"end":{"line":843,"column":null}},"274":{"start":{"line":821,"column":4},"end":{"line":825,"column":null}},"275":{"start":{"line":826,"column":4},"end":{"line":826,"column":null}},"276":{"start":{"line":826,"column":33},"end":{"line":826,"column":47}},"277":{"start":{"line":827,"column":4},"end":{"line":831,"column":null}},"278":{"start":{"line":829,"column":56},"end":{"line":829,"column":65}},"279":{"start":{"line":832,"column":4},"end":{"line":832,"column":null}},"280":{"start":{"line":832,"column":43},"end":{"line":832,"column":55}},"281":{"start":{"line":833,"column":4},"end":{"line":837,"column":null}},"282":{"start":{"line":835,"column":70},"end":{"line":835,"column":79}},"283":{"start":{"line":838,"column":4},"end":{"line":838,"column":null}},"284":{"start":{"line":838,"column":57},"end":{"line":838,"column":69}},"285":{"start":{"line":840,"column":4},"end":{"line":843,"column":null}},"286":{"start":{"line":846,"column":2},"end":{"line":850,"column":null}},"287":{"start":{"line":847,"column":4},"end":{"line":850,"column":null}},"288":{"start":{"line":853,"column":16},"end":{"line":854,"column":64}},"289":{"start":{"line":854,"column":19},"end":{"line":854,"column":63}},"290":{"start":{"line":854,"column":43},"end":{"line":854,"column":63}},"291":{"start":{"line":855,"column":23},"end":{"line":856,"column":71}},"292":{"start":{"line":856,"column":19},"end":{"line":856,"column":70}},"293":{"start":{"line":856,"column":50},"end":{"line":856,"column":70}},"294":{"start":{"line":858,"column":2},"end":{"line":872,"column":null}},"295":{"start":{"line":859,"column":4},"end":{"line":872,"column":null}},"296":{"start":{"line":860,"column":29},"end":{"line":865,"column":null}},"297":{"start":{"line":862,"column":23},"end":{"line":865,"column":13}},"298":{"start":{"line":867,"column":6},"end":{"line":867,"column":null}},"299":{"start":{"line":867,"column":42},"end":{"line":867,"column":54}},"300":{"start":{"line":869,"column":6},"end":{"line":872,"column":null}},"301":{"start":{"line":876,"column":2},"end":{"line":890,"column":null}},"302":{"start":{"line":877,"column":4},"end":{"line":890,"column":null}},"303":{"start":{"line":878,"column":29},"end":{"line":883,"column":null}},"304":{"start":{"line":880,"column":23},"end":{"line":883,"column":13}},"305":{"start":{"line":885,"column":6},"end":{"line":885,"column":null}},"306":{"start":{"line":885,"column":49},"end":{"line":885,"column":61}},"307":{"start":{"line":887,"column":6},"end":{"line":890,"column":null}},"308":{"start":{"line":894,"column":26},"end":{"line":899,"column":7}},"309":{"start":{"line":895,"column":19},"end":{"line":895,"column":64}},"310":{"start":{"line":895,"column":44},"end":{"line":895,"column":64}},"311":{"start":{"line":896,"column":17},"end":{"line":899,"column":7}},"312":{"start":{"line":900,"column":33},"end":{"line":905,"column":7}},"313":{"start":{"line":901,"column":19},"end":{"line":901,"column":71}},"314":{"start":{"line":901,"column":51},"end":{"line":901,"column":71}},"315":{"start":{"line":902,"column":17},"end":{"line":905,"column":7}},"316":{"start":{"line":906,"column":23},"end":{"line":913,"column":5}},"317":{"start":{"line":908,"column":21},"end":{"line":908,"column":68}},"318":{"start":{"line":908,"column":48},"end":{"line":908,"column":68}},"319":{"start":{"line":910,"column":16},"end":{"line":913,"column":5}},"320":{"start":{"line":914,"column":30},"end":{"line":921,"column":5}},"321":{"start":{"line":916,"column":21},"end":{"line":916,"column":75}},"322":{"start":{"line":916,"column":55},"end":{"line":916,"column":75}},"323":{"start":{"line":918,"column":16},"end":{"line":921,"column":5}},"324":{"start":{"line":923,"column":2},"end":{"line":976,"column":null}},"325":{"start":{"line":923,"column":15},"end":{"line":923,"column":18}},"326":{"start":{"line":924,"column":18},"end":{"line":924,"column":null}},"327":{"start":{"line":925,"column":25},"end":{"line":925,"column":40}},"328":{"start":{"line":926,"column":32},"end":{"line":926,"column":54}},"329":{"start":{"line":928,"column":20},"end":{"line":928,"column":22}},"330":{"start":{"line":929,"column":4},"end":{"line":937,"column":null}},"331":{"start":{"line":930,"column":22},"end":{"line":931,"column":71}},"332":{"start":{"line":931,"column":23},"end":{"line":931,"column":70}},"333":{"start":{"line":931,"column":52},"end":{"line":931,"column":69}},"334":{"start":{"line":933,"column":6},"end":{"line":937,"column":null}},"335":{"start":{"line":935,"column":34},"end":{"line":935,"column":81}},"336":{"start":{"line":935,"column":61},"end":{"line":935,"column":80}},"337":{"start":{"line":936,"column":30},"end":{"line":936,"column":38}},"338":{"start":{"line":939,"column":4},"end":{"line":947,"column":null}},"339":{"start":{"line":940,"column":29},"end":{"line":941,"column":78}},"340":{"start":{"line":941,"column":23},"end":{"line":941,"column":77}},"341":{"start":{"line":941,"column":59},"end":{"line":941,"column":76}},"342":{"start":{"line":943,"column":6},"end":{"line":947,"column":null}},"343":{"start":{"line":945,"column":34},"end":{"line":945,"column":88}},"344":{"start":{"line":945,"column":68},"end":{"line":945,"column":87}},"345":{"start":{"line":946,"column":37},"end":{"line":946,"column":45}},"346":{"start":{"line":950,"column":4},"end":{"line":954,"column":null}},"347":{"start":{"line":951,"column":6},"end":{"line":952,"column":null}},"348":{"start":{"line":951,"column":34},"end":{"line":951,"column":51}},"349":{"start":{"line":952,"column":8},"end":{"line":952,"column":null}},"350":{"start":{"line":955,"column":4},"end":{"line":959,"column":null}},"351":{"start":{"line":956,"column":6},"end":{"line":957,"column":null}},"352":{"start":{"line":956,"column":41},"end":{"line":956,"column":58}},"353":{"start":{"line":957,"column":8},"end":{"line":957,"column":null}},"354":{"start":{"line":960,"column":4},"end":{"line":964,"column":null}},"355":{"start":{"line":961,"column":6},"end":{"line":962,"column":null}},"356":{"start":{"line":961,"column":33},"end":{"line":961,"column":50}},"357":{"start":{"line":962,"column":8},"end":{"line":962,"column":null}},"358":{"start":{"line":965,"column":4},"end":{"line":969,"column":null}},"359":{"start":{"line":966,"column":6},"end":{"line":967,"column":null}},"360":{"start":{"line":966,"column":40},"end":{"line":966,"column":57}},"361":{"start":{"line":967,"column":8},"end":{"line":967,"column":null}},"362":{"start":{"line":971,"column":12},"end":{"line":971,"column":null}},"363":{"start":{"line":973,"column":4},"end":{"line":976,"column":null}},"364":{"start":{"line":974,"column":6},"end":{"line":974,"column":null}},"365":{"start":{"line":976,"column":6},"end":{"line":976,"column":null}},"366":{"start":{"line":980,"column":18},"end":{"line":980,"column":55}},"367":{"start":{"line":981,"column":25},"end":{"line":981,"column":76}},"368":{"start":{"line":983,"column":2},"end":{"line":995,"column":null}},"369":{"start":{"line":985,"column":21},"end":{"line":985,"column":48}},"370":{"start":{"line":987,"column":8},"end":{"line":992,"column":null}},"371":{"start":{"line":988,"column":10},"end":{"line":990,"column":null}},"372":{"start":{"line":992,"column":10},"end":{"line":992,"column":null}},"373":{"start":{"line":997,"column":2},"end":{"line":1009,"column":null}},"374":{"start":{"line":999,"column":21},"end":{"line":999,"column":48}},"375":{"start":{"line":1001,"column":8},"end":{"line":1006,"column":null}},"376":{"start":{"line":1002,"column":10},"end":{"line":1004,"column":null}},"377":{"start":{"line":1006,"column":10},"end":{"line":1006,"column":null}},"378":{"start":{"line":1011,"column":2},"end":{"line":1014,"column":null}}},"fnMap":{"0":{"name":"getNormalSize","decl":{"start":{"line":17,"column":9},"end":{"line":17,"column":23}},"loc":{"start":{"line":17,"column":75},"end":{"line":20,"column":null}},"line":17},"1":{"name":"getPhotos","decl":{"start":{"line":45,"column":22},"end":{"line":45,"column":32}},"loc":{"start":{"line":45,"column":80},"end":{"line":255,"column":null}},"line":45},"2":{"name":"(anonymous_2)","decl":{"start":{"line":92,"column":11},"end":{"line":92,"column":15}},"loc":{"start":{"line":92,"column":22},"end":{"line":92,"column":66}},"line":92},"3":{"name":"(anonymous_3)","decl":{"start":{"line":102,"column":19},"end":{"line":102,"column":27}},"loc":{"start":{"line":102,"column":38},"end":{"line":106,"column":null}},"line":102},"4":{"name":"(anonymous_4)","decl":{"start":{"line":132,"column":11},"end":{"line":132,"column":15}},"loc":{"start":{"line":132,"column":22},"end":{"line":132,"column":52}},"line":132},"5":{"name":"(anonymous_5)","decl":{"start":{"line":141,"column":26},"end":{"line":141,"column":34}},"loc":{"start":{"line":141,"column":52},"end":{"line":145,"column":null}},"line":141},"6":{"name":"(anonymous_6)","decl":{"start":{"line":229,"column":21},"end":{"line":229,"column":25}},"loc":{"start":{"line":229,"column":34},"end":{"line":239,"column":null}},"line":229},"7":{"name":"createPhoto","decl":{"start":{"line":259,"column":22},"end":{"line":259,"column":34}},"loc":{"start":{"line":259,"column":82},"end":{"line":469,"column":null}},"line":259},"8":{"name":"(anonymous_8)","decl":{"start":{"line":281,"column":7},"end":{"line":281,"column":15}},"loc":{"start":{"line":281,"column":31},"end":{"line":281,"column":53}},"line":281},"9":{"name":"(anonymous_9)","decl":{"start":{"line":354,"column":7},"end":{"line":354,"column":15}},"loc":{"start":{"line":354,"column":32},"end":{"line":354,"column":55}},"line":354},"10":{"name":"(anonymous_10)","decl":{"start":{"line":355,"column":7},"end":{"line":355,"column":12}},"loc":{"start":{"line":355,"column":29},"end":{"line":355,"column":54}},"line":355},"11":{"name":"(anonymous_11)","decl":{"start":{"line":364,"column":7},"end":{"line":364,"column":14}},"loc":{"start":{"line":364,"column":22},"end":{"line":364,"column":62}},"line":364},"12":{"name":"(anonymous_12)","decl":{"start":{"line":364,"column":32},"end":{"line":364,"column":37}},"loc":{"start":{"line":364,"column":44},"end":{"line":364,"column":62}},"line":364},"13":{"name":"(anonymous_13)","decl":{"start":{"line":366,"column":27},"end":{"line":366,"column":31}},"loc":{"start":{"line":366,"column":38},"end":{"line":366,"column":46}},"line":366},"14":{"name":"(anonymous_14)","decl":{"start":{"line":372,"column":24},"end":{"line":372,"column":28}},"loc":{"start":{"line":372,"column":35},"end":{"line":372,"column":43}},"line":372},"15":{"name":"(anonymous_15)","decl":{"start":{"line":386,"column":11},"end":{"line":386,"column":15}},"loc":{"start":{"line":386,"column":24},"end":{"line":389,"column":13}},"line":386},"16":{"name":"(anonymous_16)","decl":{"start":{"line":391,"column":46},"end":{"line":391,"column":50}},"loc":{"start":{"line":391,"column":57},"end":{"line":391,"column":65}},"line":391},"17":{"name":"(anonymous_17)","decl":{"start":{"line":406,"column":31},"end":{"line":406,"column":35}},"loc":{"start":{"line":406,"column":42},"end":{"line":406,"column":50}},"line":406},"18":{"name":"(anonymous_18)","decl":{"start":{"line":418,"column":7},"end":{"line":418,"column":14}},"loc":{"start":{"line":418,"column":22},"end":{"line":418,"column":69}},"line":418},"19":{"name":"(anonymous_19)","decl":{"start":{"line":418,"column":39},"end":{"line":418,"column":44}},"loc":{"start":{"line":418,"column":51},"end":{"line":418,"column":69}},"line":418},"20":{"name":"(anonymous_20)","decl":{"start":{"line":420,"column":40},"end":{"line":420,"column":44}},"loc":{"start":{"line":420,"column":51},"end":{"line":420,"column":59}},"line":420},"21":{"name":"(anonymous_21)","decl":{"start":{"line":426,"column":11},"end":{"line":426,"column":15}},"loc":{"start":{"line":426,"column":24},"end":{"line":429,"column":13}},"line":426},"22":{"name":"(anonymous_22)","decl":{"start":{"line":431,"column":58},"end":{"line":431,"column":62}},"loc":{"start":{"line":431,"column":69},"end":{"line":431,"column":77}},"line":431},"23":{"name":"getPhoto","decl":{"start":{"line":473,"column":22},"end":{"line":473,"column":31}},"loc":{"start":{"line":473,"column":74},"end":{"line":503,"column":null}},"line":473},"24":{"name":"(anonymous_24)","decl":{"start":{"line":492,"column":29},"end":{"line":492,"column":34}},"loc":{"start":{"line":492,"column":39},"end":{"line":492,"column":68}},"line":492},"25":{"name":"getPhotoMeta","decl":{"start":{"line":507,"column":22},"end":{"line":507,"column":35}},"loc":{"start":{"line":507,"column":78},"end":{"line":552,"column":null}},"line":507},"26":{"name":"deletePhoto","decl":{"start":{"line":556,"column":22},"end":{"line":556,"column":34}},"loc":{"start":{"line":556,"column":82},"end":{"line":611,"column":null}},"line":556},"27":{"name":"updatePhoto","decl":{"start":{"line":614,"column":22},"end":{"line":614,"column":34}},"loc":{"start":{"line":614,"column":82},"end":{"line":806,"column":null}},"line":614},"28":{"name":"(anonymous_28)","decl":{"start":{"line":651,"column":9},"end":{"line":651,"column":17}},"loc":{"start":{"line":651,"column":34},"end":{"line":651,"column":57}},"line":651},"29":{"name":"(anonymous_29)","decl":{"start":{"line":652,"column":9},"end":{"line":652,"column":14}},"loc":{"start":{"line":652,"column":31},"end":{"line":652,"column":56}},"line":652},"30":{"name":"(anonymous_30)","decl":{"start":{"line":658,"column":29},"end":{"line":658,"column":33}},"loc":{"start":{"line":658,"column":40},"end":{"line":658,"column":48}},"line":658},"31":{"name":"(anonymous_31)","decl":{"start":{"line":660,"column":9},"end":{"line":660,"column":16}},"loc":{"start":{"line":660,"column":24},"end":{"line":661,"column":43}},"line":660},"32":{"name":"(anonymous_32)","decl":{"start":{"line":661,"column":11},"end":{"line":661,"column":16}},"loc":{"start":{"line":661,"column":21},"end":{"line":661,"column":42}},"line":661},"33":{"name":"(anonymous_33)","decl":{"start":{"line":664,"column":9},"end":{"line":664,"column":16}},"loc":{"start":{"line":664,"column":23},"end":{"line":665,"column":43}},"line":664},"34":{"name":"(anonymous_34)","decl":{"start":{"line":665,"column":11},"end":{"line":665,"column":16}},"loc":{"start":{"line":665,"column":21},"end":{"line":665,"column":42}},"line":665},"35":{"name":"(anonymous_35)","decl":{"start":{"line":668,"column":9},"end":{"line":668,"column":16}},"loc":{"start":{"line":668,"column":23},"end":{"line":668,"column":72}},"line":668},"36":{"name":"(anonymous_36)","decl":{"start":{"line":668,"column":40},"end":{"line":668,"column":45}},"loc":{"start":{"line":668,"column":50},"end":{"line":668,"column":71}},"line":668},"37":{"name":"(anonymous_37)","decl":{"start":{"line":670,"column":9},"end":{"line":670,"column":16}},"loc":{"start":{"line":670,"column":24},"end":{"line":670,"column":64}},"line":670},"38":{"name":"(anonymous_38)","decl":{"start":{"line":670,"column":34},"end":{"line":670,"column":39}},"loc":{"start":{"line":670,"column":46},"end":{"line":670,"column":64}},"line":670},"39":{"name":"(anonymous_39)","decl":{"start":{"line":675,"column":33},"end":{"line":675,"column":37}},"loc":{"start":{"line":675,"column":44},"end":{"line":675,"column":52}},"line":675},"40":{"name":"(anonymous_40)","decl":{"start":{"line":687,"column":36},"end":{"line":687,"column":40}},"loc":{"start":{"line":687,"column":47},"end":{"line":687,"column":55}},"line":687},"41":{"name":"(anonymous_41)","decl":{"start":{"line":699,"column":13},"end":{"line":699,"column":17}},"loc":{"start":{"line":699,"column":26},"end":{"line":702,"column":15}},"line":699},"42":{"name":"(anonymous_42)","decl":{"start":{"line":704,"column":48},"end":{"line":704,"column":52}},"loc":{"start":{"line":704,"column":59},"end":{"line":704,"column":67}},"line":704},"43":{"name":"(anonymous_43)","decl":{"start":{"line":719,"column":9},"end":{"line":719,"column":17}},"loc":{"start":{"line":719,"column":34},"end":{"line":719,"column":57}},"line":719},"44":{"name":"(anonymous_44)","decl":{"start":{"line":725,"column":43},"end":{"line":725,"column":47}},"loc":{"start":{"line":725,"column":54},"end":{"line":725,"column":62}},"line":725},"45":{"name":"(anonymous_45)","decl":{"start":{"line":727,"column":9},"end":{"line":727,"column":16}},"loc":{"start":{"line":727,"column":24},"end":{"line":727,"column":71}},"line":727},"46":{"name":"(anonymous_46)","decl":{"start":{"line":727,"column":41},"end":{"line":727,"column":46}},"loc":{"start":{"line":727,"column":53},"end":{"line":727,"column":71}},"line":727},"47":{"name":"(anonymous_47)","decl":{"start":{"line":729,"column":9},"end":{"line":729,"column":16}},"loc":{"start":{"line":729,"column":23},"end":{"line":730,"column":43}},"line":729},"48":{"name":"(anonymous_48)","decl":{"start":{"line":730,"column":11},"end":{"line":730,"column":16}},"loc":{"start":{"line":730,"column":21},"end":{"line":730,"column":42}},"line":730},"49":{"name":"(anonymous_49)","decl":{"start":{"line":733,"column":9},"end":{"line":733,"column":16}},"loc":{"start":{"line":733,"column":23},"end":{"line":734,"column":43}},"line":733},"50":{"name":"(anonymous_50)","decl":{"start":{"line":734,"column":11},"end":{"line":734,"column":16}},"loc":{"start":{"line":734,"column":21},"end":{"line":734,"column":42}},"line":734},"51":{"name":"(anonymous_51)","decl":{"start":{"line":741,"column":15},"end":{"line":741,"column":19}},"loc":{"start":{"line":741,"column":26},"end":{"line":741,"column":34}},"line":741},"52":{"name":"(anonymous_52)","decl":{"start":{"line":753,"column":13},"end":{"line":753,"column":17}},"loc":{"start":{"line":753,"column":26},"end":{"line":756,"column":15}},"line":753},"53":{"name":"(anonymous_53)","decl":{"start":{"line":759,"column":33},"end":{"line":759,"column":37}},"loc":{"start":{"line":759,"column":44},"end":{"line":759,"column":52}},"line":759},"54":{"name":"(anonymous_54)","decl":{"start":{"line":765,"column":15},"end":{"line":765,"column":19}},"loc":{"start":{"line":765,"column":26},"end":{"line":765,"column":34}},"line":765},"55":{"name":"batchUpdatePhotos","decl":{"start":{"line":810,"column":22},"end":{"line":810,"column":40}},"loc":{"start":{"line":810,"column":88},"end":{"line":1014,"column":null}},"line":810},"56":{"name":"(anonymous_56)","decl":{"start":{"line":826,"column":20},"end":{"line":826,"column":24}},"loc":{"start":{"line":826,"column":33},"end":{"line":826,"column":47}},"line":826},"57":{"name":"(anonymous_57)","decl":{"start":{"line":829,"column":45},"end":{"line":829,"column":49}},"loc":{"start":{"line":829,"column":56},"end":{"line":829,"column":65}},"line":829},"58":{"name":"(anonymous_58)","decl":{"start":{"line":832,"column":32},"end":{"line":832,"column":36}},"loc":{"start":{"line":832,"column":43},"end":{"line":832,"column":55}},"line":832},"59":{"name":"(anonymous_59)","decl":{"start":{"line":835,"column":59},"end":{"line":835,"column":63}},"loc":{"start":{"line":835,"column":70},"end":{"line":835,"column":79}},"line":835},"60":{"name":"(anonymous_60)","decl":{"start":{"line":838,"column":46},"end":{"line":838,"column":50}},"loc":{"start":{"line":838,"column":57},"end":{"line":838,"column":69}},"line":838},"61":{"name":"(anonymous_61)","decl":{"start":{"line":854,"column":5},"end":{"line":854,"column":12}},"loc":{"start":{"line":854,"column":19},"end":{"line":854,"column":63}},"line":854},"62":{"name":"(anonymous_62)","decl":{"start":{"line":854,"column":33},"end":{"line":854,"column":38}},"loc":{"start":{"line":854,"column":43},"end":{"line":854,"column":63}},"line":854},"63":{"name":"(anonymous_63)","decl":{"start":{"line":856,"column":5},"end":{"line":856,"column":12}},"loc":{"start":{"line":856,"column":19},"end":{"line":856,"column":70}},"line":856},"64":{"name":"(anonymous_64)","decl":{"start":{"line":856,"column":40},"end":{"line":856,"column":45}},"loc":{"start":{"line":856,"column":50},"end":{"line":856,"column":70}},"line":856},"65":{"name":"(anonymous_65)","decl":{"start":{"line":862,"column":11},"end":{"line":862,"column":15}},"loc":{"start":{"line":862,"column":23},"end":{"line":865,"column":13}},"line":862},"66":{"name":"(anonymous_66)","decl":{"start":{"line":867,"column":31},"end":{"line":867,"column":35}},"loc":{"start":{"line":867,"column":42},"end":{"line":867,"column":54}},"line":867},"67":{"name":"(anonymous_67)","decl":{"start":{"line":880,"column":11},"end":{"line":880,"column":15}},"loc":{"start":{"line":880,"column":23},"end":{"line":883,"column":13}},"line":880},"68":{"name":"(anonymous_68)","decl":{"start":{"line":885,"column":38},"end":{"line":885,"column":42}},"loc":{"start":{"line":885,"column":49},"end":{"line":885,"column":61}},"line":885},"69":{"name":"(anonymous_69)","decl":{"start":{"line":895,"column":5},"end":{"line":895,"column":12}},"loc":{"start":{"line":895,"column":19},"end":{"line":895,"column":64}},"line":895},"70":{"name":"(anonymous_70)","decl":{"start":{"line":895,"column":34},"end":{"line":895,"column":39}},"loc":{"start":{"line":895,"column":44},"end":{"line":895,"column":64}},"line":895},"71":{"name":"(anonymous_71)","decl":{"start":{"line":896,"column":5},"end":{"line":896,"column":9}},"loc":{"start":{"line":896,"column":17},"end":{"line":899,"column":7}},"line":896},"72":{"name":"(anonymous_72)","decl":{"start":{"line":901,"column":5},"end":{"line":901,"column":12}},"loc":{"start":{"line":901,"column":19},"end":{"line":901,"column":71}},"line":901},"73":{"name":"(anonymous_73)","decl":{"start":{"line":901,"column":41},"end":{"line":901,"column":46}},"loc":{"start":{"line":901,"column":51},"end":{"line":901,"column":71}},"line":901},"74":{"name":"(anonymous_74)","decl":{"start":{"line":902,"column":5},"end":{"line":902,"column":9}},"loc":{"start":{"line":902,"column":17},"end":{"line":905,"column":7}},"line":902},"75":{"name":"(anonymous_75)","decl":{"start":{"line":908,"column":7},"end":{"line":908,"column":14}},"loc":{"start":{"line":908,"column":21},"end":{"line":908,"column":68}},"line":908},"76":{"name":"(anonymous_76)","decl":{"start":{"line":908,"column":38},"end":{"line":908,"column":43}},"loc":{"start":{"line":908,"column":48},"end":{"line":908,"column":68}},"line":908},"77":{"name":"(anonymous_77)","decl":{"start":{"line":910,"column":4},"end":{"line":910,"column":8}},"loc":{"start":{"line":910,"column":16},"end":{"line":913,"column":5}},"line":910},"78":{"name":"(anonymous_78)","decl":{"start":{"line":916,"column":7},"end":{"line":916,"column":14}},"loc":{"start":{"line":916,"column":21},"end":{"line":916,"column":75}},"line":916},"79":{"name":"(anonymous_79)","decl":{"start":{"line":916,"column":45},"end":{"line":916,"column":50}},"loc":{"start":{"line":916,"column":55},"end":{"line":916,"column":75}},"line":916},"80":{"name":"(anonymous_80)","decl":{"start":{"line":918,"column":4},"end":{"line":918,"column":8}},"loc":{"start":{"line":918,"column":16},"end":{"line":921,"column":5}},"line":918},"81":{"name":"(anonymous_81)","decl":{"start":{"line":931,"column":9},"end":{"line":931,"column":16}},"loc":{"start":{"line":931,"column":23},"end":{"line":931,"column":70}},"line":931},"82":{"name":"(anonymous_82)","decl":{"start":{"line":931,"column":35},"end":{"line":931,"column":41}},"loc":{"start":{"line":931,"column":52},"end":{"line":931,"column":69}},"line":931},"83":{"name":"(anonymous_83)","decl":{"start":{"line":935,"column":11},"end":{"line":935,"column":19}},"loc":{"start":{"line":935,"column":34},"end":{"line":935,"column":81}},"line":935},"84":{"name":"(anonymous_84)","decl":{"start":{"line":935,"column":51},"end":{"line":935,"column":56}},"loc":{"start":{"line":935,"column":61},"end":{"line":935,"column":80}},"line":935},"85":{"name":"(anonymous_85)","decl":{"start":{"line":936,"column":19},"end":{"line":936,"column":23}},"loc":{"start":{"line":936,"column":30},"end":{"line":936,"column":38}},"line":936},"86":{"name":"(anonymous_86)","decl":{"start":{"line":941,"column":9},"end":{"line":941,"column":16}},"loc":{"start":{"line":941,"column":23},"end":{"line":941,"column":77}},"line":941},"87":{"name":"(anonymous_87)","decl":{"start":{"line":941,"column":42},"end":{"line":941,"column":48}},"loc":{"start":{"line":941,"column":59},"end":{"line":941,"column":76}},"line":941},"88":{"name":"(anonymous_88)","decl":{"start":{"line":945,"column":11},"end":{"line":945,"column":19}},"loc":{"start":{"line":945,"column":34},"end":{"line":945,"column":88}},"line":945},"89":{"name":"(anonymous_89)","decl":{"start":{"line":945,"column":58},"end":{"line":945,"column":63}},"loc":{"start":{"line":945,"column":68},"end":{"line":945,"column":87}},"line":945},"90":{"name":"(anonymous_90)","decl":{"start":{"line":946,"column":26},"end":{"line":946,"column":30}},"loc":{"start":{"line":946,"column":37},"end":{"line":946,"column":45}},"line":946},"91":{"name":"(anonymous_91)","decl":{"start":{"line":950,"column":17},"end":{"line":950,"column":25}},"loc":{"start":{"line":950,"column":32},"end":{"line":954,"column":null}},"line":950},"92":{"name":"(anonymous_92)","decl":{"start":{"line":951,"column":24},"end":{"line":951,"column":29}},"loc":{"start":{"line":951,"column":34},"end":{"line":951,"column":51}},"line":951},"93":{"name":"(anonymous_93)","decl":{"start":{"line":955,"column":24},"end":{"line":955,"column":32}},"loc":{"start":{"line":955,"column":39},"end":{"line":959,"column":null}},"line":955},"94":{"name":"(anonymous_94)","decl":{"start":{"line":956,"column":31},"end":{"line":956,"column":36}},"loc":{"start":{"line":956,"column":41},"end":{"line":956,"column":58}},"line":956},"95":{"name":"(anonymous_95)","decl":{"start":{"line":960,"column":20},"end":{"line":960,"column":28}},"loc":{"start":{"line":960,"column":35},"end":{"line":964,"column":null}},"line":960},"96":{"name":"(anonymous_96)","decl":{"start":{"line":961,"column":23},"end":{"line":961,"column":28}},"loc":{"start":{"line":961,"column":33},"end":{"line":961,"column":50}},"line":961},"97":{"name":"(anonymous_97)","decl":{"start":{"line":965,"column":27},"end":{"line":965,"column":35}},"loc":{"start":{"line":965,"column":42},"end":{"line":969,"column":null}},"line":965},"98":{"name":"(anonymous_98)","decl":{"start":{"line":966,"column":30},"end":{"line":966,"column":35}},"loc":{"start":{"line":966,"column":40},"end":{"line":966,"column":57}},"line":966},"99":{"name":"(anonymous_99)","decl":{"start":{"line":985,"column":7},"end":{"line":985,"column":14}},"loc":{"start":{"line":985,"column":21},"end":{"line":985,"column":48}},"line":985},"100":{"name":"(anonymous_100)","decl":{"start":{"line":986,"column":11},"end":{"line":986,"column":17}},"loc":{"start":{"line":986,"column":24},"end":{"line":994,"column":null}},"line":986},"101":{"name":"(anonymous_101)","decl":{"start":{"line":999,"column":7},"end":{"line":999,"column":14}},"loc":{"start":{"line":999,"column":21},"end":{"line":999,"column":48}},"line":999},"102":{"name":"(anonymous_102)","decl":{"start":{"line":1000,"column":11},"end":{"line":1000,"column":17}},"loc":{"start":{"line":1000,"column":24},"end":{"line":1008,"column":null}},"line":1000}},"branchMap":{"0":{"loc":{"start":{"line":18,"column":9},"end":{"line":20,"column":null}},"type":"cond-expr","locations":[{"start":{"line":19,"column":6},"end":{"line":19,"column":null}},{"start":{"line":20,"column":6},"end":{"line":20,"column":null}}],"line":18},"1":{"loc":{"start":{"line":46,"column":26},"end":{"line":46,"column":null}},"type":"binary-expr","locations":[{"start":{"line":46,"column":26},"end":{"line":46,"column":54}},{"start":{"line":46,"column":54},"end":{"line":46,"column":null}}],"line":46},"2":{"loc":{"start":{"line":56,"column":2},"end":{"line":60,"column":null}},"type":"if","locations":[{"start":{"line":56,"column":2},"end":{"line":60,"column":null}},{"start":{},"end":{}}],"line":56},"3":{"loc":{"start":{"line":57,"column":4},"end":{"line":60,"column":null}},"type":"if","locations":[{"start":{"line":57,"column":4},"end":{"line":60,"column":null}},{"start":{"line":59,"column":11},"end":{"line":60,"column":null}}],"line":57},"4":{"loc":{"start":{"line":65,"column":4},"end":{"line":86,"column":null}},"type":"if","locations":[{"start":{"line":65,"column":4},"end":{"line":86,"column":null}},{"start":{},"end":{}}],"line":65},"5":{"loc":{"start":{"line":67,"column":6},"end":{"line":68,"column":null}},"type":"if","locations":[{"start":{"line":67,"column":6},"end":{"line":68,"column":null}},{"start":{},"end":{}}],"line":67},"6":{"loc":{"start":{"line":89,"column":4},"end":{"line":123,"column":null}},"type":"if","locations":[{"start":{"line":89,"column":4},"end":{"line":123,"column":null}},{"start":{},"end":{}}],"line":89},"7":{"loc":{"start":{"line":90,"column":6},"end":{"line":123,"column":null}},"type":"if","locations":[{"start":{"line":90,"column":6},"end":{"line":123,"column":null}},{"start":{"line":111,"column":13},"end":{"line":123,"column":null}}],"line":90},"8":{"loc":{"start":{"line":100,"column":8},"end":{"line":109,"column":null}},"type":"if","locations":[{"start":{"line":100,"column":8},"end":{"line":109,"column":null}},{"start":{},"end":{}}],"line":100},"9":{"loc":{"start":{"line":120,"column":8},"end":{"line":123,"column":null}},"type":"if","locations":[{"start":{"line":120,"column":8},"end":{"line":123,"column":null}},{"start":{},"end":{}}],"line":120},"10":{"loc":{"start":{"line":128,"column":4},"end":{"line":164,"column":null}},"type":"if","locations":[{"start":{"line":128,"column":4},"end":{"line":164,"column":null}},{"start":{},"end":{}}],"line":128},"11":{"loc":{"start":{"line":129,"column":6},"end":{"line":164,"column":null}},"type":"if","locations":[{"start":{"line":129,"column":6},"end":{"line":164,"column":null}},{"start":{"line":153,"column":13},"end":{"line":164,"column":null}}],"line":129},"12":{"loc":{"start":{"line":140,"column":8},"end":{"line":145,"column":null}},"type":"if","locations":[{"start":{"line":140,"column":8},"end":{"line":145,"column":null}},{"start":{},"end":{}}],"line":140},"13":{"loc":{"start":{"line":148,"column":8},"end":{"line":151,"column":null}},"type":"if","locations":[{"start":{"line":148,"column":8},"end":{"line":151,"column":null}},{"start":{},"end":{}}],"line":148},"14":{"loc":{"start":{"line":161,"column":8},"end":{"line":164,"column":null}},"type":"if","locations":[{"start":{"line":161,"column":8},"end":{"line":164,"column":null}},{"start":{},"end":{}}],"line":161},"15":{"loc":{"start":{"line":169,"column":4},"end":{"line":174,"column":null}},"type":"if","locations":[{"start":{"line":169,"column":4},"end":{"line":174,"column":null}},{"start":{"line":173,"column":15},"end":{"line":174,"column":null}}],"line":169},"16":{"loc":{"start":{"line":173,"column":15},"end":{"line":174,"column":null}},"type":"if","locations":[{"start":{"line":173,"column":15},"end":{"line":174,"column":null}},{"start":{},"end":{}}],"line":173},"17":{"loc":{"start":{"line":185,"column":2},"end":{"line":190,"column":null}},"type":"if","locations":[{"start":{"line":185,"column":2},"end":{"line":190,"column":null}},{"start":{},"end":{}}],"line":185},"18":{"loc":{"start":{"line":187,"column":4},"end":{"line":188,"column":null}},"type":"if","locations":[{"start":{"line":187,"column":4},"end":{"line":188,"column":null}},{"start":{},"end":{}}],"line":187},"19":{"loc":{"start":{"line":187,"column":8},"end":{"line":187,"column":57}},"type":"binary-expr","locations":[{"start":{"line":187,"column":8},"end":{"line":187,"column":37}},{"start":{"line":187,"column":41},"end":{"line":187,"column":57}}],"line":187},"20":{"loc":{"start":{"line":192,"column":2},"end":{"line":197,"column":null}},"type":"if","locations":[{"start":{"line":192,"column":2},"end":{"line":197,"column":null}},{"start":{},"end":{}}],"line":192},"21":{"loc":{"start":{"line":194,"column":4},"end":{"line":195,"column":null}},"type":"if","locations":[{"start":{"line":194,"column":4},"end":{"line":195,"column":null}},{"start":{},"end":{}}],"line":194},"22":{"loc":{"start":{"line":194,"column":8},"end":{"line":194,"column":59}},"type":"binary-expr","locations":[{"start":{"line":194,"column":8},"end":{"line":194,"column":38}},{"start":{"line":194,"column":42},"end":{"line":194,"column":59}}],"line":194},"23":{"loc":{"start":{"line":200,"column":22},"end":{"line":200,"column":32}},"type":"binary-expr","locations":[{"start":{"line":200,"column":22},"end":{"line":200,"column":30}},{"start":{"line":200,"column":30},"end":{"line":200,"column":32}}],"line":200},"24":{"loc":{"start":{"line":207,"column":2},"end":{"line":208,"column":null}},"type":"if","locations":[{"start":{"line":207,"column":2},"end":{"line":208,"column":null}},{"start":{},"end":{}}],"line":207},"25":{"loc":{"start":{"line":237,"column":21},"end":{"line":237,"column":null}},"type":"cond-expr","locations":[{"start":{"line":237,"column":49},"end":{"line":237,"column":67}},{"start":{"line":237,"column":67},"end":{"line":237,"column":null}}],"line":237},"26":{"loc":{"start":{"line":242,"column":21},"end":{"line":242,"column":31}},"type":"binary-expr","locations":[{"start":{"line":242,"column":21},"end":{"line":242,"column":29}},{"start":{"line":242,"column":29},"end":{"line":242,"column":31}}],"line":242},"27":{"loc":{"start":{"line":269,"column":2},"end":{"line":273,"column":null}},"type":"if","locations":[{"start":{"line":269,"column":2},"end":{"line":273,"column":null}},{"start":{},"end":{}}],"line":269},"28":{"loc":{"start":{"line":277,"column":2},"end":{"line":287,"column":null}},"type":"if","locations":[{"start":{"line":277,"column":2},"end":{"line":287,"column":null}},{"start":{},"end":{}}],"line":277},"29":{"loc":{"start":{"line":278,"column":4},"end":{"line":282,"column":null}},"type":"binary-expr","locations":[{"start":{"line":278,"column":4},"end":{"line":278,"column":null}},{"start":{"line":279,"column":4},"end":{"line":282,"column":null}}],"line":278},"30":{"loc":{"start":{"line":301,"column":4},"end":{"line":312,"column":null}},"type":"if","locations":[{"start":{"line":301,"column":4},"end":{"line":312,"column":null}},{"start":{},"end":{}}],"line":301},"31":{"loc":{"start":{"line":302,"column":6},"end":{"line":303,"column":null}},"type":"binary-expr","locations":[{"start":{"line":302,"column":6},"end":{"line":302,"column":18}},{"start":{"line":302,"column":18},"end":{"line":302,"column":null}},{"start":{"line":303,"column":6},"end":{"line":303,"column":25}},{"start":{"line":303,"column":25},"end":{"line":303,"column":null}}],"line":302},"32":{"loc":{"start":{"line":369,"column":4},"end":{"line":379,"column":null}},"type":"if","locations":[{"start":{"line":369,"column":4},"end":{"line":379,"column":null}},{"start":{},"end":{}}],"line":369},"33":{"loc":{"start":{"line":383,"column":4},"end":{"line":391,"column":null}},"type":"if","locations":[{"start":{"line":383,"column":4},"end":{"line":391,"column":null}},{"start":{},"end":{}}],"line":383},"34":{"loc":{"start":{"line":395,"column":38},"end":{"line":395,"column":115}},"type":"cond-expr","locations":[{"start":{"line":395,"column":67},"end":{"line":395,"column":81}},{"start":{"line":395,"column":81},"end":{"line":395,"column":115}}],"line":395},"35":{"loc":{"start":{"line":395,"column":81},"end":{"line":395,"column":115}},"type":"cond-expr","locations":[{"start":{"line":395,"column":97},"end":{"line":395,"column":110}},{"start":{"line":395,"column":113},"end":{"line":395,"column":115}}],"line":395},"36":{"loc":{"start":{"line":403,"column":4},"end":{"line":413,"column":null}},"type":"if","locations":[{"start":{"line":403,"column":4},"end":{"line":413,"column":null}},{"start":{},"end":{}}],"line":403},"37":{"loc":{"start":{"line":423,"column":4},"end":{"line":431,"column":null}},"type":"if","locations":[{"start":{"line":423,"column":4},"end":{"line":431,"column":null}},{"start":{},"end":{}}],"line":423},"38":{"loc":{"start":{"line":450,"column":17},"end":{"line":450,"column":41}},"type":"binary-expr","locations":[{"start":{"line":450,"column":17},"end":{"line":450,"column":35}},{"start":{"line":450,"column":35},"end":{"line":450,"column":41}}],"line":450},"39":{"loc":{"start":{"line":450,"column":41},"end":{"line":450,"column":null}},"type":"binary-expr","locations":[{"start":{"line":450,"column":41},"end":{"line":450,"column":60}},{"start":{"line":450,"column":60},"end":{"line":450,"column":null}}],"line":450},"40":{"loc":{"start":{"line":475,"column":2},"end":{"line":479,"column":null}},"type":"if","locations":[{"start":{"line":475,"column":2},"end":{"line":479,"column":null}},{"start":{},"end":{}}],"line":475},"41":{"loc":{"start":{"line":483,"column":4},"end":{"line":487,"column":null}},"type":"if","locations":[{"start":{"line":483,"column":4},"end":{"line":487,"column":null}},{"start":{},"end":{}}],"line":483},"42":{"loc":{"start":{"line":493,"column":4},"end":{"line":494,"column":null}},"type":"if","locations":[{"start":{"line":493,"column":4},"end":{"line":494,"column":null}},{"start":{},"end":{}}],"line":493},"43":{"loc":{"start":{"line":493,"column":8},"end":{"line":493,"column":35}},"type":"binary-expr","locations":[{"start":{"line":493,"column":8},"end":{"line":493,"column":27}},{"start":{"line":493,"column":27},"end":{"line":493,"column":35}}],"line":493},"44":{"loc":{"start":{"line":509,"column":2},"end":{"line":513,"column":null}},"type":"if","locations":[{"start":{"line":509,"column":2},"end":{"line":513,"column":null}},{"start":{},"end":{}}],"line":509},"45":{"loc":{"start":{"line":532,"column":4},"end":{"line":536,"column":null}},"type":"if","locations":[{"start":{"line":532,"column":4},"end":{"line":536,"column":null}},{"start":{},"end":{}}],"line":532},"46":{"loc":{"start":{"line":558,"column":2},"end":{"line":562,"column":null}},"type":"if","locations":[{"start":{"line":558,"column":2},"end":{"line":562,"column":null}},{"start":{},"end":{}}],"line":558},"47":{"loc":{"start":{"line":566,"column":4},"end":{"line":599,"column":null}},"type":"if","locations":[{"start":{"line":566,"column":4},"end":{"line":599,"column":null}},{"start":{"line":593,"column":11},"end":{"line":599,"column":null}}],"line":566},"48":{"loc":{"start":{"line":568,"column":6},"end":{"line":572,"column":null}},"type":"if","locations":[{"start":{"line":568,"column":6},"end":{"line":572,"column":null}},{"start":{},"end":{}}],"line":568},"49":{"loc":{"start":{"line":586,"column":6},"end":{"line":591,"column":null}},"type":"if","locations":[{"start":{"line":586,"column":6},"end":{"line":591,"column":null}},{"start":{},"end":{}}],"line":586},"50":{"loc":{"start":{"line":626,"column":2},"end":{"line":630,"column":null}},"type":"if","locations":[{"start":{"line":626,"column":2},"end":{"line":630,"column":null}},{"start":{},"end":{}}],"line":626},"51":{"loc":{"start":{"line":633,"column":2},"end":{"line":634,"column":null}},"type":"if","locations":[{"start":{"line":633,"column":2},"end":{"line":634,"column":null}},{"start":{},"end":{}}],"line":633},"52":{"loc":{"start":{"line":637,"column":2},"end":{"line":638,"column":null}},"type":"if","locations":[{"start":{"line":637,"column":2},"end":{"line":638,"column":null}},{"start":{},"end":{}}],"line":637},"53":{"loc":{"start":{"line":641,"column":2},"end":{"line":713,"column":null}},"type":"if","locations":[{"start":{"line":641,"column":2},"end":{"line":713,"column":null}},{"start":{},"end":{}}],"line":641},"54":{"loc":{"start":{"line":642,"column":4},"end":{"line":646,"column":null}},"type":"if","locations":[{"start":{"line":642,"column":4},"end":{"line":646,"column":null}},{"start":{},"end":{}}],"line":642},"55":{"loc":{"start":{"line":672,"column":6},"end":{"line":682,"column":null}},"type":"if","locations":[{"start":{"line":672,"column":6},"end":{"line":682,"column":null}},{"start":{},"end":{}}],"line":672},"56":{"loc":{"start":{"line":684,"column":6},"end":{"line":694,"column":null}},"type":"if","locations":[{"start":{"line":684,"column":6},"end":{"line":694,"column":null}},{"start":{},"end":{}}],"line":684},"57":{"loc":{"start":{"line":696,"column":6},"end":{"line":704,"column":null}},"type":"if","locations":[{"start":{"line":696,"column":6},"end":{"line":704,"column":null}},{"start":{},"end":{}}],"line":696},"58":{"loc":{"start":{"line":716,"column":2},"end":{"line":780,"column":null}},"type":"if","locations":[{"start":{"line":716,"column":2},"end":{"line":780,"column":null}},{"start":{},"end":{}}],"line":716},"59":{"loc":{"start":{"line":718,"column":40},"end":{"line":719,"column":57}},"type":"cond-expr","locations":[{"start":{"line":718,"column":78},"end":{"line":718,"column":101}},{"start":{"line":718,"column":101},"end":{"line":719,"column":57}}],"line":718},"60":{"loc":{"start":{"line":737,"column":6},"end":{"line":747,"column":null}},"type":"if","locations":[{"start":{"line":737,"column":6},"end":{"line":747,"column":null}},{"start":{},"end":{}}],"line":737},"61":{"loc":{"start":{"line":750,"column":6},"end":{"line":759,"column":null}},"type":"if","locations":[{"start":{"line":750,"column":6},"end":{"line":759,"column":null}},{"start":{},"end":{}}],"line":750},"62":{"loc":{"start":{"line":761,"column":6},"end":{"line":771,"column":null}},"type":"if","locations":[{"start":{"line":761,"column":6},"end":{"line":771,"column":null}},{"start":{},"end":{}}],"line":761},"63":{"loc":{"start":{"line":784,"column":2},"end":{"line":785,"column":null}},"type":"if","locations":[{"start":{"line":784,"column":2},"end":{"line":785,"column":null}},{"start":{},"end":{}}],"line":784},"64":{"loc":{"start":{"line":790,"column":4},"end":{"line":794,"column":null}},"type":"if","locations":[{"start":{"line":790,"column":4},"end":{"line":794,"column":null}},{"start":{},"end":{}}],"line":790},"65":{"loc":{"start":{"line":846,"column":2},"end":{"line":850,"column":null}},"type":"if","locations":[{"start":{"line":846,"column":2},"end":{"line":850,"column":null}},{"start":{},"end":{}}],"line":846},"66":{"loc":{"start":{"line":858,"column":2},"end":{"line":872,"column":null}},"type":"if","locations":[{"start":{"line":858,"column":2},"end":{"line":872,"column":null}},{"start":{},"end":{}}],"line":858},"67":{"loc":{"start":{"line":876,"column":2},"end":{"line":890,"column":null}},"type":"if","locations":[{"start":{"line":876,"column":2},"end":{"line":890,"column":null}},{"start":{},"end":{}}],"line":876},"68":{"loc":{"start":{"line":929,"column":4},"end":{"line":937,"column":null}},"type":"if","locations":[{"start":{"line":929,"column":4},"end":{"line":937,"column":null}},{"start":{},"end":{}}],"line":929},"69":{"loc":{"start":{"line":929,"column":8},"end":{"line":929,"column":63}},"type":"binary-expr","locations":[{"start":{"line":929,"column":8},"end":{"line":929,"column":35}},{"start":{"line":929,"column":35},"end":{"line":929,"column":63}}],"line":929},"70":{"loc":{"start":{"line":939,"column":4},"end":{"line":947,"column":null}},"type":"if","locations":[{"start":{"line":939,"column":4},"end":{"line":947,"column":null}},{"start":{},"end":{}}],"line":939},"71":{"loc":{"start":{"line":939,"column":8},"end":{"line":939,"column":77}},"type":"binary-expr","locations":[{"start":{"line":939,"column":8},"end":{"line":939,"column":42}},{"start":{"line":939,"column":42},"end":{"line":939,"column":77}}],"line":939},"72":{"loc":{"start":{"line":951,"column":6},"end":{"line":952,"column":null}},"type":"if","locations":[{"start":{"line":951,"column":6},"end":{"line":952,"column":null}},{"start":{},"end":{}}],"line":951},"73":{"loc":{"start":{"line":956,"column":6},"end":{"line":957,"column":null}},"type":"if","locations":[{"start":{"line":956,"column":6},"end":{"line":957,"column":null}},{"start":{},"end":{}}],"line":956},"74":{"loc":{"start":{"line":961,"column":6},"end":{"line":962,"column":null}},"type":"if","locations":[{"start":{"line":961,"column":6},"end":{"line":962,"column":null}},{"start":{},"end":{}}],"line":961},"75":{"loc":{"start":{"line":966,"column":6},"end":{"line":967,"column":null}},"type":"if","locations":[{"start":{"line":966,"column":6},"end":{"line":967,"column":null}},{"start":{},"end":{}}],"line":966}},"s":{"0":0,"1":2,"2":2,"3":0,"4":0,"5":0,"6":0,"7":0,"8":0,"9":0,"10":0,"11":0,"12":0,"13":0,"14":0,"15":0,"16":0,"17":0,"18":0,"19":0,"20":0,"21":0,"22":0,"23":0,"24":0,"25":0,"26":0,"27":0,"28":0,"29":0,"30":0,"31":0,"32":0,"33":0,"34":0,"35":0,"36":0,"37":0,"38":0,"39":0,"40":0,"41":0,"42":0,"43":0,"44":0,"45":0,"46":0,"47":0,"48":0,"49":0,"50":0,"51":0,"52":0,"53":0,"54":0,"55":0,"56":0,"57":0,"58":0,"59":0,"60":0,"61":0,"62":0,"63":0,"64":0,"65":0,"66":0,"67":0,"68":0,"69":0,"70":0,"71":0,"72":0,"73":0,"74":0,"75":0,"76":0,"77":0,"78":0,"79":0,"80":0,"81":0,"82":0,"83":0,"84":0,"85":0,"86":0,"87":0,"88":0,"89":0,"90":0,"91":0,"92":0,"93":0,"94":0,"95":0,"96":0,"97":0,"98":0,"99":0,"100":0,"101":0,"102":0,"103":0,"104":0,"105":0,"106":0,"107":0,"108":0,"109":0,"110":0,"111":0,"112":0,"113":0,"114":0,"115":0,"116":0,"117":0,"118":0,"119":0,"120":0,"121":0,"122":0,"123":0,"124":0,"125":0,"126":0,"127":0,"128":0,"129":0,"130":0,"131":0,"132":0,"133":0,"134":0,"135":0,"136":0,"137":0,"138":0,"139":0,"140":0,"141":0,"142":0,"143":0,"144":0,"145":0,"146":0,"147":0,"148":0,"149":0,"150":0,"151":0,"152":0,"153":0,"154":0,"155":0,"156":0,"157":0,"158":0,"159":0,"160":0,"161":0,"162":0,"163":0,"164":0,"165":0,"166":0,"167":0,"168":0,"169":0,"170":0,"171":0,"172":0,"173":0,"174":0,"175":0,"176":0,"177":0,"178":0,"179":0,"180":0,"181":6,"182":6,"183":6,"184":6,"185":1,"186":5,"187":1,"188":5,"189":1,"190":5,"191":3,"192":0,"193":3,"194":3,"195":4,"196":4,"197":3,"198":3,"199":3,"200":3,"201":3,"202":3,"203":3,"204":4,"205":4,"206":3,"207":3,"208":2,"209":3,"210":4,"211":4,"212":3,"213":1,"214":1,"215":3,"216":2,"217":2,"218":3,"219":1,"220":1,"221":1,"222":1,"223":3,"224":0,"225":0,"226":5,"227":1,"228":1,"229":0,"230":1,"231":1,"232":0,"233":1,"234":1,"235":0,"236":1,"237":1,"238":0,"239":1,"240":0,"241":0,"242":1,"243":0,"244":0,"245":1,"246":1,"247":1,"248":1,"249":1,"250":1,"251":1,"252":1,"253":1,"254":0,"255":0,"256":5,"257":0,"258":5,"259":5,"260":5,"261":0,"262":5,"263":0,"264":0,"265":6,"266":6,"267":6,"268":6,"269":6,"270":6,"271":6,"272":6,"273":6,"274":6,"275":6,"276":7,"277":6,"278":5,"279":6,"280":3,"281":6,"282":2,"283":6,"284":1,"285":0,"286":6,"287":1,"288":5,"289":3,"290":2,"291":5,"292":1,"293":1,"294":5,"295":2,"296":2,"297":2,"298":2,"299":2,"300":0,"301":5,"302":1,"303":1,"304":1,"305":1,"306":1,"307":0,"308":5,"309":2,"310":2,"311":2,"312":5,"313":1,"314":1,"315":1,"316":5,"317":3,"318":2,"319":3,"320":5,"321":1,"322":1,"323":1,"324":5,"325":5,"326":7,"327":7,"328":7,"329":7,"330":7,"331":6,"332":4,"333":4,"334":6,"335":8,"336":5,"337":3,"338":7,"339":1,"340":1,"341":1,"342":1,"343":1,"344":1,"345":1,"346":7,"347":4,"348":4,"349":3,"350":7,"351":1,"352":1,"353":1,"354":7,"355":3,"356":5,"357":3,"358":7,"359":1,"360":1,"361":1,"362":7,"363":7,"364":7,"365":0,"366":7,"367":7,"368":7,"369":5,"370":4,"371":4,"372":0,"373":5,"374":2,"375":2,"376":2,"377":0,"378":5},"f":{"0":0,"1":0,"2":0,"3":0,"4":0,"5":0,"6":0,"7":0,"8":0,"9":0,"10":0,"11":0,"12":0,"13":0,"14":0,"15":0,"16":0,"17":0,"18":0,"19":0,"20":0,"21":0,"22":0,"23":0,"24":0,"25":0,"26":0,"27":6,"28":4,"29":4,"30":3,"31":3,"32":3,"33":4,"34":4,"35":3,"36":2,"37":4,"38":4,"39":1,"40":2,"41":1,"42":1,"43":0,"44":0,"45":1,"46":0,"47":1,"48":0,"49":0,"50":0,"51":0,"52":1,"53":1,"54":1,"55":6,"56":7,"57":5,"58":3,"59":2,"60":1,"61":3,"62":2,"63":1,"64":1,"65":2,"66":2,"67":1,"68":1,"69":2,"70":2,"71":2,"72":1,"73":1,"74":1,"75":3,"76":2,"77":3,"78":1,"79":1,"80":1,"81":4,"82":4,"83":8,"84":5,"85":3,"86":1,"87":1,"88":1,"89":1,"90":1,"91":4,"92":4,"93":1,"94":1,"95":3,"96":5,"97":1,"98":1,"99":5,"100":4,"101":2,"102":2},"b":{"0":[0,0],"1":[0,0],"2":[0,0],"3":[0,0],"4":[0,0],"5":[0,0],"6":[0,0],"7":[0,0],"8":[0,0],"9":[0,0],"10":[0,0],"11":[0,0],"12":[0,0],"13":[0,0],"14":[0,0],"15":[0,0],"16":[0,0],"17":[0,0],"18":[0,0],"19":[0,0],"20":[0,0],"21":[0,0],"22":[0,0],"23":[0,0],"24":[0,0],"25":[0,0],"26":[0,0],"27":[0,0],"28":[0,0],"29":[0,0],"30":[0,0],"31":[0,0,0,0],"32":[0,0],"33":[0,0],"34":[0,0],"35":[0,0],"36":[0,0],"37":[0,0],"38":[0,0],"39":[0,0],"40":[0,0],"41":[0,0],"42":[0,0],"43":[0,0],"44":[0,0],"45":[0,0],"46":[0,0],"47":[0,0],"48":[0,0],"49":[0,0],"50":[1,5],"51":[1,4],"52":[1,4],"53":[3,2],"54":[0,3],"55":[1,2],"56":[2,1],"57":[1,2],"58":[1,4],"59":[1,0],"60":[0,1],"61":[1,0],"62":[1,0],"63":[0,5],"64":[0,5],"65":[1,5],"66":[2,3],"67":[1,4],"68":[6,1],"69":[7,3],"70":[1,6],"71":[7,6],"72":[3,1],"73":[1,0],"74":[3,0],"75":[1,0]},"meta":{"lastBranch":76,"lastFunction":103,"lastStatement":379,"seen":{"f:17:9:17:23":0,"s:18:2:20:Infinity":0,"b:19:6:19:Infinity:20:6:20:Infinity":0,"s:23:74:40:Infinity":1,"s:41:49:42:Infinity":2,"f:45:22:45:32":1,"s:46:26:46:Infinity":3,"b:46:26:46:54:46:54:46:Infinity":1,"s:47:13:47:Infinity":4,"s:48:14:48:Infinity":5,"s:49:34:52:Infinity":6,"s:54:25:54:27":7,"b:56:2:60:Infinity:undefined:undefined:undefined:undefined":2,"s:56:2:60:Infinity":8,"b:57:4:60:Infinity:59:11:60:Infinity":3,"s:57:4:60:Infinity":9,"s:58:6:58:Infinity":10,"s:60:6:60:Infinity":11,"s:64:2:181:Infinity":12,"b:65:4:86:Infinity:undefined:undefined:undefined:undefined":4,"s:65:4:86:Infinity":13,"s:66:21:66:65":14,"b:67:6:68:Infinity:undefined:undefined:undefined:undefined":5,"s:67:6:68:Infinity":15,"s:68:8:68:Infinity":16,"s:70:12:70:44":17,"s:71:6:86:Infinity":18,"b:89:4:123:Infinity:undefined:undefined:undefined:undefined":6,"s:89:4:123:Infinity":19,"b:90:6:123:Infinity:111:13:123:Infinity":7,"s:90:6:123:Infinity":20,"s:91:22:92:67":21,"f:92:11:92:15":2,"s:92:22:92:66":22,"s:94:25:98:10":23,"b:100:8:109:Infinity:undefined:undefined:undefined:undefined":8,"s:100:8:109:Infinity":24,"s:101:27:101:29":25,"s:102:10:106:Infinity":26,"f:102:19:102:27":3,"s:103:12:105:Infinity":27,"s:107:10:109:Infinity":28,"s:112:21:114:24":29,"s:116:24:118:10":30,"b:120:8:123:Infinity:undefined:undefined:undefined:undefined":9,"s:120:8:123:Infinity":31,"s:121:10:123:Infinity":32,"b:128:4:164:Infinity:undefined:undefined:undefined:undefined":10,"s:128:4:164:Infinity":33,"b:129:6:164:Infinity:153:13:164:Infinity":11,"s:129:6:164:Infinity":34,"s:130:35:130:37":35,"s:131:29:132:53":36,"f:132:11:132:15":4,"s:132:22:132:52":37,"s:134:32:138:10":38,"b:140:8:145:Infinity:undefined:undefined:undefined:undefined":12,"s:140:8:145:Infinity":39,"s:141:10:145:Infinity":40,"f:141:26:141:34":5,"s:142:12:144:Infinity":41,"b:148:8:151:Infinity:undefined:undefined:undefined:undefined":13,"s:148:8:151:Infinity":42,"s:149:10:151:Infinity":43,"s:154:27:155:17":44,"s:157:31:159:10":45,"b:161:8:164:Infinity:undefined:undefined:undefined:undefined":14,"s:161:8:164:Infinity":46,"s:162:10:164:Infinity":47,"b:169:4:174:Infinity:173:15:174:Infinity":15,"s:169:4:174:Infinity":48,"s:170:6:172:Infinity":49,"b:173:15:174:Infinity:undefined:undefined:undefined:undefined":16,"s:173:15:174:Infinity":50,"s:174:6:174:Infinity":51,"s:177:4:177:Infinity":52,"s:178:4:181:Infinity":53,"s:184:24:184:Infinity":54,"b:185:2:190:Infinity:undefined:undefined:undefined:undefined":17,"s:185:2:190:Infinity":55,"s:186:23:186:45":56,"b:187:4:188:Infinity:undefined:undefined:undefined:undefined":18,"s:187:4:188:Infinity":57,"b:187:8:187:37:187:41:187:57":19,"s:188:6:188:Infinity":58,"s:190:4:190:Infinity":59,"b:192:2:197:Infinity:undefined:undefined:undefined:undefined":20,"s:192:2:197:Infinity":60,"s:193:24:193:47":61,"b:194:4:195:Infinity:undefined:undefined:undefined:undefined":21,"s:194:4:195:Infinity":62,"b:194:8:194:38:194:42:194:59":22,"s:195:6:195:Infinity":63,"s:197:4:197:Infinity":64,"s:200:15:200:Infinity":65,"b:200:22:200:30:200:30:200:32":23,"s:201:6:204:Infinity":66,"b:207:2:208:Infinity:undefined:undefined:undefined:undefined":24,"s:207:2:208:Infinity":67,"s:208:4:208:Infinity":68,"s:211:2:255:Infinity":69,"s:212:19:226:8":70,"s:228:4:249:Infinity":71,"f:229:21:229:25":6,"s:230:8:238:Infinity":72,"b:237:49:237:67:237:67:237:Infinity":25,"b:242:21:242:29:242:29:242:31":26,"s:251:4:251:Infinity":73,"s:252:4:255:Infinity":74,"f:259:22:259:34":7,"s:266:6:266:Infinity":75,"b:269:2:273:Infinity:undefined:undefined:undefined:undefined":27,"s:269:2:273:Infinity":76,"s:270:4:273:Infinity":77,"b:277:2:287:Infinity:undefined:undefined:undefined:undefined":28,"s:277:2:287:Infinity":78,"b:278:4:278:Infinity:279:4:282:Infinity":29,"f:281:7:281:15":8,"s:281:31:281:53":79,"s:284:4:287:Infinity":80,"s:290:2:469:Infinity":81,"s:291:16:291:26":82,"s:292:16:292:33":83,"s:293:18:293:52":84,"s:294:16:294:60":85,"s:297:4:297:Infinity":86,"s:299:10:299:61":87,"s:300:21:300:42":88,"b:301:4:312:Infinity:undefined:undefined:undefined:undefined":30,"s:301:4:312:Infinity":89,"b:302:6:302:18:302:18:302:Infinity:303:6:303:25:303:25:303:Infinity":31,"s:305:25:308:Infinity":90,"s:311:6:311:Infinity":91,"s:312:6:312:Infinity":92,"s:316:22:319:16":93,"s:320:24:323:16":94,"s:325:4:337:Infinity":95,"s:338:4:349:Infinity":96,"s:352:31:355:55":97,"f:354:7:354:15":9,"s:354:32:354:55":98,"f:355:7:355:12":10,"s:355:29:355:54":99,"s:356:21:360:6":100,"s:363:28:364:63":101,"f:364:7:364:14":11,"s:364:22:364:62":102,"f:364:32:364:37":12,"s:364:44:364:62":103,"s:366:18:366:46":104,"f:366:27:366:31":13,"s:366:38:366:46":105,"b:369:4:379:Infinity:undefined:undefined:undefined:undefined":32,"s:369:4:379:Infinity":106,"s:370:6:379:Infinity":107,"f:372:24:372:28":14,"s:372:35:372:43":108,"b:383:4:391:Infinity:undefined:undefined:undefined:undefined":33,"s:383:4:391:Infinity":109,"s:384:29:389:Infinity":110,"f:386:11:386:15":15,"s:386:24:389:13":111,"s:391:6:391:Infinity":112,"f:391:46:391:50":16,"s:391:57:391:65":113,"s:395:38:395:115":114,"b:395:67:395:81:395:81:395:115":34,"b:395:97:395:110:395:113:395:115":35,"s:396:28:400:6":115,"b:403:4:413:Infinity:undefined:undefined:undefined:undefined":36,"s:403:4:413:Infinity":116,"s:404:6:413:Infinity":117,"f:406:31:406:35":17,"s:406:42:406:50":118,"s:417:35:418:70":119,"f:418:7:418:14":18,"s:418:22:418:69":120,"f:418:39:418:44":19,"s:418:51:418:69":121,"s:420:24:420:59":122,"f:420:40:420:44":20,"s:420:51:420:59":123,"b:423:4:431:Infinity:undefined:undefined:undefined:undefined":37,"s:423:4:431:Infinity":124,"s:424:29:429:Infinity":125,"f:426:11:426:15":21,"s:426:24:429:13":126,"s:431:6:431:Infinity":127,"f:431:58:431:62":22,"s:431:69:431:77":128,"s:435:21:454:Infinity":129,"b:450:17:450:35:450:35:450:41":38,"b:450:41:450:60:450:60:450:Infinity":39,"s:455:18:455:37":130,"s:458:4:458:Infinity":131,"s:460:4:463:Infinity":132,"s:465:4:465:Infinity":133,"s:466:4:469:Infinity":134,"f:473:22:473:31":23,"s:474:17:474:Infinity":135,"b:475:2:479:Infinity:undefined:undefined:undefined:undefined":40,"s:475:2:479:Infinity":136,"s:476:4:479:Infinity":137,"s:481:2:503:Infinity":138,"s:482:18:482:42":139,"b:483:4:487:Infinity:undefined:undefined:undefined:undefined":41,"s:483:4:487:Infinity":140,"s:484:6:487:Infinity":141,"s:489:17:489:Infinity":142,"s:490:4:490:Infinity":143,"s:491:21:491:73":144,"s:492:19:492:68":145,"f:492:29:492:34":24,"s:492:39:492:68":146,"b:493:4:494:Infinity:undefined:undefined:undefined:undefined":42,"s:493:4:494:Infinity":147,"b:493:8:493:27:493:27:493:35":43,"s:494:6:494:Infinity":148,"s:496:21:496:46":149,"s:497:4:497:Infinity":150,"s:499:4:499:Infinity":151,"s:500:4:503:Infinity":152,"f:507:22:507:35":25,"s:508:17:508:Infinity":153,"b:509:2:513:Infinity:undefined:undefined:undefined:undefined":44,"s:509:2:513:Infinity":154,"s:510:4:513:Infinity":155,"s:515:2:552:Infinity":156,"s:516:18:530:8":157,"b:532:4:536:Infinity:undefined:undefined:undefined:undefined":45,"s:532:4:536:Infinity":158,"s:533:6:536:Infinity":159,"s:539:4:546:Infinity":160,"s:548:4:548:Infinity":161,"s:549:4:552:Infinity":162,"f:556:22:556:34":26,"s:557:17:557:Infinity":163,"b:558:2:562:Infinity:undefined:undefined:undefined:undefined":46,"s:558:2:562:Infinity":164,"s:559:4:562:Infinity":165,"s:565:2:605:Infinity":166,"b:566:4:599:Infinity:593:11:599:Infinity":47,"s:566:4:599:Infinity":167,"s:567:20:567:44":168,"b:568:6:572:Infinity:undefined:undefined:undefined:undefined":48,"s:568:6:572:Infinity":169,"s:569:8:572:Infinity":170,"s:575:6:579:Infinity":171,"s:581:6:585:Infinity":172,"b:586:6:591:Infinity:undefined:undefined:undefined:undefined":49,"s:586:6:591:Infinity":173,"s:587:8:587:Infinity":174,"s:588:8:588:Infinity":175,"s:589:8:589:Infinity":176,"s:591:8:591:Infinity":177,"s:594:20:599:8":178,"s:602:4:605:Infinity":179,"s:608:2:611:Infinity":180,"f:614:22:614:34":27,"s:615:17:615:Infinity":181,"s:616:18:616:20":182,"s:618:24:624:6":183,"b:626:2:630:Infinity:undefined:undefined:undefined:undefined":50,"s:626:2:630:Infinity":184,"s:627:4:630:Infinity":185,"b:633:2:634:Infinity:undefined:undefined:undefined:undefined":51,"s:633:2:634:Infinity":186,"s:634:4:634:Infinity":187,"b:637:2:638:Infinity:undefined:undefined:undefined:undefined":52,"s:637:2:638:Infinity":188,"s:638:4:638:Infinity":189,"b:641:2:713:Infinity:undefined:undefined:undefined:undefined":53,"s:641:2:713:Infinity":190,"b:642:4:646:Infinity:undefined:undefined:undefined:undefined":54,"s:642:4:646:Infinity":191,"s:643:6:646:Infinity":192,"s:648:4:713:Infinity":193,"s:649:33:652:57":194,"f:651:9:651:17":28,"s:651:34:651:57":195,"f:652:9:652:14":29,"s:652:31:652:56":196,"s:653:23:657:8":197,"s:658:20:658:48":198,"f:658:29:658:33":30,"s:658:40:658:48":199,"s:659:30:661:Infinity":200,"f:660:9:660:16":31,"s:660:24:661:43":201,"f:661:11:661:16":32,"s:661:21:661:42":202,"s:663:34:665:Infinity":203,"f:664:9:664:16":33,"s:664:23:665:43":204,"f:665:11:665:16":34,"s:665:21:665:42":205,"s:667:30:668:73":206,"f:668:9:668:16":35,"s:668:23:668:72":207,"f:668:40:668:45":36,"s:668:50:668:71":208,"s:669:30:670:65":209,"f:670:9:670:16":37,"s:670:24:670:64":210,"f:670:34:670:39":38,"s:670:46:670:64":211,"b:672:6:682:Infinity:undefined:undefined:undefined:undefined":55,"s:672:6:682:Infinity":212,"s:673:8:682:Infinity":213,"f:675:33:675:37":39,"s:675:44:675:52":214,"b:684:6:694:Infinity:undefined:undefined:undefined:undefined":56,"s:684:6:694:Infinity":215,"s:685:8:694:Infinity":216,"f:687:36:687:40":40,"s:687:47:687:55":217,"b:696:6:704:Infinity:undefined:undefined:undefined:undefined":57,"s:696:6:704:Infinity":218,"s:697:31:702:Infinity":219,"f:699:13:699:17":41,"s:699:26:702:15":220,"s:704:8:704:Infinity":221,"f:704:48:704:52":42,"s:704:59:704:67":222,"s:707:6:707:Infinity":223,"s:709:6:709:Infinity":224,"s:710:6:713:Infinity":225,"b:716:2:780:Infinity:undefined:undefined:undefined:undefined":58,"s:716:2:780:Infinity":226,"s:717:4:780:Infinity":227,"s:718:40:719:57":228,"b:718:78:718:101:718:101:719:57":59,"f:719:9:719:17":43,"s:719:34:719:57":229,"s:720:30:724:8":230,"s:725:27:725:62":231,"f:725:43:725:47":44,"s:725:54:725:62":232,"s:726:37:727:72":233,"f:727:9:727:16":45,"s:727:24:727:71":234,"f:727:41:727:46":46,"s:727:53:727:71":235,"s:728:41:730:Infinity":236,"f:729:9:729:16":47,"s:729:23:730:43":237,"f:730:11:730:16":48,"s:730:21:730:42":238,"s:732:37:734:Infinity":239,"f:733:9:733:16":49,"s:733:23:734:43":240,"f:734:11:734:16":50,"s:734:21:734:42":241,"b:737:6:747:Infinity:undefined:undefined:undefined:undefined":60,"s:737:6:747:Infinity":242,"s:738:8:747:Infinity":243,"f:741:15:741:19":51,"s:741:26:741:34":244,"b:750:6:759:Infinity:undefined:undefined:undefined:undefined":61,"s:750:6:759:Infinity":245,"s:751:31:756:Infinity":246,"f:753:13:753:17":52,"s:753:26:756:15":247,"s:758:8:759:Infinity":248,"f:759:33:759:37":53,"s:759:44:759:52":249,"b:761:6:771:Infinity:undefined:undefined:undefined:undefined":62,"s:761:6:771:Infinity":250,"s:762:8:771:Infinity":251,"f:765:15:765:19":54,"s:765:26:765:34":252,"s:774:6:774:Infinity":253,"s:776:6:776:Infinity":254,"s:777:6:780:Infinity":255,"b:784:2:785:Infinity:undefined:undefined:undefined:undefined":63,"s:784:2:785:Infinity":256,"s:785:4:785:Infinity":257,"s:787:2:806:Infinity":258,"s:788:18:788:57":259,"b:790:4:794:Infinity:undefined:undefined:undefined:undefined":64,"s:790:4:794:Infinity":260,"s:791:6:794:Infinity":261,"s:797:4:800:Infinity":262,"s:802:4:802:Infinity":263,"s:803:4:806:Infinity":264,"f:810:22:810:40":55,"s:811:24:811:Infinity":265,"s:812:27:812:Infinity":266,"s:813:30:813:Infinity":267,"s:814:34:814:Infinity":268,"s:815:37:815:Infinity":269,"s:817:22:817:24":270,"s:818:28:818:30":271,"s:819:35:819:37":272,"s:820:2:843:Infinity":273,"s:821:4:825:Infinity":274,"s:826:4:826:Infinity":275,"f:826:20:826:24":56,"s:826:33:826:47":276,"s:827:4:831:Infinity":277,"f:829:45:829:49":57,"s:829:56:829:65":278,"s:832:4:832:Infinity":279,"f:832:32:832:36":58,"s:832:43:832:55":280,"s:833:4:837:Infinity":281,"f:835:59:835:63":59,"s:835:70:835:79":282,"s:838:4:838:Infinity":283,"f:838:46:838:50":60,"s:838:57:838:69":284,"s:840:4:843:Infinity":285,"b:846:2:850:Infinity:undefined:undefined:undefined:undefined":65,"s:846:2:850:Infinity":286,"s:847:4:850:Infinity":287,"s:853:16:854:64":288,"f:854:5:854:12":61,"s:854:19:854:63":289,"f:854:33:854:38":62,"s:854:43:854:63":290,"s:855:23:856:71":291,"f:856:5:856:12":63,"s:856:19:856:70":292,"f:856:40:856:45":64,"s:856:50:856:70":293,"b:858:2:872:Infinity:undefined:undefined:undefined:undefined":66,"s:858:2:872:Infinity":294,"s:859:4:872:Infinity":295,"s:860:29:865:Infinity":296,"f:862:11:862:15":65,"s:862:23:865:13":297,"s:867:6:867:Infinity":298,"f:867:31:867:35":66,"s:867:42:867:54":299,"s:869:6:872:Infinity":300,"b:876:2:890:Infinity:undefined:undefined:undefined:undefined":67,"s:876:2:890:Infinity":301,"s:877:4:890:Infinity":302,"s:878:29:883:Infinity":303,"f:880:11:880:15":67,"s:880:23:883:13":304,"s:885:6:885:Infinity":305,"f:885:38:885:42":68,"s:885:49:885:61":306,"s:887:6:890:Infinity":307,"s:894:26:899:7":308,"f:895:5:895:12":69,"s:895:19:895:64":309,"f:895:34:895:39":70,"s:895:44:895:64":310,"f:896:5:896:9":71,"s:896:17:899:7":311,"s:900:33:905:7":312,"f:901:5:901:12":72,"s:901:19:901:71":313,"f:901:41:901:46":73,"s:901:51:901:71":314,"f:902:5:902:9":74,"s:902:17:905:7":315,"s:906:23:913:5":316,"f:908:7:908:14":75,"s:908:21:908:68":317,"f:908:38:908:43":76,"s:908:48:908:68":318,"f:910:4:910:8":77,"s:910:16:913:5":319,"s:914:30:921:5":320,"f:916:7:916:14":78,"s:916:21:916:75":321,"f:916:45:916:50":79,"s:916:55:916:75":322,"f:918:4:918:8":80,"s:918:16:921:5":323,"s:923:2:976:Infinity":324,"s:923:15:923:18":325,"s:924:18:924:Infinity":326,"s:925:25:925:40":327,"s:926:32:926:54":328,"s:928:20:928:22":329,"b:929:4:937:Infinity:undefined:undefined:undefined:undefined":68,"s:929:4:937:Infinity":330,"b:929:8:929:35:929:35:929:63":69,"s:930:22:931:71":331,"f:931:9:931:16":81,"s:931:23:931:70":332,"f:931:35:931:41":82,"s:931:52:931:69":333,"s:933:6:937:Infinity":334,"f:935:11:935:19":83,"s:935:34:935:81":335,"f:935:51:935:56":84,"s:935:61:935:80":336,"f:936:19:936:23":85,"s:936:30:936:38":337,"b:939:4:947:Infinity:undefined:undefined:undefined:undefined":70,"s:939:4:947:Infinity":338,"b:939:8:939:42:939:42:939:77":71,"s:940:29:941:78":339,"f:941:9:941:16":86,"s:941:23:941:77":340,"f:941:42:941:48":87,"s:941:59:941:76":341,"s:943:6:947:Infinity":342,"f:945:11:945:19":88,"s:945:34:945:88":343,"f:945:58:945:63":89,"s:945:68:945:87":344,"f:946:26:946:30":90,"s:946:37:946:45":345,"s:950:4:954:Infinity":346,"f:950:17:950:25":91,"b:951:6:952:Infinity:undefined:undefined:undefined:undefined":72,"s:951:6:952:Infinity":347,"f:951:24:951:29":92,"s:951:34:951:51":348,"s:952:8:952:Infinity":349,"s:955:4:959:Infinity":350,"f:955:24:955:32":93,"b:956:6:957:Infinity:undefined:undefined:undefined:undefined":73,"s:956:6:957:Infinity":351,"f:956:31:956:36":94,"s:956:41:956:58":352,"s:957:8:957:Infinity":353,"s:960:4:964:Infinity":354,"f:960:20:960:28":95,"b:961:6:962:Infinity:undefined:undefined:undefined:undefined":74,"s:961:6:962:Infinity":355,"f:961:23:961:28":96,"s:961:33:961:50":356,"s:962:8:962:Infinity":357,"s:965:4:969:Infinity":358,"f:965:27:965:35":97,"b:966:6:967:Infinity:undefined:undefined:undefined:undefined":75,"s:966:6:967:Infinity":359,"f:966:30:966:35":98,"s:966:40:966:57":360,"s:967:8:967:Infinity":361,"s:971:12:971:Infinity":362,"s:973:4:976:Infinity":363,"s:974:6:974:Infinity":364,"s:976:6:976:Infinity":365,"s:980:18:980:55":366,"s:981:25:981:76":367,"s:983:2:995:Infinity":368,"f:985:7:985:14":99,"s:985:21:985:48":369,"f:986:11:986:17":100,"s:987:8:992:Infinity":370,"s:988:10:990:Infinity":371,"s:992:10:992:Infinity":372,"s:997:2:1009:Infinity":373,"f:999:7:999:14":101,"s:999:21:999:48":374,"f:1000:11:1000:17":102,"s:1001:8:1006:Infinity":375,"s:1002:10:1004:Infinity":376,"s:1006:10:1006:Infinity":377,"s:1011:2:1014:Infinity":378}}}
,"C:\\apps\\new-hydra\\image\\src\\controllers\\helpers\\escape-regex.ts": {"path":"C:\\apps\\new-hydra\\image\\src\\controllers\\helpers\\escape-regex.ts","statementMap":{"0":{"start":{"line":2,"column":2},"end":{"line":2,"column":null}}},"fnMap":{"0":{"name":"escapeRegex","decl":{"start":{"line":1,"column":16},"end":{"line":1,"column":28}},"loc":{"start":{"line":1,"column":49},"end":{"line":2,"column":null}},"line":1}},"branchMap":{},"s":{"0":0},"f":{"0":0},"b":{},"meta":{"lastBranch":0,"lastFunction":1,"lastStatement":1,"seen":{"f:1:16:1:28":0,"s:2:2:2:Infinity":0}}}
,"C:\\apps\\new-hydra\\image\\src\\controllers\\helpers\\parse-sort-query.ts": {"path":"C:\\apps\\new-hydra\\image\\src\\controllers\\helpers\\parse-sort-query.ts","statementMap":{"0":{"start":{"line":6,"column":13},"end":{"line":59,"column":null}},"1":{"start":{"line":11,"column":25},"end":{"line":11,"column":27}},"2":{"start":{"line":12,"column":32},"end":{"line":12,"column":34}},"3":{"start":{"line":14,"column":2},"end":{"line":23,"column":null}},"4":{"start":{"line":18,"column":4},"end":{"line":18,"column":null}},"5":{"start":{"line":20,"column":4},"end":{"line":23,"column":null}},"6":{"start":{"line":23,"column":4},"end":{"line":23,"column":null}},"7":{"start":{"line":26,"column":2},"end":{"line":36,"column":null}},"8":{"start":{"line":30,"column":4},"end":{"line":30,"column":null}},"9":{"start":{"line":32,"column":4},"end":{"line":36,"column":null}},"10":{"start":{"line":35,"column":4},"end":{"line":36,"column":null}},"11":{"start":{"line":36,"column":16},"end":{"line":36,"column":25}},"12":{"start":{"line":39,"column":30},"end":{"line":40,"column":null}},"13":{"start":{"line":43,"column":2},"end":{"line":56,"column":null}},"14":{"start":{"line":44,"column":4},"end":{"line":44,"column":null}},"15":{"start":{"line":45,"column":4},"end":{"line":56,"column":null}},"16":{"start":{"line":46,"column":26},"end":{"line":47,"column":39}},"17":{"start":{"line":47,"column":22},"end":{"line":47,"column":39}},"18":{"start":{"line":48,"column":16},"end":{"line":48,"column":null}},"19":{"start":{"line":49,"column":6},"end":{"line":52,"column":null}},"20":{"start":{"line":50,"column":8},"end":{"line":50,"column":null}},"21":{"start":{"line":51,"column":17},"end":{"line":52,"column":null}},"22":{"start":{"line":52,"column":8},"end":{"line":52,"column":null}},"23":{"start":{"line":55,"column":6},"end":{"line":55,"column":null}},"24":{"start":{"line":59,"column":2},"end":{"line":59,"column":null}}},"fnMap":{"0":{"name":"(anonymous_0)","decl":{"start":{"line":6,"column":13},"end":{"line":6,"column":null}},"loc":{"start":{"line":10,"column":5},"end":{"line":59,"column":null}},"line":10},"1":{"name":"(anonymous_1)","decl":{"start":{"line":36,"column":7},"end":{"line":36,"column":11}},"loc":{"start":{"line":36,"column":16},"end":{"line":36,"column":25}},"line":36},"2":{"name":"(anonymous_2)","decl":{"start":{"line":45,"column":11},"end":{"line":45,"column":20}},"loc":{"start":{"line":45,"column":41},"end":{"line":56,"column":null}},"line":45},"3":{"name":"(anonymous_3)","decl":{"start":{"line":47,"column":9},"end":{"line":47,"column":14}},"loc":{"start":{"line":47,"column":22},"end":{"line":47,"column":39}},"line":47}},"branchMap":{"0":{"loc":{"start":{"line":14,"column":2},"end":{"line":23,"column":null}},"type":"if","locations":[{"start":{"line":14,"column":2},"end":{"line":23,"column":null}},{"start":{"line":20,"column":4},"end":{"line":23,"column":null}}],"line":14},"1":{"loc":{"start":{"line":15,"column":4},"end":{"line":16,"column":32}},"type":"binary-expr","locations":[{"start":{"line":15,"column":4},"end":{"line":15,"column":null}},{"start":{"line":16,"column":4},"end":{"line":16,"column":32}}],"line":15},"2":{"loc":{"start":{"line":20,"column":4},"end":{"line":23,"column":null}},"type":"if","locations":[{"start":{"line":20,"column":4},"end":{"line":23,"column":null}},{"start":{},"end":{}}],"line":20},"3":{"loc":{"start":{"line":20,"column":4},"end":{"line":21,"column":31}},"type":"binary-expr","locations":[{"start":{"line":20,"column":4},"end":{"line":20,"column":null}},{"start":{"line":21,"column":4},"end":{"line":21,"column":31}}],"line":20},"4":{"loc":{"start":{"line":26,"column":2},"end":{"line":36,"column":null}},"type":"if","locations":[{"start":{"line":26,"column":2},"end":{"line":36,"column":null}},{"start":{"line":32,"column":4},"end":{"line":36,"column":null}}],"line":26},"5":{"loc":{"start":{"line":27,"column":4},"end":{"line":28,"column":39}},"type":"binary-expr","locations":[{"start":{"line":27,"column":4},"end":{"line":27,"column":null}},{"start":{"line":28,"column":4},"end":{"line":28,"column":39}}],"line":27},"6":{"loc":{"start":{"line":32,"column":4},"end":{"line":36,"column":null}},"type":"if","locations":[{"start":{"line":32,"column":4},"end":{"line":36,"column":null}},{"start":{},"end":{}}],"line":32},"7":{"loc":{"start":{"line":32,"column":4},"end":{"line":33,"column":38}},"type":"binary-expr","locations":[{"start":{"line":32,"column":4},"end":{"line":32,"column":null}},{"start":{"line":33,"column":4},"end":{"line":33,"column":38}}],"line":32},"8":{"loc":{"start":{"line":43,"column":2},"end":{"line":56,"column":null}},"type":"if","locations":[{"start":{"line":43,"column":2},"end":{"line":56,"column":null}},{"start":{},"end":{}}],"line":43},"9":{"loc":{"start":{"line":49,"column":6},"end":{"line":52,"column":null}},"type":"if","locations":[{"start":{"line":49,"column":6},"end":{"line":52,"column":null}},{"start":{"line":51,"column":17},"end":{"line":52,"column":null}}],"line":49},"10":{"loc":{"start":{"line":49,"column":10},"end":{"line":49,"column":64}},"type":"binary-expr","locations":[{"start":{"line":49,"column":10},"end":{"line":49,"column":34}},{"start":{"line":49,"column":34},"end":{"line":49,"column":64}}],"line":49},"11":{"loc":{"start":{"line":51,"column":17},"end":{"line":52,"column":null}},"type":"if","locations":[{"start":{"line":51,"column":17},"end":{"line":52,"column":null}},{"start":{},"end":{}}],"line":51}},"s":{"0":2,"1":0,"2":0,"3":0,"4":0,"5":0,"6":0,"7":0,"8":0,"9":0,"10":0,"11":0,"12":0,"13":0,"14":0,"15":0,"16":0,"17":0,"18":0,"19":0,"20":0,"21":0,"22":0,"23":0,"24":0},"f":{"0":0,"1":0,"2":0,"3":0},"b":{"0":[0,0],"1":[0,0],"2":[0,0],"3":[0,0],"4":[0,0],"5":[0,0],"6":[0,0],"7":[0,0],"8":[0,0],"9":[0,0],"10":[0,0],"11":[0,0]},"meta":{"lastBranch":12,"lastFunction":4,"lastStatement":25,"seen":{"s:6:13:59:Infinity":0,"f:6:13:6:Infinity":0,"s:11:25:11:27":1,"s:12:32:12:34":2,"b:14:2:23:Infinity:20:4:23:Infinity":0,"s:14:2:23:Infinity":3,"b:15:4:15:Infinity:16:4:16:32":1,"s:18:4:18:Infinity":4,"b:20:4:23:Infinity:undefined:undefined:undefined:undefined":2,"s:20:4:23:Infinity":5,"b:20:4:20:Infinity:21:4:21:31":3,"s:23:4:23:Infinity":6,"b:26:2:36:Infinity:32:4:36:Infinity":4,"s:26:2:36:Infinity":7,"b:27:4:27:Infinity:28:4:28:39":5,"s:30:4:30:Infinity":8,"b:32:4:36:Infinity:undefined:undefined:undefined:undefined":6,"s:32:4:36:Infinity":9,"b:32:4:32:Infinity:33:4:33:38":7,"s:35:4:36:Infinity":10,"f:36:7:36:11":1,"s:36:16:36:25":11,"s:39:30:40:Infinity":12,"b:43:2:56:Infinity:undefined:undefined:undefined:undefined":8,"s:43:2:56:Infinity":13,"s:44:4:44:Infinity":14,"s:45:4:56:Infinity":15,"f:45:11:45:20":2,"s:46:26:47:39":16,"f:47:9:47:14":3,"s:47:22:47:39":17,"s:48:16:48:Infinity":18,"b:49:6:52:Infinity:51:17:52:Infinity":9,"s:49:6:52:Infinity":19,"b:49:10:49:34:49:34:49:64":10,"s:50:8:50:Infinity":20,"b:51:17:52:Infinity:undefined:undefined:undefined:undefined":11,"s:51:17:52:Infinity":21,"s:52:8:52:Infinity":22,"s:55:6:55:Infinity":23,"s:59:2:59:Infinity":24}}}
,"C:\\apps\\new-hydra\\image\\src\\db\\models\\Collection.ts": {"path":"C:\\apps\\new-hydra\\image\\src\\db\\models\\Collection.ts","statementMap":{"0":{"start":{"line":13,"column":32},"end":{"line":22,"column":2}}},"fnMap":{},"branchMap":{},"s":{"0":2},"f":{},"b":{},"meta":{"lastBranch":0,"lastFunction":0,"lastStatement":1,"seen":{"s:13:32:22:2":0}}}
,"C:\\apps\\new-hydra\\image\\src\\db\\models\\Photo.ts": {"path":"C:\\apps\\new-hydra\\image\\src\\db\\models\\Photo.ts","statementMap":{"0":{"start":{"line":30,"column":27},"end":{"line":62,"column":2}}},"fnMap":{},"branchMap":{},"s":{"0":2},"f":{},"b":{},"meta":{"lastBranch":0,"lastFunction":0,"lastStatement":1,"seen":{"s:30:27:62:2":0}}}
,"C:\\apps\\new-hydra\\image\\src\\db\\models\\Tag.ts": {"path":"C:\\apps\\new-hydra\\image\\src\\db\\models\\Tag.ts","statementMap":{"0":{"start":{"line":13,"column":25},"end":{"line":23,"column":2}}},"fnMap":{},"branchMap":{},"s":{"0":2},"f":{},"b":{},"meta":{"lastBranch":0,"lastFunction":0,"lastStatement":1,"seen":{"s:13:25:23:2":0}}}
}
